<?xml version="1.0" encoding="UTF-8"?>
<testsuite xmlns:xsi="http://www.w3.org/2001/XMLSchema-instance" xsi:noNamespaceSchemaLocation="https://maven.apache.org/surefire/maven-surefire-plugin/xsd/surefire-test-report-3.0.xsd" version="3.0" name="kr.ac.hansung.cse.ProductRepositoryTest" time="0.628" tests="1" errors="1" skipped="0" failures="0">
  <properties>
[...]
</properties>
  <testcase name="testFindByNameContaining" classname="kr.ac.hansung.cse.ProductRepositoryTest" time="0.004">
    <error message="Failed to load ApplicationContext for [MergedContextConfiguration@6a3fbcb1 testClass = kr.ac.hansung.cse.ProductRepositoryTest, locations = [], classes = [kr.ac.hansung.cse.config.DbConfig], contextInitializerClasses = [], activeProfiles = [], propertySourceDescriptors = [], propertySourceProperties = [], contextCustomizers = [org.springframework.test.context.support.DynamicPropertiesContextCustomizer@0], contextLoader = org.springframework.test.context.support.DelegatingSmartContextLoader, parent = null]" type="java.lang.IllegalStateException"><![CDATA[java.lang.IllegalStateException: Failed to load ApplicationContext for [MergedContextConfiguration@6a3fbcb1 testClass = kr.ac.hansung.cse.ProductRepositoryTest, locations = [], classes = [kr.ac.hansung.cse.config.DbConfig], contextInitializerClasses = [], activeProfiles = [], propertySourceDescriptors = [], propertySourceProperties = [], contextCustomizers = [org.springframework.test.context.support.DynamicPropertiesContextCustomizer@0], contextLoader = org.springframework.test.context.support.DelegatingSmartContextLoader, parent = null]
	at org.springframework.test.context.cache.DefaultCacheAwareContextLoaderDelegate.lambda$loadContext$0(DefaultCacheAwareContextLoaderDelegate.java:195)
	at org.springframework.test.context.cache.DefaultContextCache.put(DefaultContextCache.java:172)
	at org.springframework.test.context.cache.DefaultCacheAwareContextLoaderDelegate.loadContext(DefaultCacheAwareContextLoaderDelegate.java:160)
	at org.springframework.test.context.support.DefaultTestContext.getApplicationContext(DefaultTestContext.java:128)
	at org.springframework.test.context.support.DependencyInjectionTestExecutionListener.injectDependencies(DependencyInjectionTestExecutionListener.java:155)
	at org.springframework.test.context.support.DependencyInjectionTestExecutionListener.prepareTestInstance(DependencyInjectionTestExecutionListener.java:111)
	at org.springframework.test.context.TestContextManager.prepareTestInstance(TestContextManager.java:260)
	at org.springframework.test.context.junit.jupiter.SpringExtension.postProcessTestInstance(SpringExtension.java:203)
	at java.base/java.util.stream.ForEachOps$ForEachOp$OfRef.accept(ForEachOps.java:186)
	at java.base/java.util.stream.ReferencePipeline$3$1.accept(ReferencePipeline.java:214)
	at java.base/java.util.stream.ReferencePipeline$2$1.accept(ReferencePipeline.java:197)
	at java.base/java.util.stream.ReferencePipeline$3$1.accept(ReferencePipeline.java:214)
	at java.base/java.util.ArrayList$ArrayListSpliterator.forEachRemaining(ArrayList.java:1716)
	at java.base/java.util.stream.AbstractPipeline.copyInto(AbstractPipeline.java:570)
	at java.base/java.util.stream.AbstractPipeline.wrapAndCopyInto(AbstractPipeline.java:560)
	at java.base/java.util.stream.ForEachOps$ForEachOp.evaluateSequential(ForEachOps.java:153)
	at java.base/java.util.stream.ForEachOps$ForEachOp$OfRef.evaluateSequential(ForEachOps.java:176)
	at java.base/java.util.stream.AbstractPipeline.evaluate(AbstractPipeline.java:265)
	at java.base/java.util.stream.ReferencePipeline.forEach(ReferencePipeline.java:632)
	at java.base/java.util.Optional.orElseGet(Optional.java:364)
	at java.base/java.util.ArrayList.forEach(ArrayList.java:1604)
	at java.base/java.util.ArrayList.forEach(ArrayList.java:1604)
Caused by: org.springframework.beans.factory.BeanCreationException: Error creating bean with name 'entityManagerFactory' defined in kr.ac.hansung.cse.config.DbConfig: Unable to create requested service [org.hibernate.engine.jdbc.env.spi.JdbcEnvironment] due to: Unable to determine Dialect without JDBC metadata (please set 'jakarta.persistence.jdbc.url' for common cases or 'hibernate.dialect' when a custom Dialect implementation must be provided)
	at org.springframework.beans.factory.support.AbstractAutowireCapableBeanFactory.initializeBean(AbstractAutowireCapableBeanFactory.java:1817)
	at org.springframework.beans.factory.support.AbstractAutowireCapableBeanFactory.doCreateBean(AbstractAutowireCapableBeanFactory.java:603)
	at org.springframework.beans.factory.support.AbstractAutowireCapableBeanFactory.createBean(AbstractAutowireCapableBeanFactory.java:525)
	at org.springframework.beans.factory.support.AbstractBeanFactory.lambda$doGetBean$0(AbstractBeanFactory.java:333)
	at org.springframework.beans.factory.support.DefaultSingletonBeanRegistry.getSingleton(DefaultSingletonBeanRegistry.java:371)
	at org.springframework.beans.factory.support.AbstractBeanFactory.doGetBean(AbstractBeanFactory.java:331)
	at org.springframework.beans.factory.support.AbstractBeanFactory.getBean(AbstractBeanFactory.java:201)
	at org.springframework.context.support.AbstractApplicationContext.finishBeanFactoryInitialization(AbstractApplicationContext.java:966)
	at org.springframework.context.support.AbstractApplicationContext.refresh(AbstractApplicationContext.java:620)
	at org.springframework.test.context.support.AbstractGenericContextLoader.loadContext(AbstractGenericContextLoader.java:253)
	at org.springframework.test.context.support.AbstractGenericContextLoader.loadContext(AbstractGenericContextLoader.java:111)
	at org.springframework.test.context.support.AbstractDelegatingSmartContextLoader.loadContext(AbstractDelegatingSmartContextLoader.java:213)
	at org.springframework.test.context.cache.DefaultCacheAwareContextLoaderDelegate.loadContextInternal(DefaultCacheAwareContextLoaderDelegate.java:247)
	at org.springframework.test.context.cache.DefaultCacheAwareContextLoaderDelegate.lambda$loadContext$0(DefaultCacheAwareContextLoaderDelegate.java:167)
	... 21 more
Caused by: org.hibernate.service.spi.ServiceException: Unable to create requested service [org.hibernate.engine.jdbc.env.spi.JdbcEnvironment] due to: Unable to determine Dialect without JDBC metadata (please set 'jakarta.persistence.jdbc.url' for common cases or 'hibernate.dialect' when a custom Dialect implementation must be provided)
	at org.hibernate.service.internal.AbstractServiceRegistryImpl.createService(AbstractServiceRegistryImpl.java:275)
	at org.hibernate.service.internal.AbstractServiceRegistryImpl.initializeService(AbstractServiceRegistryImpl.java:237)
	at org.hibernate.service.internal.AbstractServiceRegistryImpl.getService(AbstractServiceRegistryImpl.java:214)
	at org.hibernate.boot.model.relational.Database.<init>(Database.java:43)
	at org.hibernate.boot.internal.InFlightMetadataCollectorImpl.getDatabase(InFlightMetadataCollectorImpl.java:254)
	at org.hibernate.boot.internal.InFlightMetadataCollectorImpl.<init>(InFlightMetadataCollectorImpl.java:210)
	at org.hibernate.boot.model.process.spi.MetadataBuildingProcess.complete(MetadataBuildingProcess.java:185)
	at org.hibernate.jpa.boot.internal.EntityManagerFactoryBuilderImpl.metadata(EntityManagerFactoryBuilderImpl.java:1412)
	at org.hibernate.jpa.boot.internal.EntityManagerFactoryBuilderImpl.populateSessionFactoryBuilder(EntityManagerFactoryBuilderImpl.java:1493)
	at org.hibernate.jpa.boot.internal.EntityManagerFactoryBuilderImpl.build(EntityManagerFactoryBuilderImpl.java:1475)
	at org.springframework.orm.jpa.vendor.SpringHibernateJpaPersistenceProvider.createContainerEntityManagerFactory(SpringHibernateJpaPersistenceProvider.java:66)
	at org.springframework.orm.jpa.LocalContainerEntityManagerFactoryBean.createNativeEntityManagerFactory(LocalContainerEntityManagerFactoryBean.java:433)
	at org.springframework.orm.jpa.AbstractEntityManagerFactoryBean.buildNativeEntityManagerFactory(AbstractEntityManagerFactoryBean.java:416)
	at org.springframework.orm.jpa.AbstractEntityManagerFactoryBean.afterPropertiesSet(AbstractEntityManagerFactoryBean.java:396)
	at org.springframework.orm.jpa.LocalContainerEntityManagerFactoryBean.afterPropertiesSet(LocalContainerEntityManagerFactoryBean.java:409)
	at org.springframework.beans.factory.support.AbstractAutowireCapableBeanFactory.invokeInitMethods(AbstractAutowireCapableBeanFactory.java:1864)
	at org.springframework.beans.factory.support.AbstractAutowireCapableBeanFactory.initializeBean(AbstractAutowireCapableBeanFactory.java:1813)
	... 34 more
Caused by: org.hibernate.HibernateException: Unable to determine Dialect without JDBC metadata (please set 'jakarta.persistence.jdbc.url' for common cases or 'hibernate.dialect' when a custom Dialect implementation must be provided)
	at org.hibernate.engine.jdbc.dialect.internal.DialectFactoryImpl.determineDialect(DialectFactoryImpl.java:190)
	at org.hibernate.engine.jdbc.dialect.internal.DialectFactoryImpl.buildDialect(DialectFactoryImpl.java:86)
	at org.hibernate.engine.jdbc.env.internal.JdbcEnvironmentInitiator.getJdbcEnvironmentWithDefaults(JdbcEnvironmentInitiator.java:205)
	at org.hibernate.engine.jdbc.env.internal.JdbcEnvironmentInitiator.getJdbcEnvironmentUsingJdbcMetadata(JdbcEnvironmentInitiator.java:427)
	at org.hibernate.engine.jdbc.env.internal.JdbcEnvironmentInitiator.getJdbcEnvironment(JdbcEnvironmentInitiator.java:147)
	at org.hibernate.engine.jdbc.env.internal.JdbcEnvironmentInitiator.initiateService(JdbcEnvironmentInitiator.java:125)
	at org.hibernate.engine.jdbc.env.internal.JdbcEnvironmentInitiator.initiateService(JdbcEnvironmentInitiator.java:80)
	at org.hibernate.boot.registry.internal.StandardServiceRegistryImpl.initiateService(StandardServiceRegistryImpl.java:133)
	at org.hibernate.service.internal.AbstractServiceRegistryImpl.createService(AbstractServiceRegistryImpl.java:262)
	... 50 more
]]></error>
    <system-out><![CDATA[17:50:07.808 [main] DEBUG org.springframework.test.context.support.DefaultTestContextBootstrapper -- Using ContextCustomizerFactory implementations for test class [ProductRepositoryTest]: [BeanOverrideContextCustomizerFactory, MockServerContainerContextCustomizerFactory, DynamicPropertiesContextCustomizerFactory]
17:50:07.813 [main] DEBUG org.springframework.test.context.support.DefaultTestContextBootstrapper -- Using ContextCustomizers for test class [ProductRepositoryTest]: [DynamicPropertiesContextCustomizer]
17:50:07.820 [main] DEBUG org.springframework.test.context.util.TestContextSpringFactoriesUtils -- Skipping candidate TestExecutionListener [org.springframework.test.context.observation.MicrometerObservationRegistryTestExecutionListener] due to a missing dependency. Specify custom TestExecutionListener classes or make the default TestExecutionListener classes and their required dependencies available. Offending class: io.micrometer.context.ThreadLocalAccessor. MicrometerObservationRegistryTestExecutionListener requires io.micrometer:micrometer-observation:1.10.8 or higher and io.micrometer:context-propagation:1.0.3 or higher.
17:50:07.823 [main] DEBUG org.springframework.test.context.support.DefaultTestContextBootstrapper -- Using TestExecutionListeners for test class [ProductRepositoryTest]: [ServletTestExecutionListener, DirtiesContextBeforeModesTestExecutionListener, ApplicationEventsTestExecutionListener, BeanOverrideTestExecutionListener, DependencyInjectionTestExecutionListener, DirtiesContextTestExecutionListener, CommonCachesTestExecutionListener, TransactionalTestExecutionListener, SqlScriptsTestExecutionListener, EventPublishingTestExecutionListener, MockitoResetTestExecutionListener]
17:50:07.824 [main] DEBUG org.springframework.test.context.support.DirtiesContextBeforeModesTestExecutionListener -- Before test class: class [ProductRepositoryTest], class annotated with @DirtiesContext [false] with mode [null]
17:50:07.832 [main] DEBUG org.springframework.test.context.support.DependencyInjectionTestExecutionListener -- Performing dependency injection for test class kr.ac.hansung.cse.ProductRepositoryTest
17:50:07.832 [main] DEBUG org.springframework.test.context.support.AbstractGenericContextLoader -- Loading ApplicationContext for test class kr.ac.hansung.cse.ProductRepositoryTest
17:50:07.852 [main] DEBUG org.springframework.core.env.StandardEnvironment -- Activating profiles []
17:50:07.853 [main] DEBUG org.springframework.test.context.support.AnnotationConfigContextLoader -- Registering component classes: [kr.ac.hansung.cse.config.DbConfig]
17:50:07.867 [main] DEBUG org.springframework.context.support.GenericApplicationContext -- Refreshing org.springframework.context.support.GenericApplicationContext@41813449
17:50:07.872 [main] DEBUG org.springframework.beans.factory.support.DefaultListableBeanFactory -- Creating shared instance of singleton bean 'org.springframework.context.annotation.internalConfigurationAnnotationProcessor'
17:50:07.901 [main] DEBUG org.springframework.context.annotation.ClassPathBeanDefinitionScanner -- Identified candidate component class: file [/Users/user/Documents/웹프레임워크2/Assignment/helloSpringJpa/target/classes/kr/ac/hansung/cse/service/CategoryService.class]
17:50:07.902 [main] DEBUG org.springframework.context.annotation.ClassPathBeanDefinitionScanner -- Identified candidate component class: file [/Users/user/Documents/웹프레임워크2/Assignment/helloSpringJpa/target/classes/kr/ac/hansung/cse/service/ProductService.class]
17:50:07.905 [main] DEBUG org.springframework.context.annotation.ClassPathBeanDefinitionScanner -- Identified candidate component class: file [/Users/user/Documents/웹프레임워크2/Assignment/helloSpringJpa/target/classes/kr/ac/hansung/cse/repository/CategoryRepository.class]
17:50:07.905 [main] DEBUG org.springframework.context.annotation.ClassPathBeanDefinitionScanner -- Identified candidate component class: file [/Users/user/Documents/웹프레임워크2/Assignment/helloSpringJpa/target/classes/kr/ac/hansung/cse/repository/ProductRepository.class]
17:50:07.906 [main] DEBUG org.springframework.context.annotation.ClassPathBeanDefinitionScanner -- Identified candidate component class: file [/Users/user/Documents/웹프레임워크2/Assignment/helloSpringJpa/target/classes/kr/ac/hansung/cse/repository/TagRepository.class]
17:50:07.961 [main] DEBUG org.springframework.beans.factory.support.DefaultListableBeanFactory -- Creating shared instance of singleton bean 'org.springframework.context.event.internalEventListenerProcessor'
17:50:07.961 [main] DEBUG org.springframework.beans.factory.support.DefaultListableBeanFactory -- Creating shared instance of singleton bean 'org.springframework.context.event.internalEventListenerFactory'
17:50:07.962 [main] DEBUG org.springframework.beans.factory.support.DefaultListableBeanFactory -- Creating shared instance of singleton bean 'org.springframework.transaction.config.internalTransactionalEventListenerFactory'
17:50:07.963 [main] DEBUG org.springframework.beans.factory.support.DefaultListableBeanFactory -- Creating shared instance of singleton bean 'org.springframework.context.annotation.internalAutowiredAnnotationProcessor'
17:50:07.964 [main] DEBUG org.springframework.beans.factory.support.DefaultListableBeanFactory -- Creating shared instance of singleton bean 'org.springframework.context.annotation.internalPersistenceAnnotationProcessor'
17:50:07.964 [main] DEBUG org.springframework.beans.factory.support.DefaultListableBeanFactory -- Creating shared instance of singleton bean 'org.springframework.aop.config.internalAutoProxyCreator'
17:50:07.977 [main] DEBUG org.springframework.beans.factory.support.DefaultListableBeanFactory -- Creating shared instance of singleton bean 'org.springframework.test.context.support.internalDynamicPropertyRegistrarBeanInitializer'
17:50:07.978 [main] DEBUG org.springframework.beans.factory.support.DefaultListableBeanFactory -- Creating shared instance of singleton bean 'org.springframework.transaction.config.internalTransactionAdvisor'
17:50:07.978 [main] DEBUG org.springframework.beans.factory.support.DefaultListableBeanFactory -- Creating shared instance of singleton bean 'org.springframework.transaction.annotation.ProxyTransactionManagementConfiguration'
17:50:07.983 [main] DEBUG org.springframework.beans.factory.support.DefaultListableBeanFactory -- Creating shared instance of singleton bean 'transactionAttributeSource'
17:50:07.983 [main] DEBUG org.springframework.beans.factory.support.DefaultListableBeanFactory -- Creating shared instance of singleton bean 'transactionInterceptor'
17:50:07.984 [main] DEBUG org.springframework.beans.factory.support.DefaultListableBeanFactory -- Autowiring by type from bean name 'transactionInterceptor' via factory method to bean named 'transactionAttributeSource'
17:50:07.987 [main] DEBUG org.springframework.beans.factory.support.DefaultListableBeanFactory -- Autowiring by type from bean name 'org.springframework.transaction.config.internalTransactionAdvisor' via factory method to bean named 'transactionAttributeSource'
17:50:07.987 [main] DEBUG org.springframework.beans.factory.support.DefaultListableBeanFactory -- Autowiring by type from bean name 'org.springframework.transaction.config.internalTransactionAdvisor' via factory method to bean named 'transactionInterceptor'
17:50:07.989 [main] DEBUG org.springframework.beans.factory.support.DefaultListableBeanFactory -- Creating shared instance of singleton bean 'entityManagerFactory'
17:50:07.989 [main] DEBUG org.springframework.beans.factory.support.DefaultListableBeanFactory -- Creating shared instance of singleton bean 'dbConfig'
17:50:07.994 [main] DEBUG org.springframework.beans.factory.support.DefaultListableBeanFactory -- Creating shared instance of singleton bean 'dataSource'
17:50:07.998 [main] DEBUG org.springframework.jdbc.datasource.DriverManagerDataSource -- Loaded JDBC driver: com.mysql.cj.jdbc.Driver
17:50:08.012 [main] DEBUG org.jboss.logging -- Logging Provider: org.jboss.logging.Slf4jLoggerProvider
17:50:08.025 [main] DEBUG org.springframework.orm.jpa.LocalContainerEntityManagerFactoryBean -- Building JPA container EntityManagerFactory for persistence unit 'default'
17:50:08.029 [main] DEBUG org.hibernate.jpa.internal.util.LogHelper -- PersistenceUnitInfo [
	name: default
	persistence provider classname: null
	classloader: jdk.internal.loader.ClassLoaders$AppClassLoader@7a8c5397
	excludeUnlistedClasses: true
	JTA datasource: null
	Non JTA datasource: org.springframework.jdbc.datasource.DriverManagerDataSource@512d4583
	Transaction type: RESOURCE_LOCAL
	PU root URL: file:/Users/user/Documents/%E1%84%8B%E1%85%B0%E1%86%B8%E1%84%91%E1%85%B3%E1%84%85%E1%85%A6%E1%84%8B%E1%85%B5%E1%86%B7%E1%84%8B%E1%85%AF%E1%84%8F%E1%85%B32/Assignment/helloSpringJpa/target/test-classes/
	Shared Cache Mode: UNSPECIFIED
	Validation Mode: AUTO
	Jar files URLs []
	Managed classes names [
		kr.ac.hansung.cse.model.Category
		kr.ac.hansung.cse.model.Product
		kr.ac.hansung.cse.model.ProductDetail
		kr.ac.hansung.cse.model.Tag]
	Mapping files names []
	Properties []
17:50:08.032 [main] DEBUG org.hibernate.integrator.internal.IntegratorServiceImpl -- Adding Integrator [org.hibernate.boot.beanvalidation.BeanValidationIntegrator].
17:50:08.034 [main] DEBUG org.hibernate.integrator.internal.IntegratorServiceImpl -- Adding Integrator [org.hibernate.cache.internal.CollectionCacheInvalidator].
17:50:08.057 [main] INFO org.hibernate.Version -- HHH000412: Hibernate ORM core version 7.0.0.Final
17:50:08.057 [main] DEBUG org.hibernate.cfg.Environment -- HHH000206: 'hibernate.properties' not found
17:50:08.069 [main] DEBUG org.hibernate.cache.internal.RegionFactoryInitiator -- Cannot default RegionFactory based on registered strategies as `[]` RegionFactory strategies were registered
17:50:08.069 [main] DEBUG org.hibernate.cache.internal.RegionFactoryInitiator -- HHH000026: Second-level cache disabled
17:50:08.115 [main] DEBUG org.hibernate.type.BasicTypeRegistry -- Adding type registration boolean -> org.hibernate.type.BasicTypeReference@e9dc4d0
17:50:08.115 [main] DEBUG org.hibernate.type.BasicTypeRegistry -- Adding type registration boolean -> org.hibernate.type.BasicTypeReference@e9dc4d0
17:50:08.115 [main] DEBUG org.hibernate.type.BasicTypeRegistry -- Adding type registration java.lang.Boolean -> org.hibernate.type.BasicTypeReference@e9dc4d0
17:50:08.115 [main] DEBUG org.hibernate.type.BasicTypeRegistry -- Adding type registration numeric_boolean -> org.hibernate.type.BasicTypeReference@670d4d38
17:50:08.115 [main] DEBUG org.hibernate.type.BasicTypeRegistry -- Adding type registration org.hibernate.type.NumericBooleanConverter -> org.hibernate.type.BasicTypeReference@670d4d38
17:50:08.115 [main] DEBUG org.hibernate.type.BasicTypeRegistry -- Adding type registration true_false -> org.hibernate.type.BasicTypeReference@131ff6fa
17:50:08.115 [main] DEBUG org.hibernate.type.BasicTypeRegistry -- Adding type registration org.hibernate.type.TrueFalseConverter -> org.hibernate.type.BasicTypeReference@131ff6fa
17:50:08.115 [main] DEBUG org.hibernate.type.BasicTypeRegistry -- Adding type registration yes_no -> org.hibernate.type.BasicTypeReference@43b40233
17:50:08.115 [main] DEBUG org.hibernate.type.BasicTypeRegistry -- Adding type registration org.hibernate.type.YesNoConverter -> org.hibernate.type.BasicTypeReference@43b40233
17:50:08.115 [main] DEBUG org.hibernate.type.BasicTypeRegistry -- Adding type registration byte -> org.hibernate.type.BasicTypeReference@23eff5d1
17:50:08.115 [main] DEBUG org.hibernate.type.BasicTypeRegistry -- Adding type registration byte -> org.hibernate.type.BasicTypeReference@23eff5d1
17:50:08.115 [main] DEBUG org.hibernate.type.BasicTypeRegistry -- Adding type registration java.lang.Byte -> org.hibernate.type.BasicTypeReference@23eff5d1
17:50:08.115 [main] DEBUG org.hibernate.type.BasicTypeRegistry -- Adding type registration binary -> org.hibernate.type.BasicTypeReference@2e060819
17:50:08.115 [main] DEBUG org.hibernate.type.BasicTypeRegistry -- Adding type registration byte[] -> org.hibernate.type.BasicTypeReference@2e060819
17:50:08.115 [main] DEBUG org.hibernate.type.BasicTypeRegistry -- Adding type registration [B -> org.hibernate.type.BasicTypeReference@2e060819
17:50:08.115 [main] DEBUG org.hibernate.type.BasicTypeRegistry -- Adding type registration binary_wrapper -> org.hibernate.type.BasicTypeReference@42c28305
17:50:08.115 [main] DEBUG org.hibernate.type.BasicTypeRegistry -- Adding type registration wrapper-binary -> org.hibernate.type.BasicTypeReference@42c28305
17:50:08.115 [main] DEBUG org.hibernate.type.BasicTypeRegistry -- Adding type registration image -> org.hibernate.type.BasicTypeReference@2184b4f4
17:50:08.115 [main] DEBUG org.hibernate.type.BasicTypeRegistry -- Adding type registration blob -> org.hibernate.type.BasicTypeReference@7d199c68
17:50:08.116 [main] DEBUG org.hibernate.type.BasicTypeRegistry -- Adding type registration java.sql.Blob -> org.hibernate.type.BasicTypeReference@7d199c68
17:50:08.116 [main] DEBUG org.hibernate.type.BasicTypeRegistry -- Adding type registration materialized_blob -> org.hibernate.type.BasicTypeReference@63411512
17:50:08.116 [main] DEBUG org.hibernate.type.BasicTypeRegistry -- Adding type registration materialized_blob_wrapper -> org.hibernate.type.BasicTypeReference@35cd68d4
17:50:08.116 [main] DEBUG org.hibernate.type.BasicTypeRegistry -- Adding type registration short -> org.hibernate.type.BasicTypeReference@316a598d
17:50:08.116 [main] DEBUG org.hibernate.type.BasicTypeRegistry -- Adding type registration short -> org.hibernate.type.BasicTypeReference@316a598d
17:50:08.116 [main] DEBUG org.hibernate.type.BasicTypeRegistry -- Adding type registration java.lang.Short -> org.hibernate.type.BasicTypeReference@316a598d
17:50:08.116 [main] DEBUG org.hibernate.type.BasicTypeRegistry -- Adding type registration integer -> org.hibernate.type.BasicTypeReference@216914
17:50:08.116 [main] DEBUG org.hibernate.type.BasicTypeRegistry -- Adding type registration int -> org.hibernate.type.BasicTypeReference@216914
17:50:08.116 [main] DEBUG org.hibernate.type.BasicTypeRegistry -- Adding type registration java.lang.Integer -> org.hibernate.type.BasicTypeReference@216914
17:50:08.116 [main] DEBUG org.hibernate.type.BasicTypeRegistry -- Adding type registration long -> org.hibernate.type.BasicTypeReference@6ba30587
17:50:08.116 [main] DEBUG org.hibernate.type.BasicTypeRegistry -- Adding type registration long -> org.hibernate.type.BasicTypeReference@6ba30587
17:50:08.116 [main] DEBUG org.hibernate.type.BasicTypeRegistry -- Adding type registration java.lang.Long -> org.hibernate.type.BasicTypeReference@6ba30587
17:50:08.116 [main] DEBUG org.hibernate.type.BasicTypeRegistry -- Adding type registration float -> org.hibernate.type.BasicTypeReference@35764bef
17:50:08.116 [main] DEBUG org.hibernate.type.BasicTypeRegistry -- Adding type registration float -> org.hibernate.type.BasicTypeReference@35764bef
17:50:08.116 [main] DEBUG org.hibernate.type.BasicTypeRegistry -- Adding type registration java.lang.Float -> org.hibernate.type.BasicTypeReference@35764bef
17:50:08.116 [main] DEBUG org.hibernate.type.BasicTypeRegistry -- Adding type registration double -> org.hibernate.type.BasicTypeReference@5633dafd
17:50:08.116 [main] DEBUG org.hibernate.type.BasicTypeRegistry -- Adding type registration double -> org.hibernate.type.BasicTypeReference@5633dafd
17:50:08.116 [main] DEBUG org.hibernate.type.BasicTypeRegistry -- Adding type registration java.lang.Double -> org.hibernate.type.BasicTypeReference@5633dafd
17:50:08.116 [main] DEBUG org.hibernate.type.BasicTypeRegistry -- Adding type registration big_integer -> org.hibernate.type.BasicTypeReference@5d5160e6
17:50:08.116 [main] DEBUG org.hibernate.type.BasicTypeRegistry -- Adding type registration java.math.BigInteger -> org.hibernate.type.BasicTypeReference@5d5160e6
17:50:08.116 [main] DEBUG org.hibernate.type.BasicTypeRegistry -- Adding type registration big_decimal -> org.hibernate.type.BasicTypeReference@2eadc9f6
17:50:08.116 [main] DEBUG org.hibernate.type.BasicTypeRegistry -- Adding type registration java.math.BigDecimal -> org.hibernate.type.BasicTypeReference@2eadc9f6
17:50:08.116 [main] DEBUG org.hibernate.type.BasicTypeRegistry -- Adding type registration character -> org.hibernate.type.BasicTypeReference@2903c6ff
17:50:08.117 [main] DEBUG org.hibernate.type.BasicTypeRegistry -- Adding type registration char -> org.hibernate.type.BasicTypeReference@2903c6ff
17:50:08.117 [main] DEBUG org.hibernate.type.BasicTypeRegistry -- Adding type registration java.lang.Character -> org.hibernate.type.BasicTypeReference@2903c6ff
17:50:08.117 [main] DEBUG org.hibernate.type.BasicTypeRegistry -- Adding type registration character_nchar -> org.hibernate.type.BasicTypeReference@61af1510
17:50:08.117 [main] DEBUG org.hibernate.type.BasicTypeRegistry -- Adding type registration string -> org.hibernate.type.BasicTypeReference@37af1f93
17:50:08.117 [main] DEBUG org.hibernate.type.BasicTypeRegistry -- Adding type registration java.lang.String -> org.hibernate.type.BasicTypeReference@37af1f93
17:50:08.117 [main] DEBUG org.hibernate.type.BasicTypeRegistry -- Adding type registration nstring -> org.hibernate.type.BasicTypeReference@778d82e9
17:50:08.117 [main] DEBUG org.hibernate.type.BasicTypeRegistry -- Adding type registration characters -> org.hibernate.type.BasicTypeReference@408e96d9
17:50:08.117 [main] DEBUG org.hibernate.type.BasicTypeRegistry -- Adding type registration char[] -> org.hibernate.type.BasicTypeReference@408e96d9
17:50:08.117 [main] DEBUG org.hibernate.type.BasicTypeRegistry -- Adding type registration [C -> org.hibernate.type.BasicTypeReference@408e96d9
17:50:08.117 [main] DEBUG org.hibernate.type.BasicTypeRegistry -- Adding type registration wrapper-characters -> org.hibernate.type.BasicTypeReference@59901c4d
17:50:08.117 [main] DEBUG org.hibernate.type.BasicTypeRegistry -- Adding type registration text -> org.hibernate.type.BasicTypeReference@168cd36b
17:50:08.117 [main] DEBUG org.hibernate.type.BasicTypeRegistry -- Adding type registration ntext -> org.hibernate.type.BasicTypeReference@d8d9199
17:50:08.117 [main] DEBUG org.hibernate.type.BasicTypeRegistry -- Adding type registration clob -> org.hibernate.type.BasicTypeReference@3901f6af
17:50:08.117 [main] DEBUG org.hibernate.type.BasicTypeRegistry -- Adding type registration java.sql.Clob -> org.hibernate.type.BasicTypeReference@3901f6af
17:50:08.117 [main] DEBUG org.hibernate.type.BasicTypeRegistry -- Adding type registration nclob -> org.hibernate.type.BasicTypeReference@602ae7b6
17:50:08.117 [main] DEBUG org.hibernate.type.BasicTypeRegistry -- Adding type registration java.sql.NClob -> org.hibernate.type.BasicTypeReference@602ae7b6
17:50:08.117 [main] DEBUG org.hibernate.type.BasicTypeRegistry -- Adding type registration materialized_clob -> org.hibernate.type.BasicTypeReference@10cd6753
17:50:08.117 [main] DEBUG org.hibernate.type.BasicTypeRegistry -- Adding type registration materialized_clob_char_array -> org.hibernate.type.BasicTypeReference@71ad3d8a
17:50:08.117 [main] DEBUG org.hibernate.type.BasicTypeRegistry -- Adding type registration materialized_clob_character_array -> org.hibernate.type.BasicTypeReference@47af099e
17:50:08.117 [main] DEBUG org.hibernate.type.BasicTypeRegistry -- Adding type registration materialized_nclob -> org.hibernate.type.BasicTypeReference@700f518a
17:50:08.117 [main] DEBUG org.hibernate.type.BasicTypeRegistry -- Adding type registration materialized_nclob_character_array -> org.hibernate.type.BasicTypeReference@b835727
17:50:08.117 [main] DEBUG org.hibernate.type.BasicTypeRegistry -- Adding type registration materialized_nclob_char_array -> org.hibernate.type.BasicTypeReference@13da7ab0
17:50:08.117 [main] DEBUG org.hibernate.type.BasicTypeRegistry -- Adding type registration Duration -> org.hibernate.type.BasicTypeReference@2c8662ac
17:50:08.117 [main] DEBUG org.hibernate.type.BasicTypeRegistry -- Adding type registration java.time.Duration -> org.hibernate.type.BasicTypeReference@2c8662ac
17:50:08.117 [main] DEBUG org.hibernate.type.BasicTypeRegistry -- Adding type registration LocalDateTime -> org.hibernate.type.BasicTypeReference@260ff5b7
17:50:08.117 [main] DEBUG org.hibernate.type.BasicTypeRegistry -- Adding type registration java.time.LocalDateTime -> org.hibernate.type.BasicTypeReference@260ff5b7
17:50:08.117 [main] DEBUG org.hibernate.type.BasicTypeRegistry -- Adding type registration LocalDate -> org.hibernate.type.BasicTypeReference@3724b43e
17:50:08.118 [main] DEBUG org.hibernate.type.BasicTypeRegistry -- Adding type registration java.time.LocalDate -> org.hibernate.type.BasicTypeReference@3724b43e
17:50:08.118 [main] DEBUG org.hibernate.type.BasicTypeRegistry -- Adding type registration LocalTime -> org.hibernate.type.BasicTypeReference@77eb5790
17:50:08.118 [main] DEBUG org.hibernate.type.BasicTypeRegistry -- Adding type registration java.time.LocalTime -> org.hibernate.type.BasicTypeReference@77eb5790
17:50:08.118 [main] DEBUG org.hibernate.type.BasicTypeRegistry -- Adding type registration OffsetDateTime -> org.hibernate.type.BasicTypeReference@68e7c8c3
17:50:08.118 [main] DEBUG org.hibernate.type.BasicTypeRegistry -- Adding type registration java.time.OffsetDateTime -> org.hibernate.type.BasicTypeReference@68e7c8c3
17:50:08.118 [main] DEBUG org.hibernate.type.BasicTypeRegistry -- Adding type registration OffsetDateTimeWithTimezone -> org.hibernate.type.BasicTypeReference@319c3a25
17:50:08.118 [main] DEBUG org.hibernate.type.BasicTypeRegistry -- Adding type registration OffsetDateTimeWithoutTimezone -> org.hibernate.type.BasicTypeReference@238bfd6c
17:50:08.118 [main] DEBUG org.hibernate.type.BasicTypeRegistry -- Adding type registration OffsetTime -> org.hibernate.type.BasicTypeReference@ef1695a
17:50:08.118 [main] DEBUG org.hibernate.type.BasicTypeRegistry -- Adding type registration java.time.OffsetTime -> org.hibernate.type.BasicTypeReference@ef1695a
17:50:08.118 [main] DEBUG org.hibernate.type.BasicTypeRegistry -- Adding type registration OffsetTimeUtc -> org.hibernate.type.BasicTypeReference@58860997
17:50:08.118 [main] DEBUG org.hibernate.type.BasicTypeRegistry -- Adding type registration OffsetTimeWithTimezone -> org.hibernate.type.BasicTypeReference@81b5db0
17:50:08.118 [main] DEBUG org.hibernate.type.BasicTypeRegistry -- Adding type registration OffsetTimeWithoutTimezone -> org.hibernate.type.BasicTypeReference@7487b142
17:50:08.118 [main] DEBUG org.hibernate.type.BasicTypeRegistry -- Adding type registration ZonedDateTime -> org.hibernate.type.BasicTypeReference@7139bd31
17:50:08.118 [main] DEBUG org.hibernate.type.BasicTypeRegistry -- Adding type registration java.time.ZonedDateTime -> org.hibernate.type.BasicTypeReference@7139bd31
17:50:08.118 [main] DEBUG org.hibernate.type.BasicTypeRegistry -- Adding type registration ZonedDateTimeWithTimezone -> org.hibernate.type.BasicTypeReference@199bc830
17:50:08.118 [main] DEBUG org.hibernate.type.BasicTypeRegistry -- Adding type registration ZonedDateTimeWithoutTimezone -> org.hibernate.type.BasicTypeReference@4b3fe06e
17:50:08.118 [main] DEBUG org.hibernate.type.BasicTypeRegistry -- Adding type registration date -> org.hibernate.type.BasicTypeReference@27b45ea
17:50:08.118 [main] DEBUG org.hibernate.type.BasicTypeRegistry -- Adding type registration java.sql.Date -> org.hibernate.type.BasicTypeReference@27b45ea
17:50:08.118 [main] DEBUG org.hibernate.type.BasicTypeRegistry -- Adding type registration time -> org.hibernate.type.BasicTypeReference@3e17a0a1
17:50:08.118 [main] DEBUG org.hibernate.type.BasicTypeRegistry -- Adding type registration java.sql.Time -> org.hibernate.type.BasicTypeReference@3e17a0a1
17:50:08.118 [main] DEBUG org.hibernate.type.BasicTypeRegistry -- Adding type registration timestamp -> org.hibernate.type.BasicTypeReference@790a251b
17:50:08.118 [main] DEBUG org.hibernate.type.BasicTypeRegistry -- Adding type registration java.sql.Timestamp -> org.hibernate.type.BasicTypeReference@790a251b
17:50:08.118 [main] DEBUG org.hibernate.type.BasicTypeRegistry -- Adding type registration java.util.Date -> org.hibernate.type.BasicTypeReference@790a251b
17:50:08.118 [main] DEBUG org.hibernate.type.BasicTypeRegistry -- Adding type registration calendar -> org.hibernate.type.BasicTypeReference@4d8286c4
17:50:08.118 [main] DEBUG org.hibernate.type.BasicTypeRegistry -- Adding type registration java.util.Calendar -> org.hibernate.type.BasicTypeReference@4d8286c4
17:50:08.118 [main] DEBUG org.hibernate.type.BasicTypeRegistry -- Adding type registration java.util.GregorianCalendar -> org.hibernate.type.BasicTypeReference@4d8286c4
17:50:08.118 [main] DEBUG org.hibernate.type.BasicTypeRegistry -- Adding type registration calendar_date -> org.hibernate.type.BasicTypeReference@150ede8b
17:50:08.118 [main] DEBUG org.hibernate.type.BasicTypeRegistry -- Adding type registration calendar_time -> org.hibernate.type.BasicTypeReference@161f6623
17:50:08.119 [main] DEBUG org.hibernate.type.BasicTypeRegistry -- Adding type registration instant -> org.hibernate.type.BasicTypeReference@3e15bb06
17:50:08.119 [main] DEBUG org.hibernate.type.BasicTypeRegistry -- Adding type registration java.time.Instant -> org.hibernate.type.BasicTypeReference@3e15bb06
17:50:08.119 [main] DEBUG org.hibernate.type.BasicTypeRegistry -- Adding type registration uuid -> org.hibernate.type.BasicTypeReference@6778aea6
17:50:08.119 [main] DEBUG org.hibernate.type.BasicTypeRegistry -- Adding type registration java.util.UUID -> org.hibernate.type.BasicTypeReference@6778aea6
17:50:08.119 [main] DEBUG org.hibernate.type.BasicTypeRegistry -- Adding type registration pg-uuid -> org.hibernate.type.BasicTypeReference@6778aea6
17:50:08.119 [main] DEBUG org.hibernate.type.BasicTypeRegistry -- Adding type registration uuid-binary -> org.hibernate.type.BasicTypeReference@4e1ce44
17:50:08.119 [main] DEBUG org.hibernate.type.BasicTypeRegistry -- Adding type registration uuid-char -> org.hibernate.type.BasicTypeReference@69228e85
17:50:08.119 [main] DEBUG org.hibernate.type.BasicTypeRegistry -- Adding type registration class -> org.hibernate.type.BasicTypeReference@7a7cc52c
17:50:08.119 [main] DEBUG org.hibernate.type.BasicTypeRegistry -- Adding type registration java.lang.Class -> org.hibernate.type.BasicTypeReference@7a7cc52c
17:50:08.119 [main] DEBUG org.hibernate.type.BasicTypeRegistry -- Adding type registration currency -> org.hibernate.type.BasicTypeReference@5853495b
17:50:08.119 [main] DEBUG org.hibernate.type.BasicTypeRegistry -- Adding type registration Currency -> org.hibernate.type.BasicTypeReference@5853495b
17:50:08.119 [main] DEBUG org.hibernate.type.BasicTypeRegistry -- Adding type registration java.util.Currency -> org.hibernate.type.BasicTypeReference@5853495b
17:50:08.119 [main] DEBUG org.hibernate.type.BasicTypeRegistry -- Adding type registration locale -> org.hibernate.type.BasicTypeReference@524a2ffb
17:50:08.119 [main] DEBUG org.hibernate.type.BasicTypeRegistry -- Adding type registration java.util.Locale -> org.hibernate.type.BasicTypeReference@524a2ffb
17:50:08.119 [main] DEBUG org.hibernate.type.BasicTypeRegistry -- Adding type registration serializable -> org.hibernate.type.BasicTypeReference@2f61d591
17:50:08.119 [main] DEBUG org.hibernate.type.BasicTypeRegistry -- Adding type registration java.io.Serializable -> org.hibernate.type.BasicTypeReference@2f61d591
17:50:08.119 [main] DEBUG org.hibernate.type.BasicTypeRegistry -- Adding type registration timezone -> org.hibernate.type.BasicTypeReference@332820f4
17:50:08.119 [main] DEBUG org.hibernate.type.BasicTypeRegistry -- Adding type registration java.util.TimeZone -> org.hibernate.type.BasicTypeReference@332820f4
17:50:08.119 [main] DEBUG org.hibernate.type.BasicTypeRegistry -- Adding type registration ZoneOffset -> org.hibernate.type.BasicTypeReference@7173ae5b
17:50:08.119 [main] DEBUG org.hibernate.type.BasicTypeRegistry -- Adding type registration java.time.ZoneOffset -> org.hibernate.type.BasicTypeReference@7173ae5b
17:50:08.119 [main] DEBUG org.hibernate.type.BasicTypeRegistry -- Adding type registration url -> org.hibernate.type.BasicTypeReference@72456279
17:50:08.119 [main] DEBUG org.hibernate.type.BasicTypeRegistry -- Adding type registration java.net.URL -> org.hibernate.type.BasicTypeReference@72456279
17:50:08.120 [main] DEBUG org.hibernate.type.BasicTypeRegistry -- Adding type registration vector -> org.hibernate.type.BasicTypeReference@53a9fcfd
17:50:08.120 [main] DEBUG org.hibernate.type.BasicTypeRegistry -- Adding type registration float_vector -> org.hibernate.type.BasicTypeReference@1416cf9f
17:50:08.120 [main] DEBUG org.hibernate.type.BasicTypeRegistry -- Adding type registration double_vector -> org.hibernate.type.BasicTypeReference@84487f4
17:50:08.120 [main] DEBUG org.hibernate.type.BasicTypeRegistry -- Adding type registration byte_vector -> org.hibernate.type.BasicTypeReference@bfc14b9
17:50:08.120 [main] DEBUG org.hibernate.type.BasicTypeRegistry -- Adding type registration row_version -> org.hibernate.type.BasicTypeReference@fb6097b
17:50:08.122 [main] DEBUG org.hibernate.type.BasicTypeRegistry -- Adding type registration object -> org.hibernate.type.JavaObjectType@10bea4
17:50:08.122 [main] DEBUG org.hibernate.type.BasicTypeRegistry -- Adding type registration java.lang.Object -> org.hibernate.type.JavaObjectType@10bea4
17:50:08.122 [main] DEBUG org.hibernate.type.BasicTypeRegistry -- Adding type registration null -> org.hibernate.type.NullType@7efe7b87
17:50:08.122 [main] DEBUG org.hibernate.type.BasicTypeRegistry -- Adding type registration imm_date -> org.hibernate.type.BasicTypeReference@ac20bb4
17:50:08.122 [main] DEBUG org.hibernate.type.BasicTypeRegistry -- Adding type registration imm_time -> org.hibernate.type.BasicTypeReference@5a2bd7c8
17:50:08.122 [main] DEBUG org.hibernate.type.BasicTypeRegistry -- Adding type registration imm_timestamp -> org.hibernate.type.BasicTypeReference@7ca8d498
17:50:08.122 [main] DEBUG org.hibernate.type.BasicTypeRegistry -- Adding type registration imm_calendar -> org.hibernate.type.BasicTypeReference@7187bac9
17:50:08.122 [main] DEBUG org.hibernate.type.BasicTypeRegistry -- Adding type registration imm_calendar_date -> org.hibernate.type.BasicTypeReference@6b8280e6
17:50:08.122 [main] DEBUG org.hibernate.type.BasicTypeRegistry -- Adding type registration imm_calendar_time -> org.hibernate.type.BasicTypeReference@6f139fc9
17:50:08.122 [main] DEBUG org.hibernate.type.BasicTypeRegistry -- Adding type registration imm_binary -> org.hibernate.type.BasicTypeReference@55259aa7
17:50:08.122 [main] DEBUG org.hibernate.type.BasicTypeRegistry -- Adding type registration imm_serializable -> org.hibernate.type.BasicTypeReference@19382338
17:50:08.179 [main] DEBUG org.hibernate.boot.internal.BootstrapContextImpl -- Injecting JPA temp ClassLoader [org.springframework.instrument.classloading.SimpleThrowawayClassLoader@31e130bf] into BootstrapContext; was [null]
17:50:08.179 [main] DEBUG org.hibernate.boot.internal.ClassLoaderAccessImpl -- ClassLoaderAccessImpl#injectTempClassLoader(org.springframework.instrument.classloading.SimpleThrowawayClassLoader@31e130bf) [was null]
17:50:08.184 [main] DEBUG org.hibernate.boot.internal.BootstrapContextImpl -- Injecting ScanEnvironment [org.hibernate.jpa.boot.internal.StandardJpaScanEnvironmentImpl@2db4ad1] into BootstrapContext; was [null]
17:50:08.184 [main] DEBUG org.hibernate.boot.internal.BootstrapContextImpl -- Injecting ScanOptions [org.hibernate.boot.archive.scan.internal.StandardScanOptions@765d55d5] into BootstrapContext; was [org.hibernate.boot.archive.scan.internal.StandardScanOptions@2513a118]
17:50:08.199 [main] DEBUG org.hibernate.jpa.boot.internal.PersistenceUnitInfoDescriptor -- Pushing class transformers for PU named 'default' on loading classloader jdk.internal.loader.ClassLoaders$AppClassLoader@7a8c5397
17:50:08.275 [main] INFO org.springframework.orm.jpa.persistenceunit.SpringPersistenceUnitInfo -- No LoadTimeWeaver setup: ignoring JPA class transformer
17:50:08.276 [main] DEBUG org.hibernate.boot.internal.BootstrapContextImpl -- Injecting JPA temp ClassLoader [null] into BootstrapContext; was [org.springframework.instrument.classloading.SimpleThrowawayClassLoader@31e130bf]
17:50:08.276 [main] DEBUG org.hibernate.boot.internal.ClassLoaderAccessImpl -- ClassLoaderAccessImpl#injectTempClassLoader(null) [was org.springframework.instrument.classloading.SimpleThrowawayClassLoader@31e130bf]
17:50:08.292 [main] DEBUG org.springframework.jdbc.datasource.DriverManagerDataSource -- Creating new JDBC DriverManager Connection to [jdbc:mysql://mysql:3306/productdb?useSSL=false&allowPublicKeyRetrieval=true&serverTimezone=Asia/Seoul&useUnicode=true&characterEncoding=UTF-8]
17:50:08.351 [main] WARN org.hibernate.orm.jdbc.error -- HHH000247: ErrorCode: 0, SQLState: 08S01
17:50:08.351 [main] WARN org.hibernate.orm.jdbc.error -- Communications link failure

The last packet sent successfully to the server was 0 milliseconds ago. The driver has not received any packets from the server.
17:50:08.351 [main] DEBUG org.hibernate.orm.jdbc.error -- unable to obtain isolated JDBC connection [n/a]
com.mysql.cj.jdbc.exceptions.CommunicationsException: Communications link failure

The last packet sent successfully to the server was 0 milliseconds ago. The driver has not received any packets from the server.
	at com.mysql.cj.jdbc.exceptions.SQLError.createCommunicationsException(SQLError.java:165)
	at com.mysql.cj.jdbc.exceptions.SQLExceptionsMapping.translateException(SQLExceptionsMapping.java:55)
	at com.mysql.cj.jdbc.ConnectionImpl.createNewIO(ConnectionImpl.java:837)
	at com.mysql.cj.jdbc.ConnectionImpl.<init>(ConnectionImpl.java:420)
	at com.mysql.cj.jdbc.ConnectionImpl.getInstance(ConnectionImpl.java:238)
	at com.mysql.cj.jdbc.NonRegisteringDriver.connect(NonRegisteringDriver.java:180)
	at java.sql/java.sql.DriverManager.getConnection(DriverManager.java:613)
	at java.sql/java.sql.DriverManager.getConnection(DriverManager.java:160)
	at org.springframework.jdbc.datasource.DriverManagerDataSource.getConnectionFromDriverManager(DriverManagerDataSource.java:155)
	at org.springframework.jdbc.datasource.DriverManagerDataSource.getConnectionFromDriver(DriverManagerDataSource.java:146)
	at org.springframework.jdbc.datasource.AbstractDriverBasedDataSource.getConnectionFromDriver(AbstractDriverBasedDataSource.java:193)
	at org.springframework.jdbc.datasource.AbstractDriverBasedDataSource.getConnection(AbstractDriverBasedDataSource.java:157)
	at org.hibernate.engine.jdbc.connections.internal.DatasourceConnectionProviderImpl.getConnection(DatasourceConnectionProviderImpl.java:140)
	at org.hibernate.engine.jdbc.env.internal.JdbcEnvironmentInitiator$ConnectionProviderJdbcConnectionAccess.obtainConnection(JdbcEnvironmentInitiator.java:503)
	at org.hibernate.resource.transaction.backend.jdbc.internal.JdbcIsolationDelegate.delegateWork(JdbcIsolationDelegate.java:59)
	at org.hibernate.engine.jdbc.env.internal.JdbcEnvironmentInitiator.getJdbcEnvironmentUsingJdbcMetadata(JdbcEnvironmentInitiator.java:355)
	at org.hibernate.engine.jdbc.env.internal.JdbcEnvironmentInitiator.getJdbcEnvironment(JdbcEnvironmentInitiator.java:147)
	at org.hibernate.engine.jdbc.env.internal.JdbcEnvironmentInitiator.initiateService(JdbcEnvironmentInitiator.java:125)
	at org.hibernate.engine.jdbc.env.internal.JdbcEnvironmentInitiator.initiateService(JdbcEnvironmentInitiator.java:80)
	at org.hibernate.boot.registry.internal.StandardServiceRegistryImpl.initiateService(StandardServiceRegistryImpl.java:133)
	at org.hibernate.service.internal.AbstractServiceRegistryImpl.createService(AbstractServiceRegistryImpl.java:262)
	at org.hibernate.service.internal.AbstractServiceRegistryImpl.initializeService(AbstractServiceRegistryImpl.java:237)
	at org.hibernate.service.internal.AbstractServiceRegistryImpl.getService(AbstractServiceRegistryImpl.java:214)
	at org.hibernate.boot.model.relational.Database.<init>(Database.java:43)
	at org.hibernate.boot.internal.InFlightMetadataCollectorImpl.getDatabase(InFlightMetadataCollectorImpl.java:254)
	at org.hibernate.boot.internal.InFlightMetadataCollectorImpl.<init>(InFlightMetadataCollectorImpl.java:210)
	at org.hibernate.boot.model.process.spi.MetadataBuildingProcess.complete(MetadataBuildingProcess.java:185)
	at org.hibernate.jpa.boot.internal.EntityManagerFactoryBuilderImpl.metadata(EntityManagerFactoryBuilderImpl.java:1412)
	at org.hibernate.jpa.boot.internal.EntityManagerFactoryBuilderImpl.populateSessionFactoryBuilder(EntityManagerFactoryBuilderImpl.java:1493)
	at org.hibernate.jpa.boot.internal.EntityManagerFactoryBuilderImpl.build(EntityManagerFactoryBuilderImpl.java:1475)
	at org.springframework.orm.jpa.vendor.SpringHibernateJpaPersistenceProvider.createContainerEntityManagerFactory(SpringHibernateJpaPersistenceProvider.java:66)
	at org.springframework.orm.jpa.LocalContainerEntityManagerFactoryBean.createNativeEntityManagerFactory(LocalContainerEntityManagerFactoryBean.java:433)
	at org.springframework.orm.jpa.AbstractEntityManagerFactoryBean.buildNativeEntityManagerFactory(AbstractEntityManagerFactoryBean.java:416)
	at org.springframework.orm.jpa.AbstractEntityManagerFactoryBean.afterPropertiesSet(AbstractEntityManagerFactoryBean.java:396)
	at org.springframework.orm.jpa.LocalContainerEntityManagerFactoryBean.afterPropertiesSet(LocalContainerEntityManagerFactoryBean.java:409)
	at org.springframework.beans.factory.support.AbstractAutowireCapableBeanFactory.invokeInitMethods(AbstractAutowireCapableBeanFactory.java:1864)
	at org.springframework.beans.factory.support.AbstractAutowireCapableBeanFactory.initializeBean(AbstractAutowireCapableBeanFactory.java:1813)
	at org.springframework.beans.factory.support.AbstractAutowireCapableBeanFactory.doCreateBean(AbstractAutowireCapableBeanFactory.java:603)
	at org.springframework.beans.factory.support.AbstractAutowireCapableBeanFactory.createBean(AbstractAutowireCapableBeanFactory.java:525)
	at org.springframework.beans.factory.support.AbstractBeanFactory.lambda$doGetBean$0(AbstractBeanFactory.java:333)
	at org.springframework.beans.factory.support.DefaultSingletonBeanRegistry.getSingleton(DefaultSingletonBeanRegistry.java:371)
	at org.springframework.beans.factory.support.AbstractBeanFactory.doGetBean(AbstractBeanFactory.java:331)
	at org.springframework.beans.factory.support.AbstractBeanFactory.getBean(AbstractBeanFactory.java:201)
	at org.springframework.context.support.AbstractApplicationContext.finishBeanFactoryInitialization(AbstractApplicationContext.java:966)
	at org.springframework.context.support.AbstractApplicationContext.refresh(AbstractApplicationContext.java:620)
	at org.springframework.test.context.support.AbstractGenericContextLoader.loadContext(AbstractGenericContextLoader.java:253)
	at org.springframework.test.context.support.AbstractGenericContextLoader.loadContext(AbstractGenericContextLoader.java:111)
	at org.springframework.test.context.support.AbstractDelegatingSmartContextLoader.loadContext(AbstractDelegatingSmartContextLoader.java:213)
	at org.springframework.test.context.cache.DefaultCacheAwareContextLoaderDelegate.loadContextInternal(DefaultCacheAwareContextLoaderDelegate.java:247)
	at org.springframework.test.context.cache.DefaultCacheAwareContextLoaderDelegate.lambda$loadContext$0(DefaultCacheAwareContextLoaderDelegate.java:167)
	at org.springframework.test.context.cache.DefaultContextCache.put(DefaultContextCache.java:172)
	at org.springframework.test.context.cache.DefaultCacheAwareContextLoaderDelegate.loadContext(DefaultCacheAwareContextLoaderDelegate.java:160)
	at org.springframework.test.context.support.DefaultTestContext.getApplicationContext(DefaultTestContext.java:128)
	at org.springframework.test.context.support.DependencyInjectionTestExecutionListener.injectDependencies(DependencyInjectionTestExecutionListener.java:155)
	at org.springframework.test.context.support.DependencyInjectionTestExecutionListener.prepareTestInstance(DependencyInjectionTestExecutionListener.java:111)
	at org.springframework.test.context.TestContextManager.prepareTestInstance(TestContextManager.java:260)
	at org.springframework.test.context.junit.jupiter.SpringExtension.postProcessTestInstance(SpringExtension.java:203)
	at org.junit.jupiter.engine.descriptor.ClassBasedTestDescriptor.lambda$invokeTestInstancePostProcessors$1(ClassBasedTestDescriptor.java:423)
	at org.junit.jupiter.engine.descriptor.ClassBasedTestDescriptor.executeAndMaskThrowable(ClassBasedTestDescriptor.java:428)
	at org.junit.jupiter.engine.descriptor.ClassBasedTestDescriptor.lambda$invokeTestInstancePostProcessors$0(ClassBasedTestDescriptor.java:422)
	at java.base/java.util.stream.ForEachOps$ForEachOp$OfRef.accept(ForEachOps.java:186)
	at java.base/java.util.stream.ReferencePipeline$3$1.accept(ReferencePipeline.java:214)
	at java.base/java.util.stream.ReferencePipeline$2$1.accept(ReferencePipeline.java:197)
	at java.base/java.util.stream.ReferencePipeline$3$1.accept(ReferencePipeline.java:214)
	at java.base/java.util.ArrayList$ArrayListSpliterator.forEachRemaining(ArrayList.java:1716)
	at java.base/java.util.stream.AbstractPipeline.copyInto(AbstractPipeline.java:570)
	at java.base/java.util.stream.AbstractPipeline.wrapAndCopyInto(AbstractPipeline.java:560)
	at java.base/java.util.stream.ForEachOps$ForEachOp.evaluateSequential(ForEachOps.java:153)
	at java.base/java.util.stream.ForEachOps$ForEachOp$OfRef.evaluateSequential(ForEachOps.java:176)
	at java.base/java.util.stream.AbstractPipeline.evaluate(AbstractPipeline.java:265)
	at java.base/java.util.stream.ReferencePipeline.forEach(ReferencePipeline.java:632)
	at org.junit.jupiter.engine.descriptor.ClassBasedTestDescriptor.invokeTestInstancePostProcessors(ClassBasedTestDescriptor.java:422)
	at org.junit.jupiter.engine.descriptor.ClassBasedTestDescriptor.lambda$instantiateAndPostProcessTestInstance$0(ClassBasedTestDescriptor.java:334)
	at org.junit.platform.engine.support.hierarchical.ThrowableCollector.execute(ThrowableCollector.java:74)
	at org.junit.jupiter.engine.descriptor.ClassBasedTestDescriptor.instantiateAndPostProcessTestInstance(ClassBasedTestDescriptor.java:333)
	at org.junit.jupiter.engine.descriptor.ClassBasedTestDescriptor.lambda$testInstancesProvider$1(ClassBasedTestDescriptor.java:322)
	at java.base/java.util.Optional.orElseGet(Optional.java:364)
	at org.junit.jupiter.engine.descriptor.ClassBasedTestDescriptor.lambda$testInstancesProvider$0(ClassBasedTestDescriptor.java:321)
	at org.junit.jupiter.engine.execution.TestInstancesProvider.getTestInstances(TestInstancesProvider.java:27)
	at org.junit.jupiter.engine.descriptor.TestMethodTestDescriptor.lambda$prepare$0(TestMethodTestDescriptor.java:127)
	at org.junit.platform.engine.support.hierarchical.ThrowableCollector.execute(ThrowableCollector.java:74)
	at org.junit.jupiter.engine.descriptor.TestMethodTestDescriptor.prepare(TestMethodTestDescriptor.java:126)
	at org.junit.jupiter.engine.descriptor.TestMethodTestDescriptor.prepare(TestMethodTestDescriptor.java:70)
	at org.junit.platform.engine.support.hierarchical.NodeTestTask.lambda$prepare$0(NodeTestTask.java:144)
	at org.junit.platform.engine.support.hierarchical.ThrowableCollector.execute(ThrowableCollector.java:74)
	at org.junit.platform.engine.support.hierarchical.NodeTestTask.prepare(NodeTestTask.java:144)
	at org.junit.platform.engine.support.hierarchical.NodeTestTask.execute(NodeTestTask.java:110)
	at java.base/java.util.ArrayList.forEach(ArrayList.java:1604)
	at org.junit.platform.engine.support.hierarchical.SameThreadHierarchicalTestExecutorService.invokeAll(SameThreadHierarchicalTestExecutorService.java:42)
	at org.junit.platform.engine.support.hierarchical.NodeTestTask.lambda$executeRecursively$2(NodeTestTask.java:180)
	at org.junit.platform.engine.support.hierarchical.ThrowableCollector.execute(ThrowableCollector.java:74)
	at org.junit.platform.engine.support.hierarchical.NodeTestTask.lambda$executeRecursively$1(NodeTestTask.java:166)
	at org.junit.platform.engine.support.hierarchical.Node.around(Node.java:138)
	at org.junit.platform.engine.support.hierarchical.NodeTestTask.lambda$executeRecursively$0(NodeTestTask.java:164)
	at org.junit.platform.engine.support.hierarchical.ThrowableCollector.execute(ThrowableCollector.java:74)
	at org.junit.platform.engine.support.hierarchical.NodeTestTask.executeRecursively(NodeTestTask.java:163)
	at org.junit.platform.engine.support.hierarchical.NodeTestTask.execute(NodeTestTask.java:116)
	at java.base/java.util.ArrayList.forEach(ArrayList.java:1604)
	at org.junit.platform.engine.support.hierarchical.SameThreadHierarchicalTestExecutorService.invokeAll(SameThreadHierarchicalTestExecutorService.java:42)
	at org.junit.platform.engine.support.hierarchical.NodeTestTask.lambda$executeRecursively$2(NodeTestTask.java:180)
	at org.junit.platform.engine.support.hierarchical.ThrowableCollector.execute(ThrowableCollector.java:74)
	at org.junit.platform.engine.support.hierarchical.NodeTestTask.lambda$executeRecursively$1(NodeTestTask.java:166)
	at org.junit.platform.engine.support.hierarchical.Node.around(Node.java:138)
	at org.junit.platform.engine.support.hierarchical.NodeTestTask.lambda$executeRecursively$0(NodeTestTask.java:164)
	at org.junit.platform.engine.support.hierarchical.ThrowableCollector.execute(ThrowableCollector.java:74)
	at org.junit.platform.engine.support.hierarchical.NodeTestTask.executeRecursively(NodeTestTask.java:163)
	at org.junit.platform.engine.support.hierarchical.NodeTestTask.execute(NodeTestTask.java:116)
	at org.junit.platform.engine.support.hierarchical.SameThreadHierarchicalTestExecutorService.submit(SameThreadHierarchicalTestExecutorService.java:36)
	at org.junit.platform.engine.support.hierarchical.HierarchicalTestExecutor.execute(HierarchicalTestExecutor.java:52)
	at org.junit.platform.engine.support.hierarchical.HierarchicalTestEngine.execute(HierarchicalTestEngine.java:58)
	at org.junit.platform.launcher.core.EngineExecutionOrchestrator.executeEngine(EngineExecutionOrchestrator.java:246)
	at org.junit.platform.launcher.core.EngineExecutionOrchestrator.failOrExecuteEngine(EngineExecutionOrchestrator.java:218)
	at org.junit.platform.launcher.core.EngineExecutionOrchestrator.execute(EngineExecutionOrchestrator.java:179)
	at org.junit.platform.launcher.core.EngineExecutionOrchestrator.execute(EngineExecutionOrchestrator.java:108)
	at org.junit.platform.launcher.core.EngineExecutionOrchestrator.lambda$execute$0(EngineExecutionOrchestrator.java:66)
	at org.junit.platform.launcher.core.EngineExecutionOrchestrator.withInterceptedStreams(EngineExecutionOrchestrator.java:157)
	at org.junit.platform.launcher.core.EngineExecutionOrchestrator.execute(EngineExecutionOrchestrator.java:65)
	at org.junit.platform.launcher.core.DefaultLauncher.execute(DefaultLauncher.java:125)
	at org.junit.platform.launcher.core.DefaultLauncher.execute(DefaultLauncher.java:114)
	at org.junit.platform.launcher.core.DefaultLauncher.execute(DefaultLauncher.java:93)
	at org.junit.platform.launcher.core.DelegatingLauncher.execute(DelegatingLauncher.java:48)
	at org.junit.platform.launcher.core.InterceptingLauncher.lambda$execute$0(InterceptingLauncher.java:41)
	at org.junit.platform.launcher.core.ClasspathAlignmentCheckingLauncherInterceptor.intercept(ClasspathAlignmentCheckingLauncherInterceptor.java:25)
	at org.junit.platform.launcher.core.InterceptingLauncher.execute(InterceptingLauncher.java:40)
	at org.junit.platform.launcher.core.DelegatingLauncher.execute(DelegatingLauncher.java:48)
	at org.apache.maven.surefire.junitplatform.LazyLauncher.execute(LazyLauncher.java:56)
	at org.apache.maven.surefire.junitplatform.JUnitPlatformProvider.execute(JUnitPlatformProvider.java:184)
	at org.apache.maven.surefire.junitplatform.JUnitPlatformProvider.invokeAllTests(JUnitPlatformProvider.java:148)
	at org.apache.maven.surefire.junitplatform.JUnitPlatformProvider.invoke(JUnitPlatformProvider.java:122)
	at org.apache.maven.surefire.booter.ForkedBooter.runSuitesInProcess(ForkedBooter.java:385)
	at org.apache.maven.surefire.booter.ForkedBooter.execute(ForkedBooter.java:162)
	at org.apache.maven.surefire.booter.ForkedBooter.run(ForkedBooter.java:507)
	at org.apache.maven.surefire.booter.ForkedBooter.main(ForkedBooter.java:495)
Caused by: com.mysql.cj.exceptions.CJCommunicationsException: Communications link failure

The last packet sent successfully to the server was 0 milliseconds ago. The driver has not received any packets from the server.
	at java.base/jdk.internal.reflect.DirectConstructorHandleAccessor.newInstance(DirectConstructorHandleAccessor.java:62)
	at java.base/java.lang.reflect.Constructor.newInstanceWithCaller(Constructor.java:499)
	at java.base/java.lang.reflect.Constructor.newInstance(Constructor.java:483)
	at com.mysql.cj.exceptions.ExceptionFactory.createException(ExceptionFactory.java:52)
	at com.mysql.cj.exceptions.ExceptionFactory.createException(ExceptionFactory.java:95)
	at com.mysql.cj.exceptions.ExceptionFactory.createException(ExceptionFactory.java:140)
	at com.mysql.cj.exceptions.ExceptionFactory.createCommunicationsException(ExceptionFactory.java:156)
	at com.mysql.cj.protocol.a.NativeSocketConnection.connect(NativeSocketConnection.java:79)
	at com.mysql.cj.NativeSession.connect(NativeSession.java:142)
	at com.mysql.cj.jdbc.ConnectionImpl.connectOneTryOnly(ConnectionImpl.java:961)
	at com.mysql.cj.jdbc.ConnectionImpl.createNewIO(ConnectionImpl.java:825)
	... 130 common frames omitted
Caused by: java.net.UnknownHostException: mysql: nodename nor servname provided, or not known
	at java.base/java.net.Inet6AddressImpl.lookupAllHostAddr(Native Method)
	at java.base/java.net.Inet6AddressImpl.lookupAllHostAddr(Inet6AddressImpl.java:52)
	at java.base/java.net.InetAddress$PlatformResolver.lookupByName(InetAddress.java:1134)
	at java.base/java.net.InetAddress.getAddressesFromNameService(InetAddress.java:1712)
	at java.base/java.net.InetAddress$NameServiceAddresses.get(InetAddress.java:1060)
	at java.base/java.net.InetAddress.getAllByName0(InetAddress.java:1702)
	at java.base/java.net.InetAddress.getAllByName(InetAddress.java:1582)
	at com.mysql.cj.protocol.StandardSocketFactory.connect(StandardSocketFactory.java:121)
	at com.mysql.cj.protocol.a.NativeSocketConnection.connect(NativeSocketConnection.java:53)
	... 133 common frames omitted
17:50:08.353 [main] WARN org.hibernate.engine.jdbc.env.internal.JdbcEnvironmentInitiator -- HHH000342: Could not obtain connection to query JDBC database metadata
org.hibernate.exception.JDBCConnectionException: unable to obtain isolated JDBC connection [Communications link failure

The last packet sent successfully to the server was 0 milliseconds ago. The driver has not received any packets from the server.] [n/a]
	at org.hibernate.exception.internal.SQLStateConversionDelegate.convert(SQLStateConversionDelegate.java:80)
	at org.hibernate.exception.internal.StandardSQLExceptionConverter.convert(StandardSQLExceptionConverter.java:34)
	at org.hibernate.engine.jdbc.spi.SqlExceptionHelper.convert(SqlExceptionHelper.java:115)
	at org.hibernate.engine.jdbc.spi.SqlExceptionHelper.convert(SqlExceptionHelper.java:101)
	at org.hibernate.resource.transaction.backend.jdbc.internal.JdbcIsolationDelegate.delegateWork(JdbcIsolationDelegate.java:114)
	at org.hibernate.engine.jdbc.env.internal.JdbcEnvironmentInitiator.getJdbcEnvironmentUsingJdbcMetadata(JdbcEnvironmentInitiator.java:355)
	at org.hibernate.engine.jdbc.env.internal.JdbcEnvironmentInitiator.getJdbcEnvironment(JdbcEnvironmentInitiator.java:147)
	at org.hibernate.engine.jdbc.env.internal.JdbcEnvironmentInitiator.initiateService(JdbcEnvironmentInitiator.java:125)
	at org.hibernate.engine.jdbc.env.internal.JdbcEnvironmentInitiator.initiateService(JdbcEnvironmentInitiator.java:80)
	at org.hibernate.boot.registry.internal.StandardServiceRegistryImpl.initiateService(StandardServiceRegistryImpl.java:133)
	at org.hibernate.service.internal.AbstractServiceRegistryImpl.createService(AbstractServiceRegistryImpl.java:262)
	at org.hibernate.service.internal.AbstractServiceRegistryImpl.initializeService(AbstractServiceRegistryImpl.java:237)
	at org.hibernate.service.internal.AbstractServiceRegistryImpl.getService(AbstractServiceRegistryImpl.java:214)
	at org.hibernate.boot.model.relational.Database.<init>(Database.java:43)
	at org.hibernate.boot.internal.InFlightMetadataCollectorImpl.getDatabase(InFlightMetadataCollectorImpl.java:254)
	at org.hibernate.boot.internal.InFlightMetadataCollectorImpl.<init>(InFlightMetadataCollectorImpl.java:210)
	at org.hibernate.boot.model.process.spi.MetadataBuildingProcess.complete(MetadataBuildingProcess.java:185)
	at org.hibernate.jpa.boot.internal.EntityManagerFactoryBuilderImpl.metadata(EntityManagerFactoryBuilderImpl.java:1412)
	at org.hibernate.jpa.boot.internal.EntityManagerFactoryBuilderImpl.populateSessionFactoryBuilder(EntityManagerFactoryBuilderImpl.java:1493)
	at org.hibernate.jpa.boot.internal.EntityManagerFactoryBuilderImpl.build(EntityManagerFactoryBuilderImpl.java:1475)
	at org.springframework.orm.jpa.vendor.SpringHibernateJpaPersistenceProvider.createContainerEntityManagerFactory(SpringHibernateJpaPersistenceProvider.java:66)
	at org.springframework.orm.jpa.LocalContainerEntityManagerFactoryBean.createNativeEntityManagerFactory(LocalContainerEntityManagerFactoryBean.java:433)
	at org.springframework.orm.jpa.AbstractEntityManagerFactoryBean.buildNativeEntityManagerFactory(AbstractEntityManagerFactoryBean.java:416)
	at org.springframework.orm.jpa.AbstractEntityManagerFactoryBean.afterPropertiesSet(AbstractEntityManagerFactoryBean.java:396)
	at org.springframework.orm.jpa.LocalContainerEntityManagerFactoryBean.afterPropertiesSet(LocalContainerEntityManagerFactoryBean.java:409)
	at org.springframework.beans.factory.support.AbstractAutowireCapableBeanFactory.invokeInitMethods(AbstractAutowireCapableBeanFactory.java:1864)
	at org.springframework.beans.factory.support.AbstractAutowireCapableBeanFactory.initializeBean(AbstractAutowireCapableBeanFactory.java:1813)
	at org.springframework.beans.factory.support.AbstractAutowireCapableBeanFactory.doCreateBean(AbstractAutowireCapableBeanFactory.java:603)
	at org.springframework.beans.factory.support.AbstractAutowireCapableBeanFactory.createBean(AbstractAutowireCapableBeanFactory.java:525)
	at org.springframework.beans.factory.support.AbstractBeanFactory.lambda$doGetBean$0(AbstractBeanFactory.java:333)
	at org.springframework.beans.factory.support.DefaultSingletonBeanRegistry.getSingleton(DefaultSingletonBeanRegistry.java:371)
	at org.springframework.beans.factory.support.AbstractBeanFactory.doGetBean(AbstractBeanFactory.java:331)
	at org.springframework.beans.factory.support.AbstractBeanFactory.getBean(AbstractBeanFactory.java:201)
	at org.springframework.context.support.AbstractApplicationContext.finishBeanFactoryInitialization(AbstractApplicationContext.java:966)
	at org.springframework.context.support.AbstractApplicationContext.refresh(AbstractApplicationContext.java:620)
	at org.springframework.test.context.support.AbstractGenericContextLoader.loadContext(AbstractGenericContextLoader.java:253)
	at org.springframework.test.context.support.AbstractGenericContextLoader.loadContext(AbstractGenericContextLoader.java:111)
	at org.springframework.test.context.support.AbstractDelegatingSmartContextLoader.loadContext(AbstractDelegatingSmartContextLoader.java:213)
	at org.springframework.test.context.cache.DefaultCacheAwareContextLoaderDelegate.loadContextInternal(DefaultCacheAwareContextLoaderDelegate.java:247)
	at org.springframework.test.context.cache.DefaultCacheAwareContextLoaderDelegate.lambda$loadContext$0(DefaultCacheAwareContextLoaderDelegate.java:167)
	at org.springframework.test.context.cache.DefaultContextCache.put(DefaultContextCache.java:172)
	at org.springframework.test.context.cache.DefaultCacheAwareContextLoaderDelegate.loadContext(DefaultCacheAwareContextLoaderDelegate.java:160)
	at org.springframework.test.context.support.DefaultTestContext.getApplicationContext(DefaultTestContext.java:128)
	at org.springframework.test.context.support.DependencyInjectionTestExecutionListener.injectDependencies(DependencyInjectionTestExecutionListener.java:155)
	at org.springframework.test.context.support.DependencyInjectionTestExecutionListener.prepareTestInstance(DependencyInjectionTestExecutionListener.java:111)
	at org.springframework.test.context.TestContextManager.prepareTestInstance(TestContextManager.java:260)
	at org.springframework.test.context.junit.jupiter.SpringExtension.postProcessTestInstance(SpringExtension.java:203)
	at org.junit.jupiter.engine.descriptor.ClassBasedTestDescriptor.lambda$invokeTestInstancePostProcessors$1(ClassBasedTestDescriptor.java:423)
	at org.junit.jupiter.engine.descriptor.ClassBasedTestDescriptor.executeAndMaskThrowable(ClassBasedTestDescriptor.java:428)
	at org.junit.jupiter.engine.descriptor.ClassBasedTestDescriptor.lambda$invokeTestInstancePostProcessors$0(ClassBasedTestDescriptor.java:422)
	at java.base/java.util.stream.ForEachOps$ForEachOp$OfRef.accept(ForEachOps.java:186)
	at java.base/java.util.stream.ReferencePipeline$3$1.accept(ReferencePipeline.java:214)
	at java.base/java.util.stream.ReferencePipeline$2$1.accept(ReferencePipeline.java:197)
	at java.base/java.util.stream.ReferencePipeline$3$1.accept(ReferencePipeline.java:214)
	at java.base/java.util.ArrayList$ArrayListSpliterator.forEachRemaining(ArrayList.java:1716)
	at java.base/java.util.stream.AbstractPipeline.copyInto(AbstractPipeline.java:570)
	at java.base/java.util.stream.AbstractPipeline.wrapAndCopyInto(AbstractPipeline.java:560)
	at java.base/java.util.stream.ForEachOps$ForEachOp.evaluateSequential(ForEachOps.java:153)
	at java.base/java.util.stream.ForEachOps$ForEachOp$OfRef.evaluateSequential(ForEachOps.java:176)
	at java.base/java.util.stream.AbstractPipeline.evaluate(AbstractPipeline.java:265)
	at java.base/java.util.stream.ReferencePipeline.forEach(ReferencePipeline.java:632)
	at org.junit.jupiter.engine.descriptor.ClassBasedTestDescriptor.invokeTestInstancePostProcessors(ClassBasedTestDescriptor.java:422)
	at org.junit.jupiter.engine.descriptor.ClassBasedTestDescriptor.lambda$instantiateAndPostProcessTestInstance$0(ClassBasedTestDescriptor.java:334)
	at org.junit.platform.engine.support.hierarchical.ThrowableCollector.execute(ThrowableCollector.java:74)
	at org.junit.jupiter.engine.descriptor.ClassBasedTestDescriptor.instantiateAndPostProcessTestInstance(ClassBasedTestDescriptor.java:333)
	at org.junit.jupiter.engine.descriptor.ClassBasedTestDescriptor.lambda$testInstancesProvider$1(ClassBasedTestDescriptor.java:322)
	at java.base/java.util.Optional.orElseGet(Optional.java:364)
	at org.junit.jupiter.engine.descriptor.ClassBasedTestDescriptor.lambda$testInstancesProvider$0(ClassBasedTestDescriptor.java:321)
	at org.junit.jupiter.engine.execution.TestInstancesProvider.getTestInstances(TestInstancesProvider.java:27)
	at org.junit.jupiter.engine.descriptor.TestMethodTestDescriptor.lambda$prepare$0(TestMethodTestDescriptor.java:127)
	at org.junit.platform.engine.support.hierarchical.ThrowableCollector.execute(ThrowableCollector.java:74)
	at org.junit.jupiter.engine.descriptor.TestMethodTestDescriptor.prepare(TestMethodTestDescriptor.java:126)
	at org.junit.jupiter.engine.descriptor.TestMethodTestDescriptor.prepare(TestMethodTestDescriptor.java:70)
	at org.junit.platform.engine.support.hierarchical.NodeTestTask.lambda$prepare$0(NodeTestTask.java:144)
	at org.junit.platform.engine.support.hierarchical.ThrowableCollector.execute(ThrowableCollector.java:74)
	at org.junit.platform.engine.support.hierarchical.NodeTestTask.prepare(NodeTestTask.java:144)
	at org.junit.platform.engine.support.hierarchical.NodeTestTask.execute(NodeTestTask.java:110)
	at java.base/java.util.ArrayList.forEach(ArrayList.java:1604)
	at org.junit.platform.engine.support.hierarchical.SameThreadHierarchicalTestExecutorService.invokeAll(SameThreadHierarchicalTestExecutorService.java:42)
	at org.junit.platform.engine.support.hierarchical.NodeTestTask.lambda$executeRecursively$2(NodeTestTask.java:180)
	at org.junit.platform.engine.support.hierarchical.ThrowableCollector.execute(ThrowableCollector.java:74)
	at org.junit.platform.engine.support.hierarchical.NodeTestTask.lambda$executeRecursively$1(NodeTestTask.java:166)
	at org.junit.platform.engine.support.hierarchical.Node.around(Node.java:138)
	at org.junit.platform.engine.support.hierarchical.NodeTestTask.lambda$executeRecursively$0(NodeTestTask.java:164)
	at org.junit.platform.engine.support.hierarchical.ThrowableCollector.execute(ThrowableCollector.java:74)
	at org.junit.platform.engine.support.hierarchical.NodeTestTask.executeRecursively(NodeTestTask.java:163)
	at org.junit.platform.engine.support.hierarchical.NodeTestTask.execute(NodeTestTask.java:116)
	at java.base/java.util.ArrayList.forEach(ArrayList.java:1604)
	at org.junit.platform.engine.support.hierarchical.SameThreadHierarchicalTestExecutorService.invokeAll(SameThreadHierarchicalTestExecutorService.java:42)
	at org.junit.platform.engine.support.hierarchical.NodeTestTask.lambda$executeRecursively$2(NodeTestTask.java:180)
	at org.junit.platform.engine.support.hierarchical.ThrowableCollector.execute(ThrowableCollector.java:74)
	at org.junit.platform.engine.support.hierarchical.NodeTestTask.lambda$executeRecursively$1(NodeTestTask.java:166)
	at org.junit.platform.engine.support.hierarchical.Node.around(Node.java:138)
	at org.junit.platform.engine.support.hierarchical.NodeTestTask.lambda$executeRecursively$0(NodeTestTask.java:164)
	at org.junit.platform.engine.support.hierarchical.ThrowableCollector.execute(ThrowableCollector.java:74)
	at org.junit.platform.engine.support.hierarchical.NodeTestTask.executeRecursively(NodeTestTask.java:163)
	at org.junit.platform.engine.support.hierarchical.NodeTestTask.execute(NodeTestTask.java:116)
	at org.junit.platform.engine.support.hierarchical.SameThreadHierarchicalTestExecutorService.submit(SameThreadHierarchicalTestExecutorService.java:36)
	at org.junit.platform.engine.support.hierarchical.HierarchicalTestExecutor.execute(HierarchicalTestExecutor.java:52)
	at org.junit.platform.engine.support.hierarchical.HierarchicalTestEngine.execute(HierarchicalTestEngine.java:58)
	at org.junit.platform.launcher.core.EngineExecutionOrchestrator.executeEngine(EngineExecutionOrchestrator.java:246)
	at org.junit.platform.launcher.core.EngineExecutionOrchestrator.failOrExecuteEngine(EngineExecutionOrchestrator.java:218)
	at org.junit.platform.launcher.core.EngineExecutionOrchestrator.execute(EngineExecutionOrchestrator.java:179)
	at org.junit.platform.launcher.core.EngineExecutionOrchestrator.execute(EngineExecutionOrchestrator.java:108)
	at org.junit.platform.launcher.core.EngineExecutionOrchestrator.lambda$execute$0(EngineExecutionOrchestrator.java:66)
	at org.junit.platform.launcher.core.EngineExecutionOrchestrator.withInterceptedStreams(EngineExecutionOrchestrator.java:157)
	at org.junit.platform.launcher.core.EngineExecutionOrchestrator.execute(EngineExecutionOrchestrator.java:65)
	at org.junit.platform.launcher.core.DefaultLauncher.execute(DefaultLauncher.java:125)
	at org.junit.platform.launcher.core.DefaultLauncher.execute(DefaultLauncher.java:114)
	at org.junit.platform.launcher.core.DefaultLauncher.execute(DefaultLauncher.java:93)
	at org.junit.platform.launcher.core.DelegatingLauncher.execute(DelegatingLauncher.java:48)
	at org.junit.platform.launcher.core.InterceptingLauncher.lambda$execute$0(InterceptingLauncher.java:41)
	at org.junit.platform.launcher.core.ClasspathAlignmentCheckingLauncherInterceptor.intercept(ClasspathAlignmentCheckingLauncherInterceptor.java:25)
	at org.junit.platform.launcher.core.InterceptingLauncher.execute(InterceptingLauncher.java:40)
	at org.junit.platform.launcher.core.DelegatingLauncher.execute(DelegatingLauncher.java:48)
	at org.apache.maven.surefire.junitplatform.LazyLauncher.execute(LazyLauncher.java:56)
	at org.apache.maven.surefire.junitplatform.JUnitPlatformProvider.execute(JUnitPlatformProvider.java:184)
	at org.apache.maven.surefire.junitplatform.JUnitPlatformProvider.invokeAllTests(JUnitPlatformProvider.java:148)
	at org.apache.maven.surefire.junitplatform.JUnitPlatformProvider.invoke(JUnitPlatformProvider.java:122)
	at org.apache.maven.surefire.booter.ForkedBooter.runSuitesInProcess(ForkedBooter.java:385)
	at org.apache.maven.surefire.booter.ForkedBooter.execute(ForkedBooter.java:162)
	at org.apache.maven.surefire.booter.ForkedBooter.run(ForkedBooter.java:507)
	at org.apache.maven.surefire.booter.ForkedBooter.main(ForkedBooter.java:495)
Caused by: com.mysql.cj.jdbc.exceptions.CommunicationsException: Communications link failure

The last packet sent successfully to the server was 0 milliseconds ago. The driver has not received any packets from the server.
	at com.mysql.cj.jdbc.exceptions.SQLError.createCommunicationsException(SQLError.java:165)
	at com.mysql.cj.jdbc.exceptions.SQLExceptionsMapping.translateException(SQLExceptionsMapping.java:55)
	at com.mysql.cj.jdbc.ConnectionImpl.createNewIO(ConnectionImpl.java:837)
	at com.mysql.cj.jdbc.ConnectionImpl.<init>(ConnectionImpl.java:420)
	at com.mysql.cj.jdbc.ConnectionImpl.getInstance(ConnectionImpl.java:238)
	at com.mysql.cj.jdbc.NonRegisteringDriver.connect(NonRegisteringDriver.java:180)
	at java.sql/java.sql.DriverManager.getConnection(DriverManager.java:613)
	at java.sql/java.sql.DriverManager.getConnection(DriverManager.java:160)
	at org.springframework.jdbc.datasource.DriverManagerDataSource.getConnectionFromDriverManager(DriverManagerDataSource.java:155)
	at org.springframework.jdbc.datasource.DriverManagerDataSource.getConnectionFromDriver(DriverManagerDataSource.java:146)
	at org.springframework.jdbc.datasource.AbstractDriverBasedDataSource.getConnectionFromDriver(AbstractDriverBasedDataSource.java:193)
	at org.springframework.jdbc.datasource.AbstractDriverBasedDataSource.getConnection(AbstractDriverBasedDataSource.java:157)
	at org.hibernate.engine.jdbc.connections.internal.DatasourceConnectionProviderImpl.getConnection(DatasourceConnectionProviderImpl.java:140)
	at org.hibernate.engine.jdbc.env.internal.JdbcEnvironmentInitiator$ConnectionProviderJdbcConnectionAccess.obtainConnection(JdbcEnvironmentInitiator.java:503)
	at org.hibernate.resource.transaction.backend.jdbc.internal.JdbcIsolationDelegate.delegateWork(JdbcIsolationDelegate.java:59)
	... 118 common frames omitted
Caused by: com.mysql.cj.exceptions.CJCommunicationsException: Communications link failure

The last packet sent successfully to the server was 0 milliseconds ago. The driver has not received any packets from the server.
	at java.base/jdk.internal.reflect.DirectConstructorHandleAccessor.newInstance(DirectConstructorHandleAccessor.java:62)
	at java.base/java.lang.reflect.Constructor.newInstanceWithCaller(Constructor.java:499)
	at java.base/java.lang.reflect.Constructor.newInstance(Constructor.java:483)
	at com.mysql.cj.exceptions.ExceptionFactory.createException(ExceptionFactory.java:52)
	at com.mysql.cj.exceptions.ExceptionFactory.createException(ExceptionFactory.java:95)
	at com.mysql.cj.exceptions.ExceptionFactory.createException(ExceptionFactory.java:140)
	at com.mysql.cj.exceptions.ExceptionFactory.createCommunicationsException(ExceptionFactory.java:156)
	at com.mysql.cj.protocol.a.NativeSocketConnection.connect(NativeSocketConnection.java:79)
	at com.mysql.cj.NativeSession.connect(NativeSession.java:142)
	at com.mysql.cj.jdbc.ConnectionImpl.connectOneTryOnly(ConnectionImpl.java:961)
	at com.mysql.cj.jdbc.ConnectionImpl.createNewIO(ConnectionImpl.java:825)
	... 130 common frames omitted
Caused by: java.net.UnknownHostException: mysql: nodename nor servname provided, or not known
	at java.base/java.net.Inet6AddressImpl.lookupAllHostAddr(Native Method)
	at java.base/java.net.Inet6AddressImpl.lookupAllHostAddr(Inet6AddressImpl.java:52)
	at java.base/java.net.InetAddress$PlatformResolver.lookupByName(InetAddress.java:1134)
	at java.base/java.net.InetAddress.getAddressesFromNameService(InetAddress.java:1712)
	at java.base/java.net.InetAddress$NameServiceAddresses.get(InetAddress.java:1060)
	at java.base/java.net.InetAddress.getAllByName0(InetAddress.java:1702)
	at java.base/java.net.InetAddress.getAllByName(InetAddress.java:1582)
	at com.mysql.cj.protocol.StandardSocketFactory.connect(StandardSocketFactory.java:121)
	at com.mysql.cj.protocol.a.NativeSocketConnection.connect(NativeSocketConnection.java:53)
	... 133 common frames omitted
17:50:08.354 [main] DEBUG org.hibernate.service.spi.ServiceBinding -- Overriding existing service binding [org.hibernate.engine.jdbc.connections.spi.ConnectionProvider]
17:50:08.354 [main] ERROR org.springframework.orm.jpa.LocalContainerEntityManagerFactoryBean -- Failed to initialize JPA EntityManagerFactory: Unable to create requested service [org.hibernate.engine.jdbc.env.spi.JdbcEnvironment] due to: Unable to determine Dialect without JDBC metadata (please set 'jakarta.persistence.jdbc.url' for common cases or 'hibernate.dialect' when a custom Dialect implementation must be provided)
17:50:08.354 [main] WARN org.springframework.context.support.GenericApplicationContext -- Exception encountered during context initialization - cancelling refresh attempt: org.springframework.beans.factory.BeanCreationException: Error creating bean with name 'entityManagerFactory' defined in kr.ac.hansung.cse.config.DbConfig: Unable to create requested service [org.hibernate.engine.jdbc.env.spi.JdbcEnvironment] due to: Unable to determine Dialect without JDBC metadata (please set 'jakarta.persistence.jdbc.url' for common cases or 'hibernate.dialect' when a custom Dialect implementation must be provided)
17:50:08.356 [main] DEBUG org.springframework.test.context.cache -- Spring test ApplicationContext cache statistics: [DefaultContextCache@261b9a37 size = 0, maxSize = 32, contextUsageCount = 0, parentContextCount = 0, hitCount = 0, missCount = 1, failureCount = 1]
17:50:08.356 [main] WARN org.springframework.test.context.TestContextManager -- Caught exception while allowing TestExecutionListener [org.springframework.test.context.support.DependencyInjectionTestExecutionListener] to prepare test instance [kr.ac.hansung.cse.ProductRepositoryTest@15d3793b]
java.lang.IllegalStateException: Failed to load ApplicationContext for [MergedContextConfiguration@6a3fbcb1 testClass = kr.ac.hansung.cse.ProductRepositoryTest, locations = [], classes = [kr.ac.hansung.cse.config.DbConfig], contextInitializerClasses = [], activeProfiles = [], propertySourceDescriptors = [], propertySourceProperties = [], contextCustomizers = [org.springframework.test.context.support.DynamicPropertiesContextCustomizer@0], contextLoader = org.springframework.test.context.support.DelegatingSmartContextLoader, parent = null]
	at org.springframework.test.context.cache.DefaultCacheAwareContextLoaderDelegate.lambda$loadContext$0(DefaultCacheAwareContextLoaderDelegate.java:195)
	at org.springframework.test.context.cache.DefaultContextCache.put(DefaultContextCache.java:172)
	at org.springframework.test.context.cache.DefaultCacheAwareContextLoaderDelegate.loadContext(DefaultCacheAwareContextLoaderDelegate.java:160)
	at org.springframework.test.context.support.DefaultTestContext.getApplicationContext(DefaultTestContext.java:128)
	at org.springframework.test.context.support.DependencyInjectionTestExecutionListener.injectDependencies(DependencyInjectionTestExecutionListener.java:155)
	at org.springframework.test.context.support.DependencyInjectionTestExecutionListener.prepareTestInstance(DependencyInjectionTestExecutionListener.java:111)
	at org.springframework.test.context.TestContextManager.prepareTestInstance(TestContextManager.java:260)
	at org.springframework.test.context.junit.jupiter.SpringExtension.postProcessTestInstance(SpringExtension.java:203)
	at org.junit.jupiter.engine.descriptor.ClassBasedTestDescriptor.lambda$invokeTestInstancePostProcessors$1(ClassBasedTestDescriptor.java:423)
	at org.junit.jupiter.engine.descriptor.ClassBasedTestDescriptor.executeAndMaskThrowable(ClassBasedTestDescriptor.java:428)
	at org.junit.jupiter.engine.descriptor.ClassBasedTestDescriptor.lambda$invokeTestInstancePostProcessors$0(ClassBasedTestDescriptor.java:422)
	at java.base/java.util.stream.ForEachOps$ForEachOp$OfRef.accept(ForEachOps.java:186)
	at java.base/java.util.stream.ReferencePipeline$3$1.accept(ReferencePipeline.java:214)
	at java.base/java.util.stream.ReferencePipeline$2$1.accept(ReferencePipeline.java:197)
	at java.base/java.util.stream.ReferencePipeline$3$1.accept(ReferencePipeline.java:214)
	at java.base/java.util.ArrayList$ArrayListSpliterator.forEachRemaining(ArrayList.java:1716)
	at java.base/java.util.stream.AbstractPipeline.copyInto(AbstractPipeline.java:570)
	at java.base/java.util.stream.AbstractPipeline.wrapAndCopyInto(AbstractPipeline.java:560)
	at java.base/java.util.stream.ForEachOps$ForEachOp.evaluateSequential(ForEachOps.java:153)
	at java.base/java.util.stream.ForEachOps$ForEachOp$OfRef.evaluateSequential(ForEachOps.java:176)
	at java.base/java.util.stream.AbstractPipeline.evaluate(AbstractPipeline.java:265)
	at java.base/java.util.stream.ReferencePipeline.forEach(ReferencePipeline.java:632)
	at org.junit.jupiter.engine.descriptor.ClassBasedTestDescriptor.invokeTestInstancePostProcessors(ClassBasedTestDescriptor.java:422)
	at org.junit.jupiter.engine.descriptor.ClassBasedTestDescriptor.lambda$instantiateAndPostProcessTestInstance$0(ClassBasedTestDescriptor.java:334)
	at org.junit.platform.engine.support.hierarchical.ThrowableCollector.execute(ThrowableCollector.java:74)
	at org.junit.jupiter.engine.descriptor.ClassBasedTestDescriptor.instantiateAndPostProcessTestInstance(ClassBasedTestDescriptor.java:333)
	at org.junit.jupiter.engine.descriptor.ClassBasedTestDescriptor.lambda$testInstancesProvider$1(ClassBasedTestDescriptor.java:322)
	at java.base/java.util.Optional.orElseGet(Optional.java:364)
	at org.junit.jupiter.engine.descriptor.ClassBasedTestDescriptor.lambda$testInstancesProvider$0(ClassBasedTestDescriptor.java:321)
	at org.junit.jupiter.engine.execution.TestInstancesProvider.getTestInstances(TestInstancesProvider.java:27)
	at org.junit.jupiter.engine.descriptor.TestMethodTestDescriptor.lambda$prepare$0(TestMethodTestDescriptor.java:127)
	at org.junit.platform.engine.support.hierarchical.ThrowableCollector.execute(ThrowableCollector.java:74)
	at org.junit.jupiter.engine.descriptor.TestMethodTestDescriptor.prepare(TestMethodTestDescriptor.java:126)
	at org.junit.jupiter.engine.descriptor.TestMethodTestDescriptor.prepare(TestMethodTestDescriptor.java:70)
	at org.junit.platform.engine.support.hierarchical.NodeTestTask.lambda$prepare$0(NodeTestTask.java:144)
	at org.junit.platform.engine.support.hierarchical.ThrowableCollector.execute(ThrowableCollector.java:74)
	at org.junit.platform.engine.support.hierarchical.NodeTestTask.prepare(NodeTestTask.java:144)
	at org.junit.platform.engine.support.hierarchical.NodeTestTask.execute(NodeTestTask.java:110)
	at java.base/java.util.ArrayList.forEach(ArrayList.java:1604)
	at org.junit.platform.engine.support.hierarchical.SameThreadHierarchicalTestExecutorService.invokeAll(SameThreadHierarchicalTestExecutorService.java:42)
	at org.junit.platform.engine.support.hierarchical.NodeTestTask.lambda$executeRecursively$2(NodeTestTask.java:180)
	at org.junit.platform.engine.support.hierarchical.ThrowableCollector.execute(ThrowableCollector.java:74)
	at org.junit.platform.engine.support.hierarchical.NodeTestTask.lambda$executeRecursively$1(NodeTestTask.java:166)
	at org.junit.platform.engine.support.hierarchical.Node.around(Node.java:138)
	at org.junit.platform.engine.support.hierarchical.NodeTestTask.lambda$executeRecursively$0(NodeTestTask.java:164)
	at org.junit.platform.engine.support.hierarchical.ThrowableCollector.execute(ThrowableCollector.java:74)
	at org.junit.platform.engine.support.hierarchical.NodeTestTask.executeRecursively(NodeTestTask.java:163)
	at org.junit.platform.engine.support.hierarchical.NodeTestTask.execute(NodeTestTask.java:116)
	at java.base/java.util.ArrayList.forEach(ArrayList.java:1604)
	at org.junit.platform.engine.support.hierarchical.SameThreadHierarchicalTestExecutorService.invokeAll(SameThreadHierarchicalTestExecutorService.java:42)
	at org.junit.platform.engine.support.hierarchical.NodeTestTask.lambda$executeRecursively$2(NodeTestTask.java:180)
	at org.junit.platform.engine.support.hierarchical.ThrowableCollector.execute(ThrowableCollector.java:74)
	at org.junit.platform.engine.support.hierarchical.NodeTestTask.lambda$executeRecursively$1(NodeTestTask.java:166)
	at org.junit.platform.engine.support.hierarchical.Node.around(Node.java:138)
	at org.junit.platform.engine.support.hierarchical.NodeTestTask.lambda$executeRecursively$0(NodeTestTask.java:164)
	at org.junit.platform.engine.support.hierarchical.ThrowableCollector.execute(ThrowableCollector.java:74)
	at org.junit.platform.engine.support.hierarchical.NodeTestTask.executeRecursively(NodeTestTask.java:163)
	at org.junit.platform.engine.support.hierarchical.NodeTestTask.execute(NodeTestTask.java:116)
	at org.junit.platform.engine.support.hierarchical.SameThreadHierarchicalTestExecutorService.submit(SameThreadHierarchicalTestExecutorService.java:36)
	at org.junit.platform.engine.support.hierarchical.HierarchicalTestExecutor.execute(HierarchicalTestExecutor.java:52)
	at org.junit.platform.engine.support.hierarchical.HierarchicalTestEngine.execute(HierarchicalTestEngine.java:58)
	at org.junit.platform.launcher.core.EngineExecutionOrchestrator.executeEngine(EngineExecutionOrchestrator.java:246)
	at org.junit.platform.launcher.core.EngineExecutionOrchestrator.failOrExecuteEngine(EngineExecutionOrchestrator.java:218)
	at org.junit.platform.launcher.core.EngineExecutionOrchestrator.execute(EngineExecutionOrchestrator.java:179)
	at org.junit.platform.launcher.core.EngineExecutionOrchestrator.execute(EngineExecutionOrchestrator.java:108)
	at org.junit.platform.launcher.core.EngineExecutionOrchestrator.lambda$execute$0(EngineExecutionOrchestrator.java:66)
	at org.junit.platform.launcher.core.EngineExecutionOrchestrator.withInterceptedStreams(EngineExecutionOrchestrator.java:157)
	at org.junit.platform.launcher.core.EngineExecutionOrchestrator.execute(EngineExecutionOrchestrator.java:65)
	at org.junit.platform.launcher.core.DefaultLauncher.execute(DefaultLauncher.java:125)
	at org.junit.platform.launcher.core.DefaultLauncher.execute(DefaultLauncher.java:114)
	at org.junit.platform.launcher.core.DefaultLauncher.execute(DefaultLauncher.java:93)
	at org.junit.platform.launcher.core.DelegatingLauncher.execute(DelegatingLauncher.java:48)
	at org.junit.platform.launcher.core.InterceptingLauncher.lambda$execute$0(InterceptingLauncher.java:41)
	at org.junit.platform.launcher.core.ClasspathAlignmentCheckingLauncherInterceptor.intercept(ClasspathAlignmentCheckingLauncherInterceptor.java:25)
	at org.junit.platform.launcher.core.InterceptingLauncher.execute(InterceptingLauncher.java:40)
	at org.junit.platform.launcher.core.DelegatingLauncher.execute(DelegatingLauncher.java:48)
	at org.apache.maven.surefire.junitplatform.LazyLauncher.execute(LazyLauncher.java:56)
	at org.apache.maven.surefire.junitplatform.JUnitPlatformProvider.execute(JUnitPlatformProvider.java:184)
	at org.apache.maven.surefire.junitplatform.JUnitPlatformProvider.invokeAllTests(JUnitPlatformProvider.java:148)
	at org.apache.maven.surefire.junitplatform.JUnitPlatformProvider.invoke(JUnitPlatformProvider.java:122)
	at org.apache.maven.surefire.booter.ForkedBooter.runSuitesInProcess(ForkedBooter.java:385)
	at org.apache.maven.surefire.booter.ForkedBooter.execute(ForkedBooter.java:162)
	at org.apache.maven.surefire.booter.ForkedBooter.run(ForkedBooter.java:507)
	at org.apache.maven.surefire.booter.ForkedBooter.main(ForkedBooter.java:495)
Caused by: org.springframework.beans.factory.BeanCreationException: Error creating bean with name 'entityManagerFactory' defined in kr.ac.hansung.cse.config.DbConfig: Unable to create requested service [org.hibernate.engine.jdbc.env.spi.JdbcEnvironment] due to: Unable to determine Dialect without JDBC metadata (please set 'jakarta.persistence.jdbc.url' for common cases or 'hibernate.dialect' when a custom Dialect implementation must be provided)
	at org.springframework.beans.factory.support.AbstractAutowireCapableBeanFactory.initializeBean(AbstractAutowireCapableBeanFactory.java:1817)
	at org.springframework.beans.factory.support.AbstractAutowireCapableBeanFactory.doCreateBean(AbstractAutowireCapableBeanFactory.java:603)
	at org.springframework.beans.factory.support.AbstractAutowireCapableBeanFactory.createBean(AbstractAutowireCapableBeanFactory.java:525)
	at org.springframework.beans.factory.support.AbstractBeanFactory.lambda$doGetBean$0(AbstractBeanFactory.java:333)
	at org.springframework.beans.factory.support.DefaultSingletonBeanRegistry.getSingleton(DefaultSingletonBeanRegistry.java:371)
	at org.springframework.beans.factory.support.AbstractBeanFactory.doGetBean(AbstractBeanFactory.java:331)
	at org.springframework.beans.factory.support.AbstractBeanFactory.getBean(AbstractBeanFactory.java:201)
	at org.springframework.context.support.AbstractApplicationContext.finishBeanFactoryInitialization(AbstractApplicationContext.java:966)
	at org.springframework.context.support.AbstractApplicationContext.refresh(AbstractApplicationContext.java:620)
	at org.springframework.test.context.support.AbstractGenericContextLoader.loadContext(AbstractGenericContextLoader.java:253)
	at org.springframework.test.context.support.AbstractGenericContextLoader.loadContext(AbstractGenericContextLoader.java:111)
	at org.springframework.test.context.support.AbstractDelegatingSmartContextLoader.loadContext(AbstractDelegatingSmartContextLoader.java:213)
	at org.springframework.test.context.cache.DefaultCacheAwareContextLoaderDelegate.loadContextInternal(DefaultCacheAwareContextLoaderDelegate.java:247)
	at org.springframework.test.context.cache.DefaultCacheAwareContextLoaderDelegate.lambda$loadContext$0(DefaultCacheAwareContextLoaderDelegate.java:167)
	... 83 common frames omitted
Caused by: org.hibernate.service.spi.ServiceException: Unable to create requested service [org.hibernate.engine.jdbc.env.spi.JdbcEnvironment] due to: Unable to determine Dialect without JDBC metadata (please set 'jakarta.persistence.jdbc.url' for common cases or 'hibernate.dialect' when a custom Dialect implementation must be provided)
	at org.hibernate.service.internal.AbstractServiceRegistryImpl.createService(AbstractServiceRegistryImpl.java:275)
	at org.hibernate.service.internal.AbstractServiceRegistryImpl.initializeService(AbstractServiceRegistryImpl.java:237)
	at org.hibernate.service.internal.AbstractServiceRegistryImpl.getService(AbstractServiceRegistryImpl.java:214)
	at org.hibernate.boot.model.relational.Database.<init>(Database.java:43)
	at org.hibernate.boot.internal.InFlightMetadataCollectorImpl.getDatabase(InFlightMetadataCollectorImpl.java:254)
	at org.hibernate.boot.internal.InFlightMetadataCollectorImpl.<init>(InFlightMetadataCollectorImpl.java:210)
	at org.hibernate.boot.model.process.spi.MetadataBuildingProcess.complete(MetadataBuildingProcess.java:185)
	at org.hibernate.jpa.boot.internal.EntityManagerFactoryBuilderImpl.metadata(EntityManagerFactoryBuilderImpl.java:1412)
	at org.hibernate.jpa.boot.internal.EntityManagerFactoryBuilderImpl.populateSessionFactoryBuilder(EntityManagerFactoryBuilderImpl.java:1493)
	at org.hibernate.jpa.boot.internal.EntityManagerFactoryBuilderImpl.build(EntityManagerFactoryBuilderImpl.java:1475)
	at org.springframework.orm.jpa.vendor.SpringHibernateJpaPersistenceProvider.createContainerEntityManagerFactory(SpringHibernateJpaPersistenceProvider.java:66)
	at org.springframework.orm.jpa.LocalContainerEntityManagerFactoryBean.createNativeEntityManagerFactory(LocalContainerEntityManagerFactoryBean.java:433)
	at org.springframework.orm.jpa.AbstractEntityManagerFactoryBean.buildNativeEntityManagerFactory(AbstractEntityManagerFactoryBean.java:416)
	at org.springframework.orm.jpa.AbstractEntityManagerFactoryBean.afterPropertiesSet(AbstractEntityManagerFactoryBean.java:396)
	at org.springframework.orm.jpa.LocalContainerEntityManagerFactoryBean.afterPropertiesSet(LocalContainerEntityManagerFactoryBean.java:409)
	at org.springframework.beans.factory.support.AbstractAutowireCapableBeanFactory.invokeInitMethods(AbstractAutowireCapableBeanFactory.java:1864)
	at org.springframework.beans.factory.support.AbstractAutowireCapableBeanFactory.initializeBean(AbstractAutowireCapableBeanFactory.java:1813)
	... 96 common frames omitted
Caused by: org.hibernate.HibernateException: Unable to determine Dialect without JDBC metadata (please set 'jakarta.persistence.jdbc.url' for common cases or 'hibernate.dialect' when a custom Dialect implementation must be provided)
	at org.hibernate.engine.jdbc.dialect.internal.DialectFactoryImpl.determineDialect(DialectFactoryImpl.java:190)
	at org.hibernate.engine.jdbc.dialect.internal.DialectFactoryImpl.buildDialect(DialectFactoryImpl.java:86)
	at org.hibernate.engine.jdbc.env.internal.JdbcEnvironmentInitiator.getJdbcEnvironmentWithDefaults(JdbcEnvironmentInitiator.java:205)
	at org.hibernate.engine.jdbc.env.internal.JdbcEnvironmentInitiator.getJdbcEnvironmentUsingJdbcMetadata(JdbcEnvironmentInitiator.java:427)
	at org.hibernate.engine.jdbc.env.internal.JdbcEnvironmentInitiator.getJdbcEnvironment(JdbcEnvironmentInitiator.java:147)
	at org.hibernate.engine.jdbc.env.internal.JdbcEnvironmentInitiator.initiateService(JdbcEnvironmentInitiator.java:125)
	at org.hibernate.engine.jdbc.env.internal.JdbcEnvironmentInitiator.initiateService(JdbcEnvironmentInitiator.java:80)
	at org.hibernate.boot.registry.internal.StandardServiceRegistryImpl.initiateService(StandardServiceRegistryImpl.java:133)
	at org.hibernate.service.internal.AbstractServiceRegistryImpl.createService(AbstractServiceRegistryImpl.java:262)
	... 112 common frames omitted
]]></system-out>
  </testcase>
</testsuite>