<?xml version="1.0" encoding="UTF-8"?>
<testsuite xmlns:xsi="http://www.w3.org/2001/XMLSchema-instance" xsi:noNamespaceSchemaLocation="https://maven.apache.org/surefire/maven-surefire-plugin/xsd/surefire-test-report-3.0.xsd" version="3.0" name="kr.ac.hansung.cse.CategoryServiceTest" time="0.614" tests="2" errors="2" skipped="0" failures="0">
  <properties>
[...]
</properties>
  <testcase name="createCategory_rejectsDuplicateIgnoringInnerSpaces" classname="kr.ac.hansung.cse.CategoryServiceTest" time="0.004">
    <error message="Failed to load ApplicationContext for [MergedContextConfiguration@7a65a360 testClass = kr.ac.hansung.cse.CategoryServiceTest, locations = [], classes = [kr.ac.hansung.cse.config.DbConfig], contextInitializerClasses = [], activeProfiles = [], propertySourceDescriptors = [], propertySourceProperties = [], contextCustomizers = [org.springframework.test.context.support.DynamicPropertiesContextCustomizer@0], contextLoader = org.springframework.test.context.support.DelegatingSmartContextLoader, parent = null]" type="java.lang.IllegalStateException"><![CDATA[java.lang.IllegalStateException: Failed to load ApplicationContext for [MergedContextConfiguration@7a65a360 testClass = kr.ac.hansung.cse.CategoryServiceTest, locations = [], classes = [kr.ac.hansung.cse.config.DbConfig], contextInitializerClasses = [], activeProfiles = [], propertySourceDescriptors = [], propertySourceProperties = [], contextCustomizers = [org.springframework.test.context.support.DynamicPropertiesContextCustomizer@0], contextLoader = org.springframework.test.context.support.DelegatingSmartContextLoader, parent = null]
	at org.springframework.test.context.cache.DefaultCacheAwareContextLoaderDelegate.lambda$loadContext$0(DefaultCacheAwareContextLoaderDelegate.java:195)
	at org.springframework.test.context.cache.DefaultContextCache.put(DefaultContextCache.java:172)
	at org.springframework.test.context.cache.DefaultCacheAwareContextLoaderDelegate.loadContext(DefaultCacheAwareContextLoaderDelegate.java:160)
	at org.springframework.test.context.support.DefaultTestContext.getApplicationContext(DefaultTestContext.java:128)
	at org.springframework.test.context.support.DependencyInjectionTestExecutionListener.injectDependencies(DependencyInjectionTestExecutionListener.java:155)
	at org.springframework.test.context.support.DependencyInjectionTestExecutionListener.prepareTestInstance(DependencyInjectionTestExecutionListener.java:111)
	at org.springframework.test.context.TestContextManager.prepareTestInstance(TestContextManager.java:260)
	at org.springframework.test.context.junit.jupiter.SpringExtension.postProcessTestInstance(SpringExtension.java:203)
	at java.base/java.util.stream.ForEachOps$ForEachOp$OfRef.accept(ForEachOps.java:186)
	at java.base/java.util.stream.ReferencePipeline$3$1.accept(ReferencePipeline.java:214)
	at java.base/java.util.stream.ReferencePipeline$2$1.accept(ReferencePipeline.java:197)
	at java.base/java.util.stream.ReferencePipeline$3$1.accept(ReferencePipeline.java:214)
	at java.base/java.util.ArrayList$ArrayListSpliterator.forEachRemaining(ArrayList.java:1716)
	at java.base/java.util.stream.AbstractPipeline.copyInto(AbstractPipeline.java:570)
	at java.base/java.util.stream.AbstractPipeline.wrapAndCopyInto(AbstractPipeline.java:560)
	at java.base/java.util.stream.ForEachOps$ForEachOp.evaluateSequential(ForEachOps.java:153)
	at java.base/java.util.stream.ForEachOps$ForEachOp$OfRef.evaluateSequential(ForEachOps.java:176)
	at java.base/java.util.stream.AbstractPipeline.evaluate(AbstractPipeline.java:265)
	at java.base/java.util.stream.ReferencePipeline.forEach(ReferencePipeline.java:632)
	at java.base/java.util.Optional.orElseGet(Optional.java:364)
	at java.base/java.util.ArrayList.forEach(ArrayList.java:1604)
	at java.base/java.util.ArrayList.forEach(ArrayList.java:1604)
Caused by: org.springframework.beans.factory.BeanCreationException: Error creating bean with name 'entityManagerFactory' defined in kr.ac.hansung.cse.config.DbConfig: Unable to create requested service [org.hibernate.engine.jdbc.env.spi.JdbcEnvironment] due to: Unable to determine Dialect without JDBC metadata (please set 'jakarta.persistence.jdbc.url' for common cases or 'hibernate.dialect' when a custom Dialect implementation must be provided)
	at org.springframework.beans.factory.support.AbstractAutowireCapableBeanFactory.initializeBean(AbstractAutowireCapableBeanFactory.java:1817)
	at org.springframework.beans.factory.support.AbstractAutowireCapableBeanFactory.doCreateBean(AbstractAutowireCapableBeanFactory.java:603)
	at org.springframework.beans.factory.support.AbstractAutowireCapableBeanFactory.createBean(AbstractAutowireCapableBeanFactory.java:525)
	at org.springframework.beans.factory.support.AbstractBeanFactory.lambda$doGetBean$0(AbstractBeanFactory.java:333)
	at org.springframework.beans.factory.support.DefaultSingletonBeanRegistry.getSingleton(DefaultSingletonBeanRegistry.java:371)
	at org.springframework.beans.factory.support.AbstractBeanFactory.doGetBean(AbstractBeanFactory.java:331)
	at org.springframework.beans.factory.support.AbstractBeanFactory.getBean(AbstractBeanFactory.java:201)
	at org.springframework.context.support.AbstractApplicationContext.finishBeanFactoryInitialization(AbstractApplicationContext.java:966)
	at org.springframework.context.support.AbstractApplicationContext.refresh(AbstractApplicationContext.java:620)
	at org.springframework.test.context.support.AbstractGenericContextLoader.loadContext(AbstractGenericContextLoader.java:253)
	at org.springframework.test.context.support.AbstractGenericContextLoader.loadContext(AbstractGenericContextLoader.java:111)
	at org.springframework.test.context.support.AbstractDelegatingSmartContextLoader.loadContext(AbstractDelegatingSmartContextLoader.java:213)
	at org.springframework.test.context.cache.DefaultCacheAwareContextLoaderDelegate.loadContextInternal(DefaultCacheAwareContextLoaderDelegate.java:247)
	at org.springframework.test.context.cache.DefaultCacheAwareContextLoaderDelegate.lambda$loadContext$0(DefaultCacheAwareContextLoaderDelegate.java:167)
	... 21 more
Caused by: org.hibernate.service.spi.ServiceException: Unable to create requested service [org.hibernate.engine.jdbc.env.spi.JdbcEnvironment] due to: Unable to determine Dialect without JDBC metadata (please set 'jakarta.persistence.jdbc.url' for common cases or 'hibernate.dialect' when a custom Dialect implementation must be provided)
	at org.hibernate.service.internal.AbstractServiceRegistryImpl.createService(AbstractServiceRegistryImpl.java:275)
	at org.hibernate.service.internal.AbstractServiceRegistryImpl.initializeService(AbstractServiceRegistryImpl.java:237)
	at org.hibernate.service.internal.AbstractServiceRegistryImpl.getService(AbstractServiceRegistryImpl.java:214)
	at org.hibernate.boot.model.relational.Database.<init>(Database.java:43)
	at org.hibernate.boot.internal.InFlightMetadataCollectorImpl.getDatabase(InFlightMetadataCollectorImpl.java:254)
	at org.hibernate.boot.internal.InFlightMetadataCollectorImpl.<init>(InFlightMetadataCollectorImpl.java:210)
	at org.hibernate.boot.model.process.spi.MetadataBuildingProcess.complete(MetadataBuildingProcess.java:185)
	at org.hibernate.jpa.boot.internal.EntityManagerFactoryBuilderImpl.metadata(EntityManagerFactoryBuilderImpl.java:1412)
	at org.hibernate.jpa.boot.internal.EntityManagerFactoryBuilderImpl.populateSessionFactoryBuilder(EntityManagerFactoryBuilderImpl.java:1493)
	at org.hibernate.jpa.boot.internal.EntityManagerFactoryBuilderImpl.build(EntityManagerFactoryBuilderImpl.java:1475)
	at org.springframework.orm.jpa.vendor.SpringHibernateJpaPersistenceProvider.createContainerEntityManagerFactory(SpringHibernateJpaPersistenceProvider.java:66)
	at org.springframework.orm.jpa.LocalContainerEntityManagerFactoryBean.createNativeEntityManagerFactory(LocalContainerEntityManagerFactoryBean.java:433)
	at org.springframework.orm.jpa.AbstractEntityManagerFactoryBean.buildNativeEntityManagerFactory(AbstractEntityManagerFactoryBean.java:416)
	at org.springframework.orm.jpa.AbstractEntityManagerFactoryBean.afterPropertiesSet(AbstractEntityManagerFactoryBean.java:396)
	at org.springframework.orm.jpa.LocalContainerEntityManagerFactoryBean.afterPropertiesSet(LocalContainerEntityManagerFactoryBean.java:409)
	at org.springframework.beans.factory.support.AbstractAutowireCapableBeanFactory.invokeInitMethods(AbstractAutowireCapableBeanFactory.java:1864)
	at org.springframework.beans.factory.support.AbstractAutowireCapableBeanFactory.initializeBean(AbstractAutowireCapableBeanFactory.java:1813)
	... 34 more
Caused by: org.hibernate.HibernateException: Unable to determine Dialect without JDBC metadata (please set 'jakarta.persistence.jdbc.url' for common cases or 'hibernate.dialect' when a custom Dialect implementation must be provided)
	at org.hibernate.engine.jdbc.dialect.internal.DialectFactoryImpl.determineDialect(DialectFactoryImpl.java:190)
	at org.hibernate.engine.jdbc.dialect.internal.DialectFactoryImpl.buildDialect(DialectFactoryImpl.java:86)
	at org.hibernate.engine.jdbc.env.internal.JdbcEnvironmentInitiator.getJdbcEnvironmentWithDefaults(JdbcEnvironmentInitiator.java:205)
	at org.hibernate.engine.jdbc.env.internal.JdbcEnvironmentInitiator.getJdbcEnvironmentUsingJdbcMetadata(JdbcEnvironmentInitiator.java:427)
	at org.hibernate.engine.jdbc.env.internal.JdbcEnvironmentInitiator.getJdbcEnvironment(JdbcEnvironmentInitiator.java:147)
	at org.hibernate.engine.jdbc.env.internal.JdbcEnvironmentInitiator.initiateService(JdbcEnvironmentInitiator.java:125)
	at org.hibernate.engine.jdbc.env.internal.JdbcEnvironmentInitiator.initiateService(JdbcEnvironmentInitiator.java:80)
	at org.hibernate.boot.registry.internal.StandardServiceRegistryImpl.initiateService(StandardServiceRegistryImpl.java:133)
	at org.hibernate.service.internal.AbstractServiceRegistryImpl.createService(AbstractServiceRegistryImpl.java:262)
	... 50 more
]]></error>
    <system-out><![CDATA[16:35:47.457 [main] DEBUG org.springframework.test.context.support.DefaultTestContextBootstrapper -- Using ContextCustomizerFactory implementations for test class [CategoryServiceTest]: [BeanOverrideContextCustomizerFactory, MockServerContainerContextCustomizerFactory, DynamicPropertiesContextCustomizerFactory]
16:35:47.465 [main] DEBUG org.springframework.test.context.support.DefaultTestContextBootstrapper -- Using ContextCustomizers for test class [CategoryServiceTest]: [DynamicPropertiesContextCustomizer]
16:35:47.472 [main] DEBUG org.springframework.test.context.util.TestContextSpringFactoriesUtils -- Skipping candidate TestExecutionListener [org.springframework.test.context.observation.MicrometerObservationRegistryTestExecutionListener] due to a missing dependency. Specify custom TestExecutionListener classes or make the default TestExecutionListener classes and their required dependencies available. Offending class: io.micrometer.context.ThreadLocalAccessor. MicrometerObservationRegistryTestExecutionListener requires io.micrometer:micrometer-observation:1.10.8 or higher and io.micrometer:context-propagation:1.0.3 or higher.
16:35:47.476 [main] DEBUG org.springframework.test.context.support.DefaultTestContextBootstrapper -- Using TestExecutionListeners for test class [CategoryServiceTest]: [ServletTestExecutionListener, DirtiesContextBeforeModesTestExecutionListener, ApplicationEventsTestExecutionListener, BeanOverrideTestExecutionListener, DependencyInjectionTestExecutionListener, DirtiesContextTestExecutionListener, CommonCachesTestExecutionListener, TransactionalTestExecutionListener, SqlScriptsTestExecutionListener, EventPublishingTestExecutionListener, MockitoResetTestExecutionListener]
16:35:47.477 [main] DEBUG org.springframework.test.context.support.DirtiesContextBeforeModesTestExecutionListener -- Before test class: class [CategoryServiceTest], class annotated with @DirtiesContext [false] with mode [null]
16:35:47.484 [main] DEBUG org.springframework.test.context.support.DependencyInjectionTestExecutionListener -- Performing dependency injection for test class kr.ac.hansung.cse.CategoryServiceTest
16:35:47.484 [main] DEBUG org.springframework.test.context.support.AbstractGenericContextLoader -- Loading ApplicationContext for test class kr.ac.hansung.cse.CategoryServiceTest
16:35:47.501 [main] DEBUG org.springframework.core.env.StandardEnvironment -- Activating profiles []
16:35:47.501 [main] DEBUG org.springframework.test.context.support.AnnotationConfigContextLoader -- Registering component classes: [kr.ac.hansung.cse.config.DbConfig]
16:35:47.514 [main] DEBUG org.springframework.context.support.GenericApplicationContext -- Refreshing org.springframework.context.support.GenericApplicationContext@41e350f1
16:35:47.520 [main] DEBUG org.springframework.beans.factory.support.DefaultListableBeanFactory -- Creating shared instance of singleton bean 'org.springframework.context.annotation.internalConfigurationAnnotationProcessor'
16:35:47.546 [main] DEBUG org.springframework.context.annotation.ClassPathBeanDefinitionScanner -- Identified candidate component class: file [/Users/user/Documents/웹프레임워크2/Assignment/helloSpringJpa/target/classes/kr/ac/hansung/cse/service/CategoryService.class]
16:35:47.546 [main] DEBUG org.springframework.context.annotation.ClassPathBeanDefinitionScanner -- Identified candidate component class: file [/Users/user/Documents/웹프레임워크2/Assignment/helloSpringJpa/target/classes/kr/ac/hansung/cse/service/ProductService.class]
16:35:47.549 [main] DEBUG org.springframework.context.annotation.ClassPathBeanDefinitionScanner -- Identified candidate component class: file [/Users/user/Documents/웹프레임워크2/Assignment/helloSpringJpa/target/classes/kr/ac/hansung/cse/repository/CategoryRepository.class]
16:35:47.549 [main] DEBUG org.springframework.context.annotation.ClassPathBeanDefinitionScanner -- Identified candidate component class: file [/Users/user/Documents/웹프레임워크2/Assignment/helloSpringJpa/target/classes/kr/ac/hansung/cse/repository/ProductRepository.class]
16:35:47.549 [main] DEBUG org.springframework.context.annotation.ClassPathBeanDefinitionScanner -- Identified candidate component class: file [/Users/user/Documents/웹프레임워크2/Assignment/helloSpringJpa/target/classes/kr/ac/hansung/cse/repository/TagRepository.class]
16:35:47.601 [main] DEBUG org.springframework.beans.factory.support.DefaultListableBeanFactory -- Creating shared instance of singleton bean 'org.springframework.context.event.internalEventListenerProcessor'
16:35:47.602 [main] DEBUG org.springframework.beans.factory.support.DefaultListableBeanFactory -- Creating shared instance of singleton bean 'org.springframework.context.event.internalEventListenerFactory'
16:35:47.602 [main] DEBUG org.springframework.beans.factory.support.DefaultListableBeanFactory -- Creating shared instance of singleton bean 'org.springframework.transaction.config.internalTransactionalEventListenerFactory'
16:35:47.603 [main] DEBUG org.springframework.beans.factory.support.DefaultListableBeanFactory -- Creating shared instance of singleton bean 'org.springframework.context.annotation.internalAutowiredAnnotationProcessor'
16:35:47.604 [main] DEBUG org.springframework.beans.factory.support.DefaultListableBeanFactory -- Creating shared instance of singleton bean 'org.springframework.context.annotation.internalPersistenceAnnotationProcessor'
16:35:47.604 [main] DEBUG org.springframework.beans.factory.support.DefaultListableBeanFactory -- Creating shared instance of singleton bean 'org.springframework.aop.config.internalAutoProxyCreator'
16:35:47.617 [main] DEBUG org.springframework.beans.factory.support.DefaultListableBeanFactory -- Creating shared instance of singleton bean 'org.springframework.test.context.support.internalDynamicPropertyRegistrarBeanInitializer'
16:35:47.618 [main] DEBUG org.springframework.beans.factory.support.DefaultListableBeanFactory -- Creating shared instance of singleton bean 'org.springframework.transaction.config.internalTransactionAdvisor'
16:35:47.618 [main] DEBUG org.springframework.beans.factory.support.DefaultListableBeanFactory -- Creating shared instance of singleton bean 'org.springframework.transaction.annotation.ProxyTransactionManagementConfiguration'
16:35:47.624 [main] DEBUG org.springframework.beans.factory.support.DefaultListableBeanFactory -- Creating shared instance of singleton bean 'transactionAttributeSource'
16:35:47.625 [main] DEBUG org.springframework.beans.factory.support.DefaultListableBeanFactory -- Creating shared instance of singleton bean 'transactionInterceptor'
16:35:47.625 [main] DEBUG org.springframework.beans.factory.support.DefaultListableBeanFactory -- Autowiring by type from bean name 'transactionInterceptor' via factory method to bean named 'transactionAttributeSource'
16:35:47.628 [main] DEBUG org.springframework.beans.factory.support.DefaultListableBeanFactory -- Autowiring by type from bean name 'org.springframework.transaction.config.internalTransactionAdvisor' via factory method to bean named 'transactionAttributeSource'
16:35:47.628 [main] DEBUG org.springframework.beans.factory.support.DefaultListableBeanFactory -- Autowiring by type from bean name 'org.springframework.transaction.config.internalTransactionAdvisor' via factory method to bean named 'transactionInterceptor'
16:35:47.630 [main] DEBUG org.springframework.beans.factory.support.DefaultListableBeanFactory -- Creating shared instance of singleton bean 'entityManagerFactory'
16:35:47.630 [main] DEBUG org.springframework.beans.factory.support.DefaultListableBeanFactory -- Creating shared instance of singleton bean 'dbConfig'
16:35:47.635 [main] DEBUG org.springframework.beans.factory.support.DefaultListableBeanFactory -- Creating shared instance of singleton bean 'dataSource'
16:35:47.638 [main] DEBUG org.springframework.jdbc.datasource.DriverManagerDataSource -- Loaded JDBC driver: com.mysql.cj.jdbc.Driver
16:35:47.652 [main] DEBUG org.jboss.logging -- Logging Provider: org.jboss.logging.Slf4jLoggerProvider
16:35:47.663 [main] DEBUG org.springframework.orm.jpa.LocalContainerEntityManagerFactoryBean -- Building JPA container EntityManagerFactory for persistence unit 'default'
16:35:47.667 [main] DEBUG org.hibernate.jpa.internal.util.LogHelper -- PersistenceUnitInfo [
	name: default
	persistence provider classname: null
	classloader: jdk.internal.loader.ClassLoaders$AppClassLoader@7a8c5397
	excludeUnlistedClasses: true
	JTA datasource: null
	Non JTA datasource: org.springframework.jdbc.datasource.DriverManagerDataSource@5e3a39cd
	Transaction type: RESOURCE_LOCAL
	PU root URL: file:/Users/user/Documents/%E1%84%8B%E1%85%B0%E1%86%B8%E1%84%91%E1%85%B3%E1%84%85%E1%85%A6%E1%84%8B%E1%85%B5%E1%86%B7%E1%84%8B%E1%85%AF%E1%84%8F%E1%85%B32/Assignment/helloSpringJpa/target/test-classes/
	Shared Cache Mode: UNSPECIFIED
	Validation Mode: AUTO
	Jar files URLs []
	Managed classes names [
		kr.ac.hansung.cse.model.Category
		kr.ac.hansung.cse.model.Product
		kr.ac.hansung.cse.model.ProductDetail
		kr.ac.hansung.cse.model.Tag]
	Mapping files names []
	Properties []
16:35:47.670 [main] DEBUG org.hibernate.integrator.internal.IntegratorServiceImpl -- Adding Integrator [org.hibernate.boot.beanvalidation.BeanValidationIntegrator].
16:35:47.673 [main] DEBUG org.hibernate.integrator.internal.IntegratorServiceImpl -- Adding Integrator [org.hibernate.cache.internal.CollectionCacheInvalidator].
16:35:47.695 [main] INFO org.hibernate.Version -- HHH000412: Hibernate ORM core version 7.0.0.Final
16:35:47.696 [main] DEBUG org.hibernate.cfg.Environment -- HHH000206: 'hibernate.properties' not found
16:35:47.708 [main] DEBUG org.hibernate.cache.internal.RegionFactoryInitiator -- Cannot default RegionFactory based on registered strategies as `[]` RegionFactory strategies were registered
16:35:47.708 [main] DEBUG org.hibernate.cache.internal.RegionFactoryInitiator -- HHH000026: Second-level cache disabled
16:35:47.753 [main] DEBUG org.hibernate.type.BasicTypeRegistry -- Adding type registration boolean -> org.hibernate.type.BasicTypeReference@5bb51241
16:35:47.753 [main] DEBUG org.hibernate.type.BasicTypeRegistry -- Adding type registration boolean -> org.hibernate.type.BasicTypeReference@5bb51241
16:35:47.753 [main] DEBUG org.hibernate.type.BasicTypeRegistry -- Adding type registration java.lang.Boolean -> org.hibernate.type.BasicTypeReference@5bb51241
16:35:47.753 [main] DEBUG org.hibernate.type.BasicTypeRegistry -- Adding type registration numeric_boolean -> org.hibernate.type.BasicTypeReference@7479b626
16:35:47.753 [main] DEBUG org.hibernate.type.BasicTypeRegistry -- Adding type registration org.hibernate.type.NumericBooleanConverter -> org.hibernate.type.BasicTypeReference@7479b626
16:35:47.753 [main] DEBUG org.hibernate.type.BasicTypeRegistry -- Adding type registration true_false -> org.hibernate.type.BasicTypeReference@e8ea697
16:35:47.753 [main] DEBUG org.hibernate.type.BasicTypeRegistry -- Adding type registration org.hibernate.type.TrueFalseConverter -> org.hibernate.type.BasicTypeReference@e8ea697
16:35:47.753 [main] DEBUG org.hibernate.type.BasicTypeRegistry -- Adding type registration yes_no -> org.hibernate.type.BasicTypeReference@74dbb1ee
16:35:47.753 [main] DEBUG org.hibernate.type.BasicTypeRegistry -- Adding type registration org.hibernate.type.YesNoConverter -> org.hibernate.type.BasicTypeReference@74dbb1ee
16:35:47.753 [main] DEBUG org.hibernate.type.BasicTypeRegistry -- Adding type registration byte -> org.hibernate.type.BasicTypeReference@70f822e
16:35:47.753 [main] DEBUG org.hibernate.type.BasicTypeRegistry -- Adding type registration byte -> org.hibernate.type.BasicTypeReference@70f822e
16:35:47.754 [main] DEBUG org.hibernate.type.BasicTypeRegistry -- Adding type registration java.lang.Byte -> org.hibernate.type.BasicTypeReference@70f822e
16:35:47.754 [main] DEBUG org.hibernate.type.BasicTypeRegistry -- Adding type registration binary -> org.hibernate.type.BasicTypeReference@3efedc6f
16:35:47.754 [main] DEBUG org.hibernate.type.BasicTypeRegistry -- Adding type registration byte[] -> org.hibernate.type.BasicTypeReference@3efedc6f
16:35:47.754 [main] DEBUG org.hibernate.type.BasicTypeRegistry -- Adding type registration [B -> org.hibernate.type.BasicTypeReference@3efedc6f
16:35:47.754 [main] DEBUG org.hibernate.type.BasicTypeRegistry -- Adding type registration binary_wrapper -> org.hibernate.type.BasicTypeReference@45bf6f39
16:35:47.754 [main] DEBUG org.hibernate.type.BasicTypeRegistry -- Adding type registration wrapper-binary -> org.hibernate.type.BasicTypeReference@45bf6f39
16:35:47.754 [main] DEBUG org.hibernate.type.BasicTypeRegistry -- Adding type registration image -> org.hibernate.type.BasicTypeReference@6c42f2a1
16:35:47.754 [main] DEBUG org.hibernate.type.BasicTypeRegistry -- Adding type registration blob -> org.hibernate.type.BasicTypeReference@17a703f5
16:35:47.754 [main] DEBUG org.hibernate.type.BasicTypeRegistry -- Adding type registration java.sql.Blob -> org.hibernate.type.BasicTypeReference@17a703f5
16:35:47.754 [main] DEBUG org.hibernate.type.BasicTypeRegistry -- Adding type registration materialized_blob -> org.hibernate.type.BasicTypeReference@5ff2b8ca
16:35:47.754 [main] DEBUG org.hibernate.type.BasicTypeRegistry -- Adding type registration materialized_blob_wrapper -> org.hibernate.type.BasicTypeReference@618ad2aa
16:35:47.754 [main] DEBUG org.hibernate.type.BasicTypeRegistry -- Adding type registration short -> org.hibernate.type.BasicTypeReference@1aa6e3c0
16:35:47.754 [main] DEBUG org.hibernate.type.BasicTypeRegistry -- Adding type registration short -> org.hibernate.type.BasicTypeReference@1aa6e3c0
16:35:47.754 [main] DEBUG org.hibernate.type.BasicTypeRegistry -- Adding type registration java.lang.Short -> org.hibernate.type.BasicTypeReference@1aa6e3c0
16:35:47.754 [main] DEBUG org.hibernate.type.BasicTypeRegistry -- Adding type registration integer -> org.hibernate.type.BasicTypeReference@3531f3ca
16:35:47.754 [main] DEBUG org.hibernate.type.BasicTypeRegistry -- Adding type registration int -> org.hibernate.type.BasicTypeReference@3531f3ca
16:35:47.754 [main] DEBUG org.hibernate.type.BasicTypeRegistry -- Adding type registration java.lang.Integer -> org.hibernate.type.BasicTypeReference@3531f3ca
16:35:47.754 [main] DEBUG org.hibernate.type.BasicTypeRegistry -- Adding type registration long -> org.hibernate.type.BasicTypeReference@7fcf294e
16:35:47.754 [main] DEBUG org.hibernate.type.BasicTypeRegistry -- Adding type registration long -> org.hibernate.type.BasicTypeReference@7fcf294e
16:35:47.754 [main] DEBUG org.hibernate.type.BasicTypeRegistry -- Adding type registration java.lang.Long -> org.hibernate.type.BasicTypeReference@7fcf294e
16:35:47.754 [main] DEBUG org.hibernate.type.BasicTypeRegistry -- Adding type registration float -> org.hibernate.type.BasicTypeReference@4867ab9f
16:35:47.754 [main] DEBUG org.hibernate.type.BasicTypeRegistry -- Adding type registration float -> org.hibernate.type.BasicTypeReference@4867ab9f
16:35:47.755 [main] DEBUG org.hibernate.type.BasicTypeRegistry -- Adding type registration java.lang.Float -> org.hibernate.type.BasicTypeReference@4867ab9f
16:35:47.755 [main] DEBUG org.hibernate.type.BasicTypeRegistry -- Adding type registration double -> org.hibernate.type.BasicTypeReference@65f2f9b0
16:35:47.755 [main] DEBUG org.hibernate.type.BasicTypeRegistry -- Adding type registration double -> org.hibernate.type.BasicTypeReference@65f2f9b0
16:35:47.755 [main] DEBUG org.hibernate.type.BasicTypeRegistry -- Adding type registration java.lang.Double -> org.hibernate.type.BasicTypeReference@65f2f9b0
16:35:47.755 [main] DEBUG org.hibernate.type.BasicTypeRegistry -- Adding type registration big_integer -> org.hibernate.type.BasicTypeReference@5fe7f967
16:35:47.755 [main] DEBUG org.hibernate.type.BasicTypeRegistry -- Adding type registration java.math.BigInteger -> org.hibernate.type.BasicTypeReference@5fe7f967
16:35:47.755 [main] DEBUG org.hibernate.type.BasicTypeRegistry -- Adding type registration big_decimal -> org.hibernate.type.BasicTypeReference@59e43e8c
16:35:47.755 [main] DEBUG org.hibernate.type.BasicTypeRegistry -- Adding type registration java.math.BigDecimal -> org.hibernate.type.BasicTypeReference@59e43e8c
16:35:47.755 [main] DEBUG org.hibernate.type.BasicTypeRegistry -- Adding type registration character -> org.hibernate.type.BasicTypeReference@2caa5d7c
16:35:47.755 [main] DEBUG org.hibernate.type.BasicTypeRegistry -- Adding type registration char -> org.hibernate.type.BasicTypeReference@2caa5d7c
16:35:47.755 [main] DEBUG org.hibernate.type.BasicTypeRegistry -- Adding type registration java.lang.Character -> org.hibernate.type.BasicTypeReference@2caa5d7c
16:35:47.755 [main] DEBUG org.hibernate.type.BasicTypeRegistry -- Adding type registration character_nchar -> org.hibernate.type.BasicTypeReference@5e671e20
16:35:47.755 [main] DEBUG org.hibernate.type.BasicTypeRegistry -- Adding type registration string -> org.hibernate.type.BasicTypeReference@3eabe84a
16:35:47.755 [main] DEBUG org.hibernate.type.BasicTypeRegistry -- Adding type registration java.lang.String -> org.hibernate.type.BasicTypeReference@3eabe84a
16:35:47.755 [main] DEBUG org.hibernate.type.BasicTypeRegistry -- Adding type registration nstring -> org.hibernate.type.BasicTypeReference@46c3a14d
16:35:47.755 [main] DEBUG org.hibernate.type.BasicTypeRegistry -- Adding type registration characters -> org.hibernate.type.BasicTypeReference@38fc5554
16:35:47.755 [main] DEBUG org.hibernate.type.BasicTypeRegistry -- Adding type registration char[] -> org.hibernate.type.BasicTypeReference@38fc5554
16:35:47.755 [main] DEBUG org.hibernate.type.BasicTypeRegistry -- Adding type registration [C -> org.hibernate.type.BasicTypeReference@38fc5554
16:35:47.755 [main] DEBUG org.hibernate.type.BasicTypeRegistry -- Adding type registration wrapper-characters -> org.hibernate.type.BasicTypeReference@5e8cda75
16:35:47.755 [main] DEBUG org.hibernate.type.BasicTypeRegistry -- Adding type registration text -> org.hibernate.type.BasicTypeReference@3f049056
16:35:47.756 [main] DEBUG org.hibernate.type.BasicTypeRegistry -- Adding type registration ntext -> org.hibernate.type.BasicTypeReference@64968732
16:35:47.756 [main] DEBUG org.hibernate.type.BasicTypeRegistry -- Adding type registration clob -> org.hibernate.type.BasicTypeReference@3e1a3801
16:35:47.756 [main] DEBUG org.hibernate.type.BasicTypeRegistry -- Adding type registration java.sql.Clob -> org.hibernate.type.BasicTypeReference@3e1a3801
16:35:47.756 [main] DEBUG org.hibernate.type.BasicTypeRegistry -- Adding type registration nclob -> org.hibernate.type.BasicTypeReference@6fd12c5
16:35:47.756 [main] DEBUG org.hibernate.type.BasicTypeRegistry -- Adding type registration java.sql.NClob -> org.hibernate.type.BasicTypeReference@6fd12c5
16:35:47.756 [main] DEBUG org.hibernate.type.BasicTypeRegistry -- Adding type registration materialized_clob -> org.hibernate.type.BasicTypeReference@1de0a46c
16:35:47.756 [main] DEBUG org.hibernate.type.BasicTypeRegistry -- Adding type registration materialized_clob_char_array -> org.hibernate.type.BasicTypeReference@4d1f1ff5
16:35:47.756 [main] DEBUG org.hibernate.type.BasicTypeRegistry -- Adding type registration materialized_clob_character_array -> org.hibernate.type.BasicTypeReference@222afc67
16:35:47.756 [main] DEBUG org.hibernate.type.BasicTypeRegistry -- Adding type registration materialized_nclob -> org.hibernate.type.BasicTypeReference@4c2fb9dd
16:35:47.756 [main] DEBUG org.hibernate.type.BasicTypeRegistry -- Adding type registration materialized_nclob_character_array -> org.hibernate.type.BasicTypeReference@54f4a7f0
16:35:47.756 [main] DEBUG org.hibernate.type.BasicTypeRegistry -- Adding type registration materialized_nclob_char_array -> org.hibernate.type.BasicTypeReference@61a1ea2c
16:35:47.756 [main] DEBUG org.hibernate.type.BasicTypeRegistry -- Adding type registration Duration -> org.hibernate.type.BasicTypeReference@149debbb
16:35:47.756 [main] DEBUG org.hibernate.type.BasicTypeRegistry -- Adding type registration java.time.Duration -> org.hibernate.type.BasicTypeReference@149debbb
16:35:47.756 [main] DEBUG org.hibernate.type.BasicTypeRegistry -- Adding type registration LocalDateTime -> org.hibernate.type.BasicTypeReference@25cd49a4
16:35:47.756 [main] DEBUG org.hibernate.type.BasicTypeRegistry -- Adding type registration java.time.LocalDateTime -> org.hibernate.type.BasicTypeReference@25cd49a4
16:35:47.756 [main] DEBUG org.hibernate.type.BasicTypeRegistry -- Adding type registration LocalDate -> org.hibernate.type.BasicTypeReference@5477a1ca
16:35:47.756 [main] DEBUG org.hibernate.type.BasicTypeRegistry -- Adding type registration java.time.LocalDate -> org.hibernate.type.BasicTypeReference@5477a1ca
16:35:47.756 [main] DEBUG org.hibernate.type.BasicTypeRegistry -- Adding type registration LocalTime -> org.hibernate.type.BasicTypeReference@3ae9d1e2
16:35:47.756 [main] DEBUG org.hibernate.type.BasicTypeRegistry -- Adding type registration java.time.LocalTime -> org.hibernate.type.BasicTypeReference@3ae9d1e2
16:35:47.756 [main] DEBUG org.hibernate.type.BasicTypeRegistry -- Adding type registration OffsetDateTime -> org.hibernate.type.BasicTypeReference@41522537
16:35:47.756 [main] DEBUG org.hibernate.type.BasicTypeRegistry -- Adding type registration java.time.OffsetDateTime -> org.hibernate.type.BasicTypeReference@41522537
16:35:47.756 [main] DEBUG org.hibernate.type.BasicTypeRegistry -- Adding type registration OffsetDateTimeWithTimezone -> org.hibernate.type.BasicTypeReference@e9dc4d0
16:35:47.756 [main] DEBUG org.hibernate.type.BasicTypeRegistry -- Adding type registration OffsetDateTimeWithoutTimezone -> org.hibernate.type.BasicTypeReference@670d4d38
16:35:47.756 [main] DEBUG org.hibernate.type.BasicTypeRegistry -- Adding type registration OffsetTime -> org.hibernate.type.BasicTypeReference@131ff6fa
16:35:47.757 [main] DEBUG org.hibernate.type.BasicTypeRegistry -- Adding type registration java.time.OffsetTime -> org.hibernate.type.BasicTypeReference@131ff6fa
16:35:47.757 [main] DEBUG org.hibernate.type.BasicTypeRegistry -- Adding type registration OffsetTimeUtc -> org.hibernate.type.BasicTypeReference@43b40233
16:35:47.757 [main] DEBUG org.hibernate.type.BasicTypeRegistry -- Adding type registration OffsetTimeWithTimezone -> org.hibernate.type.BasicTypeReference@23eff5d1
16:35:47.757 [main] DEBUG org.hibernate.type.BasicTypeRegistry -- Adding type registration OffsetTimeWithoutTimezone -> org.hibernate.type.BasicTypeReference@2e060819
16:35:47.757 [main] DEBUG org.hibernate.type.BasicTypeRegistry -- Adding type registration ZonedDateTime -> org.hibernate.type.BasicTypeReference@42c28305
16:35:47.757 [main] DEBUG org.hibernate.type.BasicTypeRegistry -- Adding type registration java.time.ZonedDateTime -> org.hibernate.type.BasicTypeReference@42c28305
16:35:47.757 [main] DEBUG org.hibernate.type.BasicTypeRegistry -- Adding type registration ZonedDateTimeWithTimezone -> org.hibernate.type.BasicTypeReference@2184b4f4
16:35:47.757 [main] DEBUG org.hibernate.type.BasicTypeRegistry -- Adding type registration ZonedDateTimeWithoutTimezone -> org.hibernate.type.BasicTypeReference@7d199c68
16:35:47.757 [main] DEBUG org.hibernate.type.BasicTypeRegistry -- Adding type registration date -> org.hibernate.type.BasicTypeReference@63411512
16:35:47.757 [main] DEBUG org.hibernate.type.BasicTypeRegistry -- Adding type registration java.sql.Date -> org.hibernate.type.BasicTypeReference@63411512
16:35:47.757 [main] DEBUG org.hibernate.type.BasicTypeRegistry -- Adding type registration time -> org.hibernate.type.BasicTypeReference@35cd68d4
16:35:47.757 [main] DEBUG org.hibernate.type.BasicTypeRegistry -- Adding type registration java.sql.Time -> org.hibernate.type.BasicTypeReference@35cd68d4
16:35:47.757 [main] DEBUG org.hibernate.type.BasicTypeRegistry -- Adding type registration timestamp -> org.hibernate.type.BasicTypeReference@316a598d
16:35:47.757 [main] DEBUG org.hibernate.type.BasicTypeRegistry -- Adding type registration java.sql.Timestamp -> org.hibernate.type.BasicTypeReference@316a598d
16:35:47.757 [main] DEBUG org.hibernate.type.BasicTypeRegistry -- Adding type registration java.util.Date -> org.hibernate.type.BasicTypeReference@316a598d
16:35:47.757 [main] DEBUG org.hibernate.type.BasicTypeRegistry -- Adding type registration calendar -> org.hibernate.type.BasicTypeReference@216914
16:35:47.757 [main] DEBUG org.hibernate.type.BasicTypeRegistry -- Adding type registration java.util.Calendar -> org.hibernate.type.BasicTypeReference@216914
16:35:47.757 [main] DEBUG org.hibernate.type.BasicTypeRegistry -- Adding type registration java.util.GregorianCalendar -> org.hibernate.type.BasicTypeReference@216914
16:35:47.757 [main] DEBUG org.hibernate.type.BasicTypeRegistry -- Adding type registration calendar_date -> org.hibernate.type.BasicTypeReference@6ba30587
16:35:47.757 [main] DEBUG org.hibernate.type.BasicTypeRegistry -- Adding type registration calendar_time -> org.hibernate.type.BasicTypeReference@35764bef
16:35:47.757 [main] DEBUG org.hibernate.type.BasicTypeRegistry -- Adding type registration instant -> org.hibernate.type.BasicTypeReference@5633dafd
16:35:47.757 [main] DEBUG org.hibernate.type.BasicTypeRegistry -- Adding type registration java.time.Instant -> org.hibernate.type.BasicTypeReference@5633dafd
16:35:47.757 [main] DEBUG org.hibernate.type.BasicTypeRegistry -- Adding type registration uuid -> org.hibernate.type.BasicTypeReference@5d5160e6
16:35:47.757 [main] DEBUG org.hibernate.type.BasicTypeRegistry -- Adding type registration java.util.UUID -> org.hibernate.type.BasicTypeReference@5d5160e6
16:35:47.757 [main] DEBUG org.hibernate.type.BasicTypeRegistry -- Adding type registration pg-uuid -> org.hibernate.type.BasicTypeReference@5d5160e6
16:35:47.757 [main] DEBUG org.hibernate.type.BasicTypeRegistry -- Adding type registration uuid-binary -> org.hibernate.type.BasicTypeReference@2eadc9f6
16:35:47.757 [main] DEBUG org.hibernate.type.BasicTypeRegistry -- Adding type registration uuid-char -> org.hibernate.type.BasicTypeReference@2903c6ff
16:35:47.757 [main] DEBUG org.hibernate.type.BasicTypeRegistry -- Adding type registration class -> org.hibernate.type.BasicTypeReference@61af1510
16:35:47.757 [main] DEBUG org.hibernate.type.BasicTypeRegistry -- Adding type registration java.lang.Class -> org.hibernate.type.BasicTypeReference@61af1510
16:35:47.757 [main] DEBUG org.hibernate.type.BasicTypeRegistry -- Adding type registration currency -> org.hibernate.type.BasicTypeReference@37af1f93
16:35:47.757 [main] DEBUG org.hibernate.type.BasicTypeRegistry -- Adding type registration Currency -> org.hibernate.type.BasicTypeReference@37af1f93
16:35:47.758 [main] DEBUG org.hibernate.type.BasicTypeRegistry -- Adding type registration java.util.Currency -> org.hibernate.type.BasicTypeReference@37af1f93
16:35:47.758 [main] DEBUG org.hibernate.type.BasicTypeRegistry -- Adding type registration locale -> org.hibernate.type.BasicTypeReference@778d82e9
16:35:47.758 [main] DEBUG org.hibernate.type.BasicTypeRegistry -- Adding type registration java.util.Locale -> org.hibernate.type.BasicTypeReference@778d82e9
16:35:47.758 [main] DEBUG org.hibernate.type.BasicTypeRegistry -- Adding type registration serializable -> org.hibernate.type.BasicTypeReference@408e96d9
16:35:47.758 [main] DEBUG org.hibernate.type.BasicTypeRegistry -- Adding type registration java.io.Serializable -> org.hibernate.type.BasicTypeReference@408e96d9
16:35:47.758 [main] DEBUG org.hibernate.type.BasicTypeRegistry -- Adding type registration timezone -> org.hibernate.type.BasicTypeReference@59901c4d
16:35:47.758 [main] DEBUG org.hibernate.type.BasicTypeRegistry -- Adding type registration java.util.TimeZone -> org.hibernate.type.BasicTypeReference@59901c4d
16:35:47.758 [main] DEBUG org.hibernate.type.BasicTypeRegistry -- Adding type registration ZoneOffset -> org.hibernate.type.BasicTypeReference@168cd36b
16:35:47.758 [main] DEBUG org.hibernate.type.BasicTypeRegistry -- Adding type registration java.time.ZoneOffset -> org.hibernate.type.BasicTypeReference@168cd36b
16:35:47.758 [main] DEBUG org.hibernate.type.BasicTypeRegistry -- Adding type registration url -> org.hibernate.type.BasicTypeReference@d8d9199
16:35:47.758 [main] DEBUG org.hibernate.type.BasicTypeRegistry -- Adding type registration java.net.URL -> org.hibernate.type.BasicTypeReference@d8d9199
16:35:47.758 [main] DEBUG org.hibernate.type.BasicTypeRegistry -- Adding type registration vector -> org.hibernate.type.BasicTypeReference@3901f6af
16:35:47.758 [main] DEBUG org.hibernate.type.BasicTypeRegistry -- Adding type registration float_vector -> org.hibernate.type.BasicTypeReference@71ad3d8a
16:35:47.758 [main] DEBUG org.hibernate.type.BasicTypeRegistry -- Adding type registration double_vector -> org.hibernate.type.BasicTypeReference@47af099e
16:35:47.758 [main] DEBUG org.hibernate.type.BasicTypeRegistry -- Adding type registration byte_vector -> org.hibernate.type.BasicTypeReference@700f518a
16:35:47.758 [main] DEBUG org.hibernate.type.BasicTypeRegistry -- Adding type registration row_version -> org.hibernate.type.BasicTypeReference@b835727
16:35:47.760 [main] DEBUG org.hibernate.type.BasicTypeRegistry -- Adding type registration object -> org.hibernate.type.JavaObjectType@396639b
16:35:47.760 [main] DEBUG org.hibernate.type.BasicTypeRegistry -- Adding type registration java.lang.Object -> org.hibernate.type.JavaObjectType@396639b
16:35:47.761 [main] DEBUG org.hibernate.type.BasicTypeRegistry -- Adding type registration null -> org.hibernate.type.NullType@12d1f1d4
16:35:47.761 [main] DEBUG org.hibernate.type.BasicTypeRegistry -- Adding type registration imm_date -> org.hibernate.type.BasicTypeReference@75fa1be3
16:35:47.761 [main] DEBUG org.hibernate.type.BasicTypeRegistry -- Adding type registration imm_time -> org.hibernate.type.BasicTypeReference@7a389761
16:35:47.761 [main] DEBUG org.hibernate.type.BasicTypeRegistry -- Adding type registration imm_timestamp -> org.hibernate.type.BasicTypeReference@42714a7
16:35:47.761 [main] DEBUG org.hibernate.type.BasicTypeRegistry -- Adding type registration imm_calendar -> org.hibernate.type.BasicTypeReference@19650aa6
16:35:47.761 [main] DEBUG org.hibernate.type.BasicTypeRegistry -- Adding type registration imm_calendar_date -> org.hibernate.type.BasicTypeReference@3ce53f6a
16:35:47.761 [main] DEBUG org.hibernate.type.BasicTypeRegistry -- Adding type registration imm_calendar_time -> org.hibernate.type.BasicTypeReference@2d82408
16:35:47.761 [main] DEBUG org.hibernate.type.BasicTypeRegistry -- Adding type registration imm_binary -> org.hibernate.type.BasicTypeReference@3ee69ad8
16:35:47.761 [main] DEBUG org.hibernate.type.BasicTypeRegistry -- Adding type registration imm_serializable -> org.hibernate.type.BasicTypeReference@f679798
16:35:47.823 [main] DEBUG org.hibernate.boot.internal.BootstrapContextImpl -- Injecting JPA temp ClassLoader [org.springframework.instrument.classloading.SimpleThrowawayClassLoader@6ed043d3] into BootstrapContext; was [null]
16:35:47.823 [main] DEBUG org.hibernate.boot.internal.ClassLoaderAccessImpl -- ClassLoaderAccessImpl#injectTempClassLoader(org.springframework.instrument.classloading.SimpleThrowawayClassLoader@6ed043d3) [was null]
16:35:47.823 [main] DEBUG org.hibernate.boot.internal.BootstrapContextImpl -- Injecting ScanEnvironment [org.hibernate.jpa.boot.internal.StandardJpaScanEnvironmentImpl@3d19d85] into BootstrapContext; was [null]
16:35:47.823 [main] DEBUG org.hibernate.boot.internal.BootstrapContextImpl -- Injecting ScanOptions [org.hibernate.boot.archive.scan.internal.StandardScanOptions@2ae62bb6] into BootstrapContext; was [org.hibernate.boot.archive.scan.internal.StandardScanOptions@68ed3f30]
16:35:47.840 [main] DEBUG org.hibernate.jpa.boot.internal.PersistenceUnitInfoDescriptor -- Pushing class transformers for PU named 'default' on loading classloader jdk.internal.loader.ClassLoaders$AppClassLoader@7a8c5397
16:35:47.920 [main] INFO org.springframework.orm.jpa.persistenceunit.SpringPersistenceUnitInfo -- No LoadTimeWeaver setup: ignoring JPA class transformer
16:35:47.920 [main] DEBUG org.hibernate.boot.internal.BootstrapContextImpl -- Injecting JPA temp ClassLoader [null] into BootstrapContext; was [org.springframework.instrument.classloading.SimpleThrowawayClassLoader@6ed043d3]
16:35:47.920 [main] DEBUG org.hibernate.boot.internal.ClassLoaderAccessImpl -- ClassLoaderAccessImpl#injectTempClassLoader(null) [was org.springframework.instrument.classloading.SimpleThrowawayClassLoader@6ed043d3]
16:35:47.935 [main] DEBUG org.springframework.jdbc.datasource.DriverManagerDataSource -- Creating new JDBC DriverManager Connection to [jdbc:mysql://mysql:3306/productdb?useSSL=false&allowPublicKeyRetrieval=true&serverTimezone=Asia/Seoul&useUnicode=true&characterEncoding=UTF-8]
16:35:47.990 [main] WARN org.hibernate.orm.jdbc.error -- HHH000247: ErrorCode: 0, SQLState: 08S01
16:35:47.990 [main] WARN org.hibernate.orm.jdbc.error -- Communications link failure

The last packet sent successfully to the server was 0 milliseconds ago. The driver has not received any packets from the server.
16:35:47.990 [main] DEBUG org.hibernate.orm.jdbc.error -- unable to obtain isolated JDBC connection [n/a]
com.mysql.cj.jdbc.exceptions.CommunicationsException: Communications link failure

The last packet sent successfully to the server was 0 milliseconds ago. The driver has not received any packets from the server.
	at com.mysql.cj.jdbc.exceptions.SQLError.createCommunicationsException(SQLError.java:165)
	at com.mysql.cj.jdbc.exceptions.SQLExceptionsMapping.translateException(SQLExceptionsMapping.java:55)
	at com.mysql.cj.jdbc.ConnectionImpl.createNewIO(ConnectionImpl.java:837)
	at com.mysql.cj.jdbc.ConnectionImpl.<init>(ConnectionImpl.java:420)
	at com.mysql.cj.jdbc.ConnectionImpl.getInstance(ConnectionImpl.java:238)
	at com.mysql.cj.jdbc.NonRegisteringDriver.connect(NonRegisteringDriver.java:180)
	at java.sql/java.sql.DriverManager.getConnection(DriverManager.java:613)
	at java.sql/java.sql.DriverManager.getConnection(DriverManager.java:160)
	at org.springframework.jdbc.datasource.DriverManagerDataSource.getConnectionFromDriverManager(DriverManagerDataSource.java:155)
	at org.springframework.jdbc.datasource.DriverManagerDataSource.getConnectionFromDriver(DriverManagerDataSource.java:146)
	at org.springframework.jdbc.datasource.AbstractDriverBasedDataSource.getConnectionFromDriver(AbstractDriverBasedDataSource.java:193)
	at org.springframework.jdbc.datasource.AbstractDriverBasedDataSource.getConnection(AbstractDriverBasedDataSource.java:157)
	at org.hibernate.engine.jdbc.connections.internal.DatasourceConnectionProviderImpl.getConnection(DatasourceConnectionProviderImpl.java:140)
	at org.hibernate.engine.jdbc.env.internal.JdbcEnvironmentInitiator$ConnectionProviderJdbcConnectionAccess.obtainConnection(JdbcEnvironmentInitiator.java:503)
	at org.hibernate.resource.transaction.backend.jdbc.internal.JdbcIsolationDelegate.delegateWork(JdbcIsolationDelegate.java:59)
	at org.hibernate.engine.jdbc.env.internal.JdbcEnvironmentInitiator.getJdbcEnvironmentUsingJdbcMetadata(JdbcEnvironmentInitiator.java:355)
	at org.hibernate.engine.jdbc.env.internal.JdbcEnvironmentInitiator.getJdbcEnvironment(JdbcEnvironmentInitiator.java:147)
	at org.hibernate.engine.jdbc.env.internal.JdbcEnvironmentInitiator.initiateService(JdbcEnvironmentInitiator.java:125)
	at org.hibernate.engine.jdbc.env.internal.JdbcEnvironmentInitiator.initiateService(JdbcEnvironmentInitiator.java:80)
	at org.hibernate.boot.registry.internal.StandardServiceRegistryImpl.initiateService(StandardServiceRegistryImpl.java:133)
	at org.hibernate.service.internal.AbstractServiceRegistryImpl.createService(AbstractServiceRegistryImpl.java:262)
	at org.hibernate.service.internal.AbstractServiceRegistryImpl.initializeService(AbstractServiceRegistryImpl.java:237)
	at org.hibernate.service.internal.AbstractServiceRegistryImpl.getService(AbstractServiceRegistryImpl.java:214)
	at org.hibernate.boot.model.relational.Database.<init>(Database.java:43)
	at org.hibernate.boot.internal.InFlightMetadataCollectorImpl.getDatabase(InFlightMetadataCollectorImpl.java:254)
	at org.hibernate.boot.internal.InFlightMetadataCollectorImpl.<init>(InFlightMetadataCollectorImpl.java:210)
	at org.hibernate.boot.model.process.spi.MetadataBuildingProcess.complete(MetadataBuildingProcess.java:185)
	at org.hibernate.jpa.boot.internal.EntityManagerFactoryBuilderImpl.metadata(EntityManagerFactoryBuilderImpl.java:1412)
	at org.hibernate.jpa.boot.internal.EntityManagerFactoryBuilderImpl.populateSessionFactoryBuilder(EntityManagerFactoryBuilderImpl.java:1493)
	at org.hibernate.jpa.boot.internal.EntityManagerFactoryBuilderImpl.build(EntityManagerFactoryBuilderImpl.java:1475)
	at org.springframework.orm.jpa.vendor.SpringHibernateJpaPersistenceProvider.createContainerEntityManagerFactory(SpringHibernateJpaPersistenceProvider.java:66)
	at org.springframework.orm.jpa.LocalContainerEntityManagerFactoryBean.createNativeEntityManagerFactory(LocalContainerEntityManagerFactoryBean.java:433)
	at org.springframework.orm.jpa.AbstractEntityManagerFactoryBean.buildNativeEntityManagerFactory(AbstractEntityManagerFactoryBean.java:416)
	at org.springframework.orm.jpa.AbstractEntityManagerFactoryBean.afterPropertiesSet(AbstractEntityManagerFactoryBean.java:396)
	at org.springframework.orm.jpa.LocalContainerEntityManagerFactoryBean.afterPropertiesSet(LocalContainerEntityManagerFactoryBean.java:409)
	at org.springframework.beans.factory.support.AbstractAutowireCapableBeanFactory.invokeInitMethods(AbstractAutowireCapableBeanFactory.java:1864)
	at org.springframework.beans.factory.support.AbstractAutowireCapableBeanFactory.initializeBean(AbstractAutowireCapableBeanFactory.java:1813)
	at org.springframework.beans.factory.support.AbstractAutowireCapableBeanFactory.doCreateBean(AbstractAutowireCapableBeanFactory.java:603)
	at org.springframework.beans.factory.support.AbstractAutowireCapableBeanFactory.createBean(AbstractAutowireCapableBeanFactory.java:525)
	at org.springframework.beans.factory.support.AbstractBeanFactory.lambda$doGetBean$0(AbstractBeanFactory.java:333)
	at org.springframework.beans.factory.support.DefaultSingletonBeanRegistry.getSingleton(DefaultSingletonBeanRegistry.java:371)
	at org.springframework.beans.factory.support.AbstractBeanFactory.doGetBean(AbstractBeanFactory.java:331)
	at org.springframework.beans.factory.support.AbstractBeanFactory.getBean(AbstractBeanFactory.java:201)
	at org.springframework.context.support.AbstractApplicationContext.finishBeanFactoryInitialization(AbstractApplicationContext.java:966)
	at org.springframework.context.support.AbstractApplicationContext.refresh(AbstractApplicationContext.java:620)
	at org.springframework.test.context.support.AbstractGenericContextLoader.loadContext(AbstractGenericContextLoader.java:253)
	at org.springframework.test.context.support.AbstractGenericContextLoader.loadContext(AbstractGenericContextLoader.java:111)
	at org.springframework.test.context.support.AbstractDelegatingSmartContextLoader.loadContext(AbstractDelegatingSmartContextLoader.java:213)
	at org.springframework.test.context.cache.DefaultCacheAwareContextLoaderDelegate.loadContextInternal(DefaultCacheAwareContextLoaderDelegate.java:247)
	at org.springframework.test.context.cache.DefaultCacheAwareContextLoaderDelegate.lambda$loadContext$0(DefaultCacheAwareContextLoaderDelegate.java:167)
	at org.springframework.test.context.cache.DefaultContextCache.put(DefaultContextCache.java:172)
	at org.springframework.test.context.cache.DefaultCacheAwareContextLoaderDelegate.loadContext(DefaultCacheAwareContextLoaderDelegate.java:160)
	at org.springframework.test.context.support.DefaultTestContext.getApplicationContext(DefaultTestContext.java:128)
	at org.springframework.test.context.support.DependencyInjectionTestExecutionListener.injectDependencies(DependencyInjectionTestExecutionListener.java:155)
	at org.springframework.test.context.support.DependencyInjectionTestExecutionListener.prepareTestInstance(DependencyInjectionTestExecutionListener.java:111)
	at org.springframework.test.context.TestContextManager.prepareTestInstance(TestContextManager.java:260)
	at org.springframework.test.context.junit.jupiter.SpringExtension.postProcessTestInstance(SpringExtension.java:203)
	at org.junit.jupiter.engine.descriptor.ClassBasedTestDescriptor.lambda$invokeTestInstancePostProcessors$1(ClassBasedTestDescriptor.java:423)
	at org.junit.jupiter.engine.descriptor.ClassBasedTestDescriptor.executeAndMaskThrowable(ClassBasedTestDescriptor.java:428)
	at org.junit.jupiter.engine.descriptor.ClassBasedTestDescriptor.lambda$invokeTestInstancePostProcessors$0(ClassBasedTestDescriptor.java:422)
	at java.base/java.util.stream.ForEachOps$ForEachOp$OfRef.accept(ForEachOps.java:186)
	at java.base/java.util.stream.ReferencePipeline$3$1.accept(ReferencePipeline.java:214)
	at java.base/java.util.stream.ReferencePipeline$2$1.accept(ReferencePipeline.java:197)
	at java.base/java.util.stream.ReferencePipeline$3$1.accept(ReferencePipeline.java:214)
	at java.base/java.util.ArrayList$ArrayListSpliterator.forEachRemaining(ArrayList.java:1716)
	at java.base/java.util.stream.AbstractPipeline.copyInto(AbstractPipeline.java:570)
	at java.base/java.util.stream.AbstractPipeline.wrapAndCopyInto(AbstractPipeline.java:560)
	at java.base/java.util.stream.ForEachOps$ForEachOp.evaluateSequential(ForEachOps.java:153)
	at java.base/java.util.stream.ForEachOps$ForEachOp$OfRef.evaluateSequential(ForEachOps.java:176)
	at java.base/java.util.stream.AbstractPipeline.evaluate(AbstractPipeline.java:265)
	at java.base/java.util.stream.ReferencePipeline.forEach(ReferencePipeline.java:632)
	at org.junit.jupiter.engine.descriptor.ClassBasedTestDescriptor.invokeTestInstancePostProcessors(ClassBasedTestDescriptor.java:422)
	at org.junit.jupiter.engine.descriptor.ClassBasedTestDescriptor.lambda$instantiateAndPostProcessTestInstance$0(ClassBasedTestDescriptor.java:334)
	at org.junit.platform.engine.support.hierarchical.ThrowableCollector.execute(ThrowableCollector.java:74)
	at org.junit.jupiter.engine.descriptor.ClassBasedTestDescriptor.instantiateAndPostProcessTestInstance(ClassBasedTestDescriptor.java:333)
	at org.junit.jupiter.engine.descriptor.ClassBasedTestDescriptor.lambda$testInstancesProvider$1(ClassBasedTestDescriptor.java:322)
	at java.base/java.util.Optional.orElseGet(Optional.java:364)
	at org.junit.jupiter.engine.descriptor.ClassBasedTestDescriptor.lambda$testInstancesProvider$0(ClassBasedTestDescriptor.java:321)
	at org.junit.jupiter.engine.execution.TestInstancesProvider.getTestInstances(TestInstancesProvider.java:27)
	at org.junit.jupiter.engine.descriptor.TestMethodTestDescriptor.lambda$prepare$0(TestMethodTestDescriptor.java:127)
	at org.junit.platform.engine.support.hierarchical.ThrowableCollector.execute(ThrowableCollector.java:74)
	at org.junit.jupiter.engine.descriptor.TestMethodTestDescriptor.prepare(TestMethodTestDescriptor.java:126)
	at org.junit.jupiter.engine.descriptor.TestMethodTestDescriptor.prepare(TestMethodTestDescriptor.java:70)
	at org.junit.platform.engine.support.hierarchical.NodeTestTask.lambda$prepare$0(NodeTestTask.java:144)
	at org.junit.platform.engine.support.hierarchical.ThrowableCollector.execute(ThrowableCollector.java:74)
	at org.junit.platform.engine.support.hierarchical.NodeTestTask.prepare(NodeTestTask.java:144)
	at org.junit.platform.engine.support.hierarchical.NodeTestTask.execute(NodeTestTask.java:110)
	at java.base/java.util.ArrayList.forEach(ArrayList.java:1604)
	at org.junit.platform.engine.support.hierarchical.SameThreadHierarchicalTestExecutorService.invokeAll(SameThreadHierarchicalTestExecutorService.java:42)
	at org.junit.platform.engine.support.hierarchical.NodeTestTask.lambda$executeRecursively$2(NodeTestTask.java:180)
	at org.junit.platform.engine.support.hierarchical.ThrowableCollector.execute(ThrowableCollector.java:74)
	at org.junit.platform.engine.support.hierarchical.NodeTestTask.lambda$executeRecursively$1(NodeTestTask.java:166)
	at org.junit.platform.engine.support.hierarchical.Node.around(Node.java:138)
	at org.junit.platform.engine.support.hierarchical.NodeTestTask.lambda$executeRecursively$0(NodeTestTask.java:164)
	at org.junit.platform.engine.support.hierarchical.ThrowableCollector.execute(ThrowableCollector.java:74)
	at org.junit.platform.engine.support.hierarchical.NodeTestTask.executeRecursively(NodeTestTask.java:163)
	at org.junit.platform.engine.support.hierarchical.NodeTestTask.execute(NodeTestTask.java:116)
	at java.base/java.util.ArrayList.forEach(ArrayList.java:1604)
	at org.junit.platform.engine.support.hierarchical.SameThreadHierarchicalTestExecutorService.invokeAll(SameThreadHierarchicalTestExecutorService.java:42)
	at org.junit.platform.engine.support.hierarchical.NodeTestTask.lambda$executeRecursively$2(NodeTestTask.java:180)
	at org.junit.platform.engine.support.hierarchical.ThrowableCollector.execute(ThrowableCollector.java:74)
	at org.junit.platform.engine.support.hierarchical.NodeTestTask.lambda$executeRecursively$1(NodeTestTask.java:166)
	at org.junit.platform.engine.support.hierarchical.Node.around(Node.java:138)
	at org.junit.platform.engine.support.hierarchical.NodeTestTask.lambda$executeRecursively$0(NodeTestTask.java:164)
	at org.junit.platform.engine.support.hierarchical.ThrowableCollector.execute(ThrowableCollector.java:74)
	at org.junit.platform.engine.support.hierarchical.NodeTestTask.executeRecursively(NodeTestTask.java:163)
	at org.junit.platform.engine.support.hierarchical.NodeTestTask.execute(NodeTestTask.java:116)
	at org.junit.platform.engine.support.hierarchical.SameThreadHierarchicalTestExecutorService.submit(SameThreadHierarchicalTestExecutorService.java:36)
	at org.junit.platform.engine.support.hierarchical.HierarchicalTestExecutor.execute(HierarchicalTestExecutor.java:52)
	at org.junit.platform.engine.support.hierarchical.HierarchicalTestEngine.execute(HierarchicalTestEngine.java:58)
	at org.junit.platform.launcher.core.EngineExecutionOrchestrator.executeEngine(EngineExecutionOrchestrator.java:246)
	at org.junit.platform.launcher.core.EngineExecutionOrchestrator.failOrExecuteEngine(EngineExecutionOrchestrator.java:218)
	at org.junit.platform.launcher.core.EngineExecutionOrchestrator.execute(EngineExecutionOrchestrator.java:179)
	at org.junit.platform.launcher.core.EngineExecutionOrchestrator.execute(EngineExecutionOrchestrator.java:108)
	at org.junit.platform.launcher.core.EngineExecutionOrchestrator.lambda$execute$0(EngineExecutionOrchestrator.java:66)
	at org.junit.platform.launcher.core.EngineExecutionOrchestrator.withInterceptedStreams(EngineExecutionOrchestrator.java:157)
	at org.junit.platform.launcher.core.EngineExecutionOrchestrator.execute(EngineExecutionOrchestrator.java:65)
	at org.junit.platform.launcher.core.DefaultLauncher.execute(DefaultLauncher.java:125)
	at org.junit.platform.launcher.core.DefaultLauncher.execute(DefaultLauncher.java:114)
	at org.junit.platform.launcher.core.DefaultLauncher.execute(DefaultLauncher.java:93)
	at org.junit.platform.launcher.core.DelegatingLauncher.execute(DelegatingLauncher.java:48)
	at org.junit.platform.launcher.core.InterceptingLauncher.lambda$execute$0(InterceptingLauncher.java:41)
	at org.junit.platform.launcher.core.ClasspathAlignmentCheckingLauncherInterceptor.intercept(ClasspathAlignmentCheckingLauncherInterceptor.java:25)
	at org.junit.platform.launcher.core.InterceptingLauncher.execute(InterceptingLauncher.java:40)
	at org.junit.platform.launcher.core.DelegatingLauncher.execute(DelegatingLauncher.java:48)
	at org.apache.maven.surefire.junitplatform.LazyLauncher.execute(LazyLauncher.java:56)
	at org.apache.maven.surefire.junitplatform.JUnitPlatformProvider.execute(JUnitPlatformProvider.java:184)
	at org.apache.maven.surefire.junitplatform.JUnitPlatformProvider.invokeAllTests(JUnitPlatformProvider.java:148)
	at org.apache.maven.surefire.junitplatform.JUnitPlatformProvider.invoke(JUnitPlatformProvider.java:122)
	at org.apache.maven.surefire.booter.ForkedBooter.runSuitesInProcess(ForkedBooter.java:385)
	at org.apache.maven.surefire.booter.ForkedBooter.execute(ForkedBooter.java:162)
	at org.apache.maven.surefire.booter.ForkedBooter.run(ForkedBooter.java:507)
	at org.apache.maven.surefire.booter.ForkedBooter.main(ForkedBooter.java:495)
Caused by: com.mysql.cj.exceptions.CJCommunicationsException: Communications link failure

The last packet sent successfully to the server was 0 milliseconds ago. The driver has not received any packets from the server.
	at java.base/jdk.internal.reflect.DirectConstructorHandleAccessor.newInstance(DirectConstructorHandleAccessor.java:62)
	at java.base/java.lang.reflect.Constructor.newInstanceWithCaller(Constructor.java:499)
	at java.base/java.lang.reflect.Constructor.newInstance(Constructor.java:483)
	at com.mysql.cj.exceptions.ExceptionFactory.createException(ExceptionFactory.java:52)
	at com.mysql.cj.exceptions.ExceptionFactory.createException(ExceptionFactory.java:95)
	at com.mysql.cj.exceptions.ExceptionFactory.createException(ExceptionFactory.java:140)
	at com.mysql.cj.exceptions.ExceptionFactory.createCommunicationsException(ExceptionFactory.java:156)
	at com.mysql.cj.protocol.a.NativeSocketConnection.connect(NativeSocketConnection.java:79)
	at com.mysql.cj.NativeSession.connect(NativeSession.java:142)
	at com.mysql.cj.jdbc.ConnectionImpl.connectOneTryOnly(ConnectionImpl.java:961)
	at com.mysql.cj.jdbc.ConnectionImpl.createNewIO(ConnectionImpl.java:825)
	... 130 common frames omitted
Caused by: java.net.UnknownHostException: mysql: nodename nor servname provided, or not known
	at java.base/java.net.Inet6AddressImpl.lookupAllHostAddr(Native Method)
	at java.base/java.net.Inet6AddressImpl.lookupAllHostAddr(Inet6AddressImpl.java:52)
	at java.base/java.net.InetAddress$PlatformResolver.lookupByName(InetAddress.java:1134)
	at java.base/java.net.InetAddress.getAddressesFromNameService(InetAddress.java:1712)
	at java.base/java.net.InetAddress$NameServiceAddresses.get(InetAddress.java:1060)
	at java.base/java.net.InetAddress.getAllByName0(InetAddress.java:1702)
	at java.base/java.net.InetAddress.getAllByName(InetAddress.java:1582)
	at com.mysql.cj.protocol.StandardSocketFactory.connect(StandardSocketFactory.java:121)
	at com.mysql.cj.protocol.a.NativeSocketConnection.connect(NativeSocketConnection.java:53)
	... 133 common frames omitted
16:35:47.992 [main] WARN org.hibernate.engine.jdbc.env.internal.JdbcEnvironmentInitiator -- HHH000342: Could not obtain connection to query JDBC database metadata
org.hibernate.exception.JDBCConnectionException: unable to obtain isolated JDBC connection [Communications link failure

The last packet sent successfully to the server was 0 milliseconds ago. The driver has not received any packets from the server.] [n/a]
	at org.hibernate.exception.internal.SQLStateConversionDelegate.convert(SQLStateConversionDelegate.java:80)
	at org.hibernate.exception.internal.StandardSQLExceptionConverter.convert(StandardSQLExceptionConverter.java:34)
	at org.hibernate.engine.jdbc.spi.SqlExceptionHelper.convert(SqlExceptionHelper.java:115)
	at org.hibernate.engine.jdbc.spi.SqlExceptionHelper.convert(SqlExceptionHelper.java:101)
	at org.hibernate.resource.transaction.backend.jdbc.internal.JdbcIsolationDelegate.delegateWork(JdbcIsolationDelegate.java:114)
	at org.hibernate.engine.jdbc.env.internal.JdbcEnvironmentInitiator.getJdbcEnvironmentUsingJdbcMetadata(JdbcEnvironmentInitiator.java:355)
	at org.hibernate.engine.jdbc.env.internal.JdbcEnvironmentInitiator.getJdbcEnvironment(JdbcEnvironmentInitiator.java:147)
	at org.hibernate.engine.jdbc.env.internal.JdbcEnvironmentInitiator.initiateService(JdbcEnvironmentInitiator.java:125)
	at org.hibernate.engine.jdbc.env.internal.JdbcEnvironmentInitiator.initiateService(JdbcEnvironmentInitiator.java:80)
	at org.hibernate.boot.registry.internal.StandardServiceRegistryImpl.initiateService(StandardServiceRegistryImpl.java:133)
	at org.hibernate.service.internal.AbstractServiceRegistryImpl.createService(AbstractServiceRegistryImpl.java:262)
	at org.hibernate.service.internal.AbstractServiceRegistryImpl.initializeService(AbstractServiceRegistryImpl.java:237)
	at org.hibernate.service.internal.AbstractServiceRegistryImpl.getService(AbstractServiceRegistryImpl.java:214)
	at org.hibernate.boot.model.relational.Database.<init>(Database.java:43)
	at org.hibernate.boot.internal.InFlightMetadataCollectorImpl.getDatabase(InFlightMetadataCollectorImpl.java:254)
	at org.hibernate.boot.internal.InFlightMetadataCollectorImpl.<init>(InFlightMetadataCollectorImpl.java:210)
	at org.hibernate.boot.model.process.spi.MetadataBuildingProcess.complete(MetadataBuildingProcess.java:185)
	at org.hibernate.jpa.boot.internal.EntityManagerFactoryBuilderImpl.metadata(EntityManagerFactoryBuilderImpl.java:1412)
	at org.hibernate.jpa.boot.internal.EntityManagerFactoryBuilderImpl.populateSessionFactoryBuilder(EntityManagerFactoryBuilderImpl.java:1493)
	at org.hibernate.jpa.boot.internal.EntityManagerFactoryBuilderImpl.build(EntityManagerFactoryBuilderImpl.java:1475)
	at org.springframework.orm.jpa.vendor.SpringHibernateJpaPersistenceProvider.createContainerEntityManagerFactory(SpringHibernateJpaPersistenceProvider.java:66)
	at org.springframework.orm.jpa.LocalContainerEntityManagerFactoryBean.createNativeEntityManagerFactory(LocalContainerEntityManagerFactoryBean.java:433)
	at org.springframework.orm.jpa.AbstractEntityManagerFactoryBean.buildNativeEntityManagerFactory(AbstractEntityManagerFactoryBean.java:416)
	at org.springframework.orm.jpa.AbstractEntityManagerFactoryBean.afterPropertiesSet(AbstractEntityManagerFactoryBean.java:396)
	at org.springframework.orm.jpa.LocalContainerEntityManagerFactoryBean.afterPropertiesSet(LocalContainerEntityManagerFactoryBean.java:409)
	at org.springframework.beans.factory.support.AbstractAutowireCapableBeanFactory.invokeInitMethods(AbstractAutowireCapableBeanFactory.java:1864)
	at org.springframework.beans.factory.support.AbstractAutowireCapableBeanFactory.initializeBean(AbstractAutowireCapableBeanFactory.java:1813)
	at org.springframework.beans.factory.support.AbstractAutowireCapableBeanFactory.doCreateBean(AbstractAutowireCapableBeanFactory.java:603)
	at org.springframework.beans.factory.support.AbstractAutowireCapableBeanFactory.createBean(AbstractAutowireCapableBeanFactory.java:525)
	at org.springframework.beans.factory.support.AbstractBeanFactory.lambda$doGetBean$0(AbstractBeanFactory.java:333)
	at org.springframework.beans.factory.support.DefaultSingletonBeanRegistry.getSingleton(DefaultSingletonBeanRegistry.java:371)
	at org.springframework.beans.factory.support.AbstractBeanFactory.doGetBean(AbstractBeanFactory.java:331)
	at org.springframework.beans.factory.support.AbstractBeanFactory.getBean(AbstractBeanFactory.java:201)
	at org.springframework.context.support.AbstractApplicationContext.finishBeanFactoryInitialization(AbstractApplicationContext.java:966)
	at org.springframework.context.support.AbstractApplicationContext.refresh(AbstractApplicationContext.java:620)
	at org.springframework.test.context.support.AbstractGenericContextLoader.loadContext(AbstractGenericContextLoader.java:253)
	at org.springframework.test.context.support.AbstractGenericContextLoader.loadContext(AbstractGenericContextLoader.java:111)
	at org.springframework.test.context.support.AbstractDelegatingSmartContextLoader.loadContext(AbstractDelegatingSmartContextLoader.java:213)
	at org.springframework.test.context.cache.DefaultCacheAwareContextLoaderDelegate.loadContextInternal(DefaultCacheAwareContextLoaderDelegate.java:247)
	at org.springframework.test.context.cache.DefaultCacheAwareContextLoaderDelegate.lambda$loadContext$0(DefaultCacheAwareContextLoaderDelegate.java:167)
	at org.springframework.test.context.cache.DefaultContextCache.put(DefaultContextCache.java:172)
	at org.springframework.test.context.cache.DefaultCacheAwareContextLoaderDelegate.loadContext(DefaultCacheAwareContextLoaderDelegate.java:160)
	at org.springframework.test.context.support.DefaultTestContext.getApplicationContext(DefaultTestContext.java:128)
	at org.springframework.test.context.support.DependencyInjectionTestExecutionListener.injectDependencies(DependencyInjectionTestExecutionListener.java:155)
	at org.springframework.test.context.support.DependencyInjectionTestExecutionListener.prepareTestInstance(DependencyInjectionTestExecutionListener.java:111)
	at org.springframework.test.context.TestContextManager.prepareTestInstance(TestContextManager.java:260)
	at org.springframework.test.context.junit.jupiter.SpringExtension.postProcessTestInstance(SpringExtension.java:203)
	at org.junit.jupiter.engine.descriptor.ClassBasedTestDescriptor.lambda$invokeTestInstancePostProcessors$1(ClassBasedTestDescriptor.java:423)
	at org.junit.jupiter.engine.descriptor.ClassBasedTestDescriptor.executeAndMaskThrowable(ClassBasedTestDescriptor.java:428)
	at org.junit.jupiter.engine.descriptor.ClassBasedTestDescriptor.lambda$invokeTestInstancePostProcessors$0(ClassBasedTestDescriptor.java:422)
	at java.base/java.util.stream.ForEachOps$ForEachOp$OfRef.accept(ForEachOps.java:186)
	at java.base/java.util.stream.ReferencePipeline$3$1.accept(ReferencePipeline.java:214)
	at java.base/java.util.stream.ReferencePipeline$2$1.accept(ReferencePipeline.java:197)
	at java.base/java.util.stream.ReferencePipeline$3$1.accept(ReferencePipeline.java:214)
	at java.base/java.util.ArrayList$ArrayListSpliterator.forEachRemaining(ArrayList.java:1716)
	at java.base/java.util.stream.AbstractPipeline.copyInto(AbstractPipeline.java:570)
	at java.base/java.util.stream.AbstractPipeline.wrapAndCopyInto(AbstractPipeline.java:560)
	at java.base/java.util.stream.ForEachOps$ForEachOp.evaluateSequential(ForEachOps.java:153)
	at java.base/java.util.stream.ForEachOps$ForEachOp$OfRef.evaluateSequential(ForEachOps.java:176)
	at java.base/java.util.stream.AbstractPipeline.evaluate(AbstractPipeline.java:265)
	at java.base/java.util.stream.ReferencePipeline.forEach(ReferencePipeline.java:632)
	at org.junit.jupiter.engine.descriptor.ClassBasedTestDescriptor.invokeTestInstancePostProcessors(ClassBasedTestDescriptor.java:422)
	at org.junit.jupiter.engine.descriptor.ClassBasedTestDescriptor.lambda$instantiateAndPostProcessTestInstance$0(ClassBasedTestDescriptor.java:334)
	at org.junit.platform.engine.support.hierarchical.ThrowableCollector.execute(ThrowableCollector.java:74)
	at org.junit.jupiter.engine.descriptor.ClassBasedTestDescriptor.instantiateAndPostProcessTestInstance(ClassBasedTestDescriptor.java:333)
	at org.junit.jupiter.engine.descriptor.ClassBasedTestDescriptor.lambda$testInstancesProvider$1(ClassBasedTestDescriptor.java:322)
	at java.base/java.util.Optional.orElseGet(Optional.java:364)
	at org.junit.jupiter.engine.descriptor.ClassBasedTestDescriptor.lambda$testInstancesProvider$0(ClassBasedTestDescriptor.java:321)
	at org.junit.jupiter.engine.execution.TestInstancesProvider.getTestInstances(TestInstancesProvider.java:27)
	at org.junit.jupiter.engine.descriptor.TestMethodTestDescriptor.lambda$prepare$0(TestMethodTestDescriptor.java:127)
	at org.junit.platform.engine.support.hierarchical.ThrowableCollector.execute(ThrowableCollector.java:74)
	at org.junit.jupiter.engine.descriptor.TestMethodTestDescriptor.prepare(TestMethodTestDescriptor.java:126)
	at org.junit.jupiter.engine.descriptor.TestMethodTestDescriptor.prepare(TestMethodTestDescriptor.java:70)
	at org.junit.platform.engine.support.hierarchical.NodeTestTask.lambda$prepare$0(NodeTestTask.java:144)
	at org.junit.platform.engine.support.hierarchical.ThrowableCollector.execute(ThrowableCollector.java:74)
	at org.junit.platform.engine.support.hierarchical.NodeTestTask.prepare(NodeTestTask.java:144)
	at org.junit.platform.engine.support.hierarchical.NodeTestTask.execute(NodeTestTask.java:110)
	at java.base/java.util.ArrayList.forEach(ArrayList.java:1604)
	at org.junit.platform.engine.support.hierarchical.SameThreadHierarchicalTestExecutorService.invokeAll(SameThreadHierarchicalTestExecutorService.java:42)
	at org.junit.platform.engine.support.hierarchical.NodeTestTask.lambda$executeRecursively$2(NodeTestTask.java:180)
	at org.junit.platform.engine.support.hierarchical.ThrowableCollector.execute(ThrowableCollector.java:74)
	at org.junit.platform.engine.support.hierarchical.NodeTestTask.lambda$executeRecursively$1(NodeTestTask.java:166)
	at org.junit.platform.engine.support.hierarchical.Node.around(Node.java:138)
	at org.junit.platform.engine.support.hierarchical.NodeTestTask.lambda$executeRecursively$0(NodeTestTask.java:164)
	at org.junit.platform.engine.support.hierarchical.ThrowableCollector.execute(ThrowableCollector.java:74)
	at org.junit.platform.engine.support.hierarchical.NodeTestTask.executeRecursively(NodeTestTask.java:163)
	at org.junit.platform.engine.support.hierarchical.NodeTestTask.execute(NodeTestTask.java:116)
	at java.base/java.util.ArrayList.forEach(ArrayList.java:1604)
	at org.junit.platform.engine.support.hierarchical.SameThreadHierarchicalTestExecutorService.invokeAll(SameThreadHierarchicalTestExecutorService.java:42)
	at org.junit.platform.engine.support.hierarchical.NodeTestTask.lambda$executeRecursively$2(NodeTestTask.java:180)
	at org.junit.platform.engine.support.hierarchical.ThrowableCollector.execute(ThrowableCollector.java:74)
	at org.junit.platform.engine.support.hierarchical.NodeTestTask.lambda$executeRecursively$1(NodeTestTask.java:166)
	at org.junit.platform.engine.support.hierarchical.Node.around(Node.java:138)
	at org.junit.platform.engine.support.hierarchical.NodeTestTask.lambda$executeRecursively$0(NodeTestTask.java:164)
	at org.junit.platform.engine.support.hierarchical.ThrowableCollector.execute(ThrowableCollector.java:74)
	at org.junit.platform.engine.support.hierarchical.NodeTestTask.executeRecursively(NodeTestTask.java:163)
	at org.junit.platform.engine.support.hierarchical.NodeTestTask.execute(NodeTestTask.java:116)
	at org.junit.platform.engine.support.hierarchical.SameThreadHierarchicalTestExecutorService.submit(SameThreadHierarchicalTestExecutorService.java:36)
	at org.junit.platform.engine.support.hierarchical.HierarchicalTestExecutor.execute(HierarchicalTestExecutor.java:52)
	at org.junit.platform.engine.support.hierarchical.HierarchicalTestEngine.execute(HierarchicalTestEngine.java:58)
	at org.junit.platform.launcher.core.EngineExecutionOrchestrator.executeEngine(EngineExecutionOrchestrator.java:246)
	at org.junit.platform.launcher.core.EngineExecutionOrchestrator.failOrExecuteEngine(EngineExecutionOrchestrator.java:218)
	at org.junit.platform.launcher.core.EngineExecutionOrchestrator.execute(EngineExecutionOrchestrator.java:179)
	at org.junit.platform.launcher.core.EngineExecutionOrchestrator.execute(EngineExecutionOrchestrator.java:108)
	at org.junit.platform.launcher.core.EngineExecutionOrchestrator.lambda$execute$0(EngineExecutionOrchestrator.java:66)
	at org.junit.platform.launcher.core.EngineExecutionOrchestrator.withInterceptedStreams(EngineExecutionOrchestrator.java:157)
	at org.junit.platform.launcher.core.EngineExecutionOrchestrator.execute(EngineExecutionOrchestrator.java:65)
	at org.junit.platform.launcher.core.DefaultLauncher.execute(DefaultLauncher.java:125)
	at org.junit.platform.launcher.core.DefaultLauncher.execute(DefaultLauncher.java:114)
	at org.junit.platform.launcher.core.DefaultLauncher.execute(DefaultLauncher.java:93)
	at org.junit.platform.launcher.core.DelegatingLauncher.execute(DelegatingLauncher.java:48)
	at org.junit.platform.launcher.core.InterceptingLauncher.lambda$execute$0(InterceptingLauncher.java:41)
	at org.junit.platform.launcher.core.ClasspathAlignmentCheckingLauncherInterceptor.intercept(ClasspathAlignmentCheckingLauncherInterceptor.java:25)
	at org.junit.platform.launcher.core.InterceptingLauncher.execute(InterceptingLauncher.java:40)
	at org.junit.platform.launcher.core.DelegatingLauncher.execute(DelegatingLauncher.java:48)
	at org.apache.maven.surefire.junitplatform.LazyLauncher.execute(LazyLauncher.java:56)
	at org.apache.maven.surefire.junitplatform.JUnitPlatformProvider.execute(JUnitPlatformProvider.java:184)
	at org.apache.maven.surefire.junitplatform.JUnitPlatformProvider.invokeAllTests(JUnitPlatformProvider.java:148)
	at org.apache.maven.surefire.junitplatform.JUnitPlatformProvider.invoke(JUnitPlatformProvider.java:122)
	at org.apache.maven.surefire.booter.ForkedBooter.runSuitesInProcess(ForkedBooter.java:385)
	at org.apache.maven.surefire.booter.ForkedBooter.execute(ForkedBooter.java:162)
	at org.apache.maven.surefire.booter.ForkedBooter.run(ForkedBooter.java:507)
	at org.apache.maven.surefire.booter.ForkedBooter.main(ForkedBooter.java:495)
Caused by: com.mysql.cj.jdbc.exceptions.CommunicationsException: Communications link failure

The last packet sent successfully to the server was 0 milliseconds ago. The driver has not received any packets from the server.
	at com.mysql.cj.jdbc.exceptions.SQLError.createCommunicationsException(SQLError.java:165)
	at com.mysql.cj.jdbc.exceptions.SQLExceptionsMapping.translateException(SQLExceptionsMapping.java:55)
	at com.mysql.cj.jdbc.ConnectionImpl.createNewIO(ConnectionImpl.java:837)
	at com.mysql.cj.jdbc.ConnectionImpl.<init>(ConnectionImpl.java:420)
	at com.mysql.cj.jdbc.ConnectionImpl.getInstance(ConnectionImpl.java:238)
	at com.mysql.cj.jdbc.NonRegisteringDriver.connect(NonRegisteringDriver.java:180)
	at java.sql/java.sql.DriverManager.getConnection(DriverManager.java:613)
	at java.sql/java.sql.DriverManager.getConnection(DriverManager.java:160)
	at org.springframework.jdbc.datasource.DriverManagerDataSource.getConnectionFromDriverManager(DriverManagerDataSource.java:155)
	at org.springframework.jdbc.datasource.DriverManagerDataSource.getConnectionFromDriver(DriverManagerDataSource.java:146)
	at org.springframework.jdbc.datasource.AbstractDriverBasedDataSource.getConnectionFromDriver(AbstractDriverBasedDataSource.java:193)
	at org.springframework.jdbc.datasource.AbstractDriverBasedDataSource.getConnection(AbstractDriverBasedDataSource.java:157)
	at org.hibernate.engine.jdbc.connections.internal.DatasourceConnectionProviderImpl.getConnection(DatasourceConnectionProviderImpl.java:140)
	at org.hibernate.engine.jdbc.env.internal.JdbcEnvironmentInitiator$ConnectionProviderJdbcConnectionAccess.obtainConnection(JdbcEnvironmentInitiator.java:503)
	at org.hibernate.resource.transaction.backend.jdbc.internal.JdbcIsolationDelegate.delegateWork(JdbcIsolationDelegate.java:59)
	... 118 common frames omitted
Caused by: com.mysql.cj.exceptions.CJCommunicationsException: Communications link failure

The last packet sent successfully to the server was 0 milliseconds ago. The driver has not received any packets from the server.
	at java.base/jdk.internal.reflect.DirectConstructorHandleAccessor.newInstance(DirectConstructorHandleAccessor.java:62)
	at java.base/java.lang.reflect.Constructor.newInstanceWithCaller(Constructor.java:499)
	at java.base/java.lang.reflect.Constructor.newInstance(Constructor.java:483)
	at com.mysql.cj.exceptions.ExceptionFactory.createException(ExceptionFactory.java:52)
	at com.mysql.cj.exceptions.ExceptionFactory.createException(ExceptionFactory.java:95)
	at com.mysql.cj.exceptions.ExceptionFactory.createException(ExceptionFactory.java:140)
	at com.mysql.cj.exceptions.ExceptionFactory.createCommunicationsException(ExceptionFactory.java:156)
	at com.mysql.cj.protocol.a.NativeSocketConnection.connect(NativeSocketConnection.java:79)
	at com.mysql.cj.NativeSession.connect(NativeSession.java:142)
	at com.mysql.cj.jdbc.ConnectionImpl.connectOneTryOnly(ConnectionImpl.java:961)
	at com.mysql.cj.jdbc.ConnectionImpl.createNewIO(ConnectionImpl.java:825)
	... 130 common frames omitted
Caused by: java.net.UnknownHostException: mysql: nodename nor servname provided, or not known
	at java.base/java.net.Inet6AddressImpl.lookupAllHostAddr(Native Method)
	at java.base/java.net.Inet6AddressImpl.lookupAllHostAddr(Inet6AddressImpl.java:52)
	at java.base/java.net.InetAddress$PlatformResolver.lookupByName(InetAddress.java:1134)
	at java.base/java.net.InetAddress.getAddressesFromNameService(InetAddress.java:1712)
	at java.base/java.net.InetAddress$NameServiceAddresses.get(InetAddress.java:1060)
	at java.base/java.net.InetAddress.getAllByName0(InetAddress.java:1702)
	at java.base/java.net.InetAddress.getAllByName(InetAddress.java:1582)
	at com.mysql.cj.protocol.StandardSocketFactory.connect(StandardSocketFactory.java:121)
	at com.mysql.cj.protocol.a.NativeSocketConnection.connect(NativeSocketConnection.java:53)
	... 133 common frames omitted
16:35:47.992 [main] DEBUG org.hibernate.service.spi.ServiceBinding -- Overriding existing service binding [org.hibernate.engine.jdbc.connections.spi.ConnectionProvider]
16:35:47.992 [main] ERROR org.springframework.orm.jpa.LocalContainerEntityManagerFactoryBean -- Failed to initialize JPA EntityManagerFactory: Unable to create requested service [org.hibernate.engine.jdbc.env.spi.JdbcEnvironment] due to: Unable to determine Dialect without JDBC metadata (please set 'jakarta.persistence.jdbc.url' for common cases or 'hibernate.dialect' when a custom Dialect implementation must be provided)
16:35:47.993 [main] WARN org.springframework.context.support.GenericApplicationContext -- Exception encountered during context initialization - cancelling refresh attempt: org.springframework.beans.factory.BeanCreationException: Error creating bean with name 'entityManagerFactory' defined in kr.ac.hansung.cse.config.DbConfig: Unable to create requested service [org.hibernate.engine.jdbc.env.spi.JdbcEnvironment] due to: Unable to determine Dialect without JDBC metadata (please set 'jakarta.persistence.jdbc.url' for common cases or 'hibernate.dialect' when a custom Dialect implementation must be provided)
[...]
	at org.apache.maven.surefire.booter.ForkedBooter.execute(ForkedBooter.java:162)
	at org.apache.maven.surefire.booter.ForkedBooter.run(ForkedBooter.java:507)
	at org.apache.maven.surefire.booter.ForkedBooter.main(ForkedBooter.java:495)
Caused by: org.springframework.beans.factory.BeanCreationException: Error creating bean with name 'entityManagerFactory' defined in kr.ac.hansung.cse.config.DbConfig: Unable to create requested service [org.hibernate.engine.jdbc.env.spi.JdbcEnvironment] due to: Unable to determine Dialect without JDBC metadata (please set 'jakarta.persistence.jdbc.url' for common cases or 'hibernate.dialect' when a custom Dialect implementation must be provided)
	at org.springframework.beans.factory.support.AbstractAutowireCapableBeanFactory.initializeBean(AbstractAutowireCapableBeanFactory.java:1817)
	at org.springframework.beans.factory.support.AbstractAutowireCapableBeanFactory.doCreateBean(AbstractAutowireCapableBeanFactory.java:603)
	at org.springframework.beans.factory.support.AbstractAutowireCapableBeanFactory.createBean(AbstractAutowireCapableBeanFactory.java:525)
	at org.springframework.beans.factory.support.AbstractBeanFactory.lambda$doGetBean$0(AbstractBeanFactory.java:333)
	at org.springframework.beans.factory.support.DefaultSingletonBeanRegistry.getSingleton(DefaultSingletonBeanRegistry.java:371)
	at org.springframework.beans.factory.support.AbstractBeanFactory.doGetBean(AbstractBeanFactory.java:331)
	at org.springframework.beans.factory.support.AbstractBeanFactory.getBean(AbstractBeanFactory.java:201)
	at org.springframework.context.support.AbstractApplicationContext.finishBeanFactoryInitialization(AbstractApplicationContext.java:966)
	at org.springframework.context.support.AbstractApplicationContext.refresh(AbstractApplicationContext.java:620)
	at org.springframework.test.context.support.AbstractGenericContextLoader.loadContext(AbstractGenericContextLoader.java:253)
	at org.springframework.test.context.support.AbstractGenericContextLoader.loadContext(AbstractGenericContextLoader.java:111)
	at org.springframework.test.context.support.AbstractDelegatingSmartContextLoader.loadContext(AbstractDelegatingSmartContextLoader.java:213)
	at org.springframework.test.context.cache.DefaultCacheAwareContextLoaderDelegate.loadContextInternal(DefaultCacheAwareContextLoaderDelegate.java:247)
	at org.springframework.test.context.cache.DefaultCacheAwareContextLoaderDelegate.lambda$loadContext$0(DefaultCacheAwareContextLoaderDelegate.java:167)
	... 83 common frames omitted
Caused by: org.hibernate.service.spi.ServiceException: Unable to create requested service [org.hibernate.engine.jdbc.env.spi.JdbcEnvironment] due to: Unable to determine Dialect without JDBC metadata (please set 'jakarta.persistence.jdbc.url' for common cases or 'hibernate.dialect' when a custom Dialect implementation must be provided)
	at org.hibernate.service.internal.AbstractServiceRegistryImpl.createService(AbstractServiceRegistryImpl.java:275)
	at org.hibernate.service.internal.AbstractServiceRegistryImpl.initializeService(AbstractServiceRegistryImpl.java:237)
	at org.hibernate.service.internal.AbstractServiceRegistryImpl.getService(AbstractServiceRegistryImpl.java:214)
	at org.hibernate.boot.model.relational.Database.<init>(Database.java:43)
	at org.hibernate.boot.internal.InFlightMetadataCollectorImpl.getDatabase(InFlightMetadataCollectorImpl.java:254)
	at org.hibernate.boot.internal.InFlightMetadataCollectorImpl.<init>(InFlightMetadataCollectorImpl.java:210)
	at org.hibernate.boot.model.process.spi.MetadataBuildingProcess.complete(MetadataBuildingProcess.java:185)
	at org.hibernate.jpa.boot.internal.EntityManagerFactoryBuilderImpl.metadata(EntityManagerFactoryBuilderImpl.java:1412)
	at org.hibernate.jpa.boot.internal.EntityManagerFactoryBuilderImpl.populateSessionFactoryBuilder(EntityManagerFactoryBuilderImpl.java:1493)
	at org.hibernate.jpa.boot.internal.EntityManagerFactoryBuilderImpl.build(EntityManagerFactoryBuilderImpl.java:1475)
	at org.springframework.orm.jpa.vendor.SpringHibernateJpaPersistenceProvider.createContainerEntityManagerFactory(SpringHibernateJpaPersistenceProvider.java:66)
	at org.springframework.orm.jpa.LocalContainerEntityManagerFactoryBean.createNativeEntityManagerFactory(LocalContainerEntityManagerFactoryBean.java:433)
	at org.springframework.orm.jpa.AbstractEntityManagerFactoryBean.buildNativeEntityManagerFactory(AbstractEntityManagerFactoryBean.java:416)
	at org.springframework.orm.jpa.AbstractEntityManagerFactoryBean.afterPropertiesSet(AbstractEntityManagerFactoryBean.java:396)
	at org.springframework.orm.jpa.LocalContainerEntityManagerFactoryBean.afterPropertiesSet(LocalContainerEntityManagerFactoryBean.java:409)
	at org.springframework.beans.factory.support.AbstractAutowireCapableBeanFactory.invokeInitMethods(AbstractAutowireCapableBeanFactory.java:1864)
	at org.springframework.beans.factory.support.AbstractAutowireCapableBeanFactory.initializeBean(AbstractAutowireCapableBeanFactory.java:1813)
	... 96 common frames omitted
Caused by: org.hibernate.HibernateException: Unable to determine Dialect without JDBC metadata (please set 'jakarta.persistence.jdbc.url' for common cases or 'hibernate.dialect' when a custom Dialect implementation must be provided)
	at org.hibernate.engine.jdbc.dialect.internal.DialectFactoryImpl.determineDialect(DialectFactoryImpl.java:190)
	at org.hibernate.engine.jdbc.dialect.internal.DialectFactoryImpl.buildDialect(DialectFactoryImpl.java:86)
	at org.hibernate.engine.jdbc.env.internal.JdbcEnvironmentInitiator.getJdbcEnvironmentWithDefaults(JdbcEnvironmentInitiator.java:205)
	at org.hibernate.engine.jdbc.env.internal.JdbcEnvironmentInitiator.getJdbcEnvironmentUsingJdbcMetadata(JdbcEnvironmentInitiator.java:427)
	at org.hibernate.engine.jdbc.env.internal.JdbcEnvironmentInitiator.getJdbcEnvironment(JdbcEnvironmentInitiator.java:147)
	at org.hibernate.engine.jdbc.env.internal.JdbcEnvironmentInitiator.initiateService(JdbcEnvironmentInitiator.java:125)
	at org.hibernate.engine.jdbc.env.internal.JdbcEnvironmentInitiator.initiateService(JdbcEnvironmentInitiator.java:80)
	at org.hibernate.boot.registry.internal.StandardServiceRegistryImpl.initiateService(StandardServiceRegistryImpl.java:133)
	at org.hibernate.service.internal.AbstractServiceRegistryImpl.createService(AbstractServiceRegistryImpl.java:262)
	... 112 common frames omitted
]]></system-out>
  </testcase>
  <testcase name="createCategory_removesAllWhitespaceBeforeSaving" classname="kr.ac.hansung.cse.CategoryServiceTest" time="0.0">
    <error message="ApplicationContext failure threshold (1) exceeded: skipping repeated attempt to load context for [MergedContextConfiguration@7a65a360 testClass = kr.ac.hansung.cse.CategoryServiceTest, locations = [], classes = [kr.ac.hansung.cse.config.DbConfig], contextInitializerClasses = [], activeProfiles = [], propertySourceDescriptors = [], propertySourceProperties = [], contextCustomizers = [org.springframework.test.context.support.DynamicPropertiesContextCustomizer@0], contextLoader = org.springframework.test.context.support.DelegatingSmartContextLoader, parent = null]" type="java.lang.IllegalStateException"><![CDATA[java.lang.IllegalStateException: ApplicationContext failure threshold (1) exceeded: skipping repeated attempt to load context for [MergedContextConfiguration@7a65a360 testClass = kr.ac.hansung.cse.CategoryServiceTest, locations = [], classes = [kr.ac.hansung.cse.config.DbConfig], contextInitializerClasses = [], activeProfiles = [], propertySourceDescriptors = [], propertySourceProperties = [], contextCustomizers = [org.springframework.test.context.support.DynamicPropertiesContextCustomizer@0], contextLoader = org.springframework.test.context.support.DelegatingSmartContextLoader, parent = null]
	at org.springframework.test.context.cache.DefaultCacheAwareContextLoaderDelegate.loadContext(DefaultCacheAwareContextLoaderDelegate.java:157)
	at org.springframework.test.context.support.DefaultTestContext.getApplicationContext(DefaultTestContext.java:128)
	at org.springframework.test.context.support.DependencyInjectionTestExecutionListener.injectDependencies(DependencyInjectionTestExecutionListener.java:155)
	at org.springframework.test.context.support.DependencyInjectionTestExecutionListener.prepareTestInstance(DependencyInjectionTestExecutionListener.java:111)
	at org.springframework.test.context.TestContextManager.prepareTestInstance(TestContextManager.java:260)
	at org.springframework.test.context.junit.jupiter.SpringExtension.postProcessTestInstance(SpringExtension.java:203)
	at java.base/java.util.stream.ForEachOps$ForEachOp$OfRef.accept(ForEachOps.java:186)
	at java.base/java.util.stream.ReferencePipeline$3$1.accept(ReferencePipeline.java:214)
	at java.base/java.util.stream.ReferencePipeline$2$1.accept(ReferencePipeline.java:197)
	at java.base/java.util.stream.ReferencePipeline$3$1.accept(ReferencePipeline.java:214)
	at java.base/java.util.ArrayList$ArrayListSpliterator.forEachRemaining(ArrayList.java:1716)
	at java.base/java.util.stream.AbstractPipeline.copyInto(AbstractPipeline.java:570)
	at java.base/java.util.stream.AbstractPipeline.wrapAndCopyInto(AbstractPipeline.java:560)
	at java.base/java.util.stream.ForEachOps$ForEachOp.evaluateSequential(ForEachOps.java:153)
	at java.base/java.util.stream.ForEachOps$ForEachOp$OfRef.evaluateSequential(ForEachOps.java:176)
	at java.base/java.util.stream.AbstractPipeline.evaluate(AbstractPipeline.java:265)
	at java.base/java.util.stream.ReferencePipeline.forEach(ReferencePipeline.java:632)
	at java.base/java.util.Optional.orElseGet(Optional.java:364)
	at java.base/java.util.ArrayList.forEach(ArrayList.java:1604)
	at java.base/java.util.ArrayList.forEach(ArrayList.java:1604)
]]></error>
    <system-out><![CDATA[16:35:48.003 [main] DEBUG org.springframework.test.context.support.DependencyInjectionTestExecutionListener -- Performing dependency injection for test class kr.ac.hansung.cse.CategoryServiceTest
16:35:48.003 [main] DEBUG org.springframework.test.context.cache -- Spring test ApplicationContext cache statistics: [DefaultContextCache@30a7653e size = 0, maxSize = 32, contextUsageCount = 0, parentContextCount = 0, hitCount = 0, missCount = 2, failureCount = 1]
16:35:48.003 [main] WARN org.springframework.test.context.TestContextManager -- Caught exception while allowing TestExecutionListener [org.springframework.test.context.support.DependencyInjectionTestExecutionListener] to prepare test instance [kr.ac.hansung.cse.CategoryServiceTest@22ead351]
java.lang.IllegalStateException: ApplicationContext failure threshold (1) exceeded: skipping repeated attempt to load context for [MergedContextConfiguration@7a65a360 testClass = kr.ac.hansung.cse.CategoryServiceTest, locations = [], classes = [kr.ac.hansung.cse.config.DbConfig], contextInitializerClasses = [], activeProfiles = [], propertySourceDescriptors = [], propertySourceProperties = [], contextCustomizers = [org.springframework.test.context.support.DynamicPropertiesContextCustomizer@0], contextLoader = org.springframework.test.context.support.DelegatingSmartContextLoader, parent = null]
	at org.springframework.test.context.cache.DefaultCacheAwareContextLoaderDelegate.loadContext(DefaultCacheAwareContextLoaderDelegate.java:157)
	at org.springframework.test.context.support.DefaultTestContext.getApplicationContext(DefaultTestContext.java:128)
	at org.springframework.test.context.support.DependencyInjectionTestExecutionListener.injectDependencies(DependencyInjectionTestExecutionListener.java:155)
	at org.springframework.test.context.support.DependencyInjectionTestExecutionListener.prepareTestInstance(DependencyInjectionTestExecutionListener.java:111)
	at org.springframework.test.context.TestContextManager.prepareTestInstance(TestContextManager.java:260)
	at org.springframework.test.context.junit.jupiter.SpringExtension.postProcessTestInstance(SpringExtension.java:203)
	at org.junit.jupiter.engine.descriptor.ClassBasedTestDescriptor.lambda$invokeTestInstancePostProcessors$1(ClassBasedTestDescriptor.java:423)
	at org.junit.jupiter.engine.descriptor.ClassBasedTestDescriptor.executeAndMaskThrowable(ClassBasedTestDescriptor.java:428)
	at org.junit.jupiter.engine.descriptor.ClassBasedTestDescriptor.lambda$invokeTestInstancePostProcessors$0(ClassBasedTestDescriptor.java:422)
	at java.base/java.util.stream.ForEachOps$ForEachOp$OfRef.accept(ForEachOps.java:186)
	at java.base/java.util.stream.ReferencePipeline$3$1.accept(ReferencePipeline.java:214)
	at java.base/java.util.stream.ReferencePipeline$2$1.accept(ReferencePipeline.java:197)
	at java.base/java.util.stream.ReferencePipeline$3$1.accept(ReferencePipeline.java:214)
	at java.base/java.util.ArrayList$ArrayListSpliterator.forEachRemaining(ArrayList.java:1716)
	at java.base/java.util.stream.AbstractPipeline.copyInto(AbstractPipeline.java:570)
	at java.base/java.util.stream.AbstractPipeline.wrapAndCopyInto(AbstractPipeline.java:560)
	at java.base/java.util.stream.ForEachOps$ForEachOp.evaluateSequential(ForEachOps.java:153)
	at java.base/java.util.stream.ForEachOps$ForEachOp$OfRef.evaluateSequential(ForEachOps.java:176)
	at java.base/java.util.stream.AbstractPipeline.evaluate(AbstractPipeline.java:265)
	at java.base/java.util.stream.ReferencePipeline.forEach(ReferencePipeline.java:632)
	at org.junit.jupiter.engine.descriptor.ClassBasedTestDescriptor.invokeTestInstancePostProcessors(ClassBasedTestDescriptor.java:422)
	at org.junit.jupiter.engine.descriptor.ClassBasedTestDescriptor.lambda$instantiateAndPostProcessTestInstance$0(ClassBasedTestDescriptor.java:334)
	at org.junit.platform.engine.support.hierarchical.ThrowableCollector.execute(ThrowableCollector.java:74)
	at org.junit.jupiter.engine.descriptor.ClassBasedTestDescriptor.instantiateAndPostProcessTestInstance(ClassBasedTestDescriptor.java:333)
	at org.junit.jupiter.engine.descriptor.ClassBasedTestDescriptor.lambda$testInstancesProvider$1(ClassBasedTestDescriptor.java:322)
	at java.base/java.util.Optional.orElseGet(Optional.java:364)
	at org.junit.jupiter.engine.descriptor.ClassBasedTestDescriptor.lambda$testInstancesProvider$0(ClassBasedTestDescriptor.java:321)
	at org.junit.jupiter.engine.execution.TestInstancesProvider.getTestInstances(TestInstancesProvider.java:27)
	at org.junit.jupiter.engine.descriptor.TestMethodTestDescriptor.lambda$prepare$0(TestMethodTestDescriptor.java:127)
	at org.junit.platform.engine.support.hierarchical.ThrowableCollector.execute(ThrowableCollector.java:74)
	at org.junit.jupiter.engine.descriptor.TestMethodTestDescriptor.prepare(TestMethodTestDescriptor.java:126)
	at org.junit.jupiter.engine.descriptor.TestMethodTestDescriptor.prepare(TestMethodTestDescriptor.java:70)
	at org.junit.platform.engine.support.hierarchical.NodeTestTask.lambda$prepare$0(NodeTestTask.java:144)
	at org.junit.platform.engine.support.hierarchical.ThrowableCollector.execute(ThrowableCollector.java:74)
	at org.junit.platform.engine.support.hierarchical.NodeTestTask.prepare(NodeTestTask.java:144)
	at org.junit.platform.engine.support.hierarchical.NodeTestTask.execute(NodeTestTask.java:110)
	at java.base/java.util.ArrayList.forEach(ArrayList.java:1604)
	at org.junit.platform.engine.support.hierarchical.SameThreadHierarchicalTestExecutorService.invokeAll(SameThreadHierarchicalTestExecutorService.java:42)
	at org.junit.platform.engine.support.hierarchical.NodeTestTask.lambda$executeRecursively$2(NodeTestTask.java:180)
	at org.junit.platform.engine.support.hierarchical.ThrowableCollector.execute(ThrowableCollector.java:74)
	at org.junit.platform.engine.support.hierarchical.NodeTestTask.lambda$executeRecursively$1(NodeTestTask.java:166)
	at org.junit.platform.engine.support.hierarchical.Node.around(Node.java:138)
	at org.junit.platform.engine.support.hierarchical.NodeTestTask.lambda$executeRecursively$0(NodeTestTask.java:164)
	at org.junit.platform.engine.support.hierarchical.ThrowableCollector.execute(ThrowableCollector.java:74)
	at org.junit.platform.engine.support.hierarchical.NodeTestTask.executeRecursively(NodeTestTask.java:163)
	at org.junit.platform.engine.support.hierarchical.NodeTestTask.execute(NodeTestTask.java:116)
	at java.base/java.util.ArrayList.forEach(ArrayList.java:1604)
	at org.junit.platform.engine.support.hierarchical.SameThreadHierarchicalTestExecutorService.invokeAll(SameThreadHierarchicalTestExecutorService.java:42)
	at org.junit.platform.engine.support.hierarchical.NodeTestTask.lambda$executeRecursively$2(NodeTestTask.java:180)
	at org.junit.platform.engine.support.hierarchical.ThrowableCollector.execute(ThrowableCollector.java:74)
	at org.junit.platform.engine.support.hierarchical.NodeTestTask.lambda$executeRecursively$1(NodeTestTask.java:166)
	at org.junit.platform.engine.support.hierarchical.Node.around(Node.java:138)
	at org.junit.platform.engine.support.hierarchical.NodeTestTask.lambda$executeRecursively$0(NodeTestTask.java:164)
	at org.junit.platform.engine.support.hierarchical.ThrowableCollector.execute(ThrowableCollector.java:74)
	at org.junit.platform.engine.support.hierarchical.NodeTestTask.executeRecursively(NodeTestTask.java:163)
	at org.junit.platform.engine.support.hierarchical.NodeTestTask.execute(NodeTestTask.java:116)
	at org.junit.platform.engine.support.hierarchical.SameThreadHierarchicalTestExecutorService.submit(SameThreadHierarchicalTestExecutorService.java:36)
	at org.junit.platform.engine.support.hierarchical.HierarchicalTestExecutor.execute(HierarchicalTestExecutor.java:52)
	at org.junit.platform.engine.support.hierarchical.HierarchicalTestEngine.execute(HierarchicalTestEngine.java:58)
	at org.junit.platform.launcher.core.EngineExecutionOrchestrator.executeEngine(EngineExecutionOrchestrator.java:246)
	at org.junit.platform.launcher.core.EngineExecutionOrchestrator.failOrExecuteEngine(EngineExecutionOrchestrator.java:218)
	at org.junit.platform.launcher.core.EngineExecutionOrchestrator.execute(EngineExecutionOrchestrator.java:179)
	at org.junit.platform.launcher.core.EngineExecutionOrchestrator.execute(EngineExecutionOrchestrator.java:108)
	at org.junit.platform.launcher.core.EngineExecutionOrchestrator.lambda$execute$0(EngineExecutionOrchestrator.java:66)
	at org.junit.platform.launcher.core.EngineExecutionOrchestrator.withInterceptedStreams(EngineExecutionOrchestrator.java:157)
	at org.junit.platform.launcher.core.EngineExecutionOrchestrator.execute(EngineExecutionOrchestrator.java:65)
	at org.junit.platform.launcher.core.DefaultLauncher.execute(DefaultLauncher.java:125)
	at org.junit.platform.launcher.core.DefaultLauncher.execute(DefaultLauncher.java:114)
	at org.junit.platform.launcher.core.DefaultLauncher.execute(DefaultLauncher.java:93)
	at org.junit.platform.launcher.core.DelegatingLauncher.execute(DelegatingLauncher.java:48)
	at org.junit.platform.launcher.core.InterceptingLauncher.lambda$execute$0(InterceptingLauncher.java:41)
	at org.junit.platform.launcher.core.ClasspathAlignmentCheckingLauncherInterceptor.intercept(ClasspathAlignmentCheckingLauncherInterceptor.java:25)
	at org.junit.platform.launcher.core.InterceptingLauncher.execute(InterceptingLauncher.java:40)
	at org.junit.platform.launcher.core.DelegatingLauncher.execute(DelegatingLauncher.java:48)
	at org.apache.maven.surefire.junitplatform.LazyLauncher.execute(LazyLauncher.java:56)
	at org.apache.maven.surefire.junitplatform.JUnitPlatformProvider.execute(JUnitPlatformProvider.java:184)
	at org.apache.maven.surefire.junitplatform.JUnitPlatformProvider.invokeAllTests(JUnitPlatformProvider.java:148)
	at org.apache.maven.surefire.junitplatform.JUnitPlatformProvider.invoke(JUnitPlatformProvider.java:122)
	at org.apache.maven.surefire.booter.ForkedBooter.runSuitesInProcess(ForkedBooter.java:385)
	at org.apache.maven.surefire.booter.ForkedBooter.execute(ForkedBooter.java:162)
	at org.apache.maven.surefire.booter.ForkedBooter.run(ForkedBooter.java:507)
	at org.apache.maven.surefire.booter.ForkedBooter.main(ForkedBooter.java:495)
]]></system-out>
  </testcase>
</testsuite>